01-03 17:26 root         INFO     Verifying the input sequences.
01-03 17:26 root         INFO     Sequences are assumed to be single-end.
01-03 17:26 root         INFO     Temporary directory is: /tmp/itsxpress_zcxlaj6y
01-03 17:26 root         INFO     Unique sequences are being written to a temporary FASTA file with Vsearch.
01-03 17:26 root         INFO     vsearch v2.7.1_linux_x86_64, 15.6GB RAM, 4 cores
https://github.com/torognes/vsearch

Reading file DNA.CAC.CR5.ITS_S20_L001_R1_001.fastq 100%
3610159 nt in 13630 seqs, min 35, max 301, avg 265
minseqlength 32: 37 sequences discarded.
Dereplicating 100%
Sorting 100%
6907 unique sequences, avg cluster 2.0, median 1, max 862
Writing output file 100%
Writing uc file, first part 100%
Writing uc file, second part 100%

01-03 17:26 root         INFO     Searching for ITS start and stop sites using HMMSearch. This step takes a while.
01-03 17:27 root         INFO     Parsing HMM results.
01-03 17:27 root         INFO     Writing out sequences
01-03 17:27 root         DEBUG    No ITS stop or start sites were identified for sequence M05836:9:000000000-BRTMF:1:1101:25130:3007, skipping.
01-03 17:27 root         DEBUG    No ITS stop or start sites were identified for sequence M05836:9:000000000-BRTMF:1:1101:2295:9483, skipping.
01-03 17:27 root         DEBUG    No ITS stop or start sites were identified for sequence M05836:9:000000000-BRTMF:1:1101:19637:9577, skipping.
01-03 17:27 root         DEBUG    No ITS stop or start sites were identified for sequence M05836:9:000000000-BRTMF:1:1101:17298:9894, skipping.
01-03 17:27 root         DEBUG    No ITS stop or start sites were identified for sequence M05836:9:000000000-BRTMF:1:1101:15626:10544, skipping.
01-03 17:27 root         DEBUG    No ITS stop or start sites were identified for sequence M05836:9:000000000-BRTMF:1:1101:5100:12382, skipping.
01-03 17:27 root         DEBUG    No ITS stop or start sites were identified for sequence M05836:9:000000000-BRTMF:1:1101:21453:12551, skipping.
01-03 17:27 root         DEBUG    No ITS stop or start sites were identified for sequence M05836:9:000000000-BRTMF:1:1101:7154:18281, skipping.
01-03 17:27 root         DEBUG    No ITS stop or start sites were identified for sequence M05836:9:000000000-BRTMF:1:1101:9394:19791, skipping.
01-03 17:27 root         DEBUG    No ITS stop or start sites were identified for sequence M05836:9:000000000-BRTMF:1:1101:8739:24288, skipping.
01-03 17:27 root         DEBUG    No ITS stop or start sites were identified for sequence M05836:9:000000000-BRTMF:1:1101:12773:24573, skipping.
01-03 17:27 root         DEBUG    No ITS stop or start sites were identified for sequence M05836:9:000000000-BRTMF:1:1102:5916:6315, skipping.
01-03 17:27 root         DEBUG    No ITS stop or start sites were identified for sequence M05836:9:000000000-BRTMF:1:1102:20629:7392, skipping.
01-03 17:27 root         DEBUG    No ITS stop or start sites were identified for sequence M05836:9:000000000-BRTMF:1:1102:25764:8995, skipping.
01-03 17:27 root         DEBUG    No ITS stop or start sites were identified for sequence M05836:9:000000000-BRTMF:1:1102:7880:9442, skipping.
01-03 17:27 root         DEBUG    No ITS stop or start sites were identified for sequence M05836:9:000000000-BRTMF:1:1102:17655:13197, skipping.
01-03 17:27 root         DEBUG    No ITS stop or start sites were identified for sequence M05836:9:000000000-BRTMF:1:1102:20407:13871, skipping.
01-03 17:27 root         DEBUG    No ITS stop or start sites were identified for sequence M05836:9:000000000-BRTMF:1:1102:23697:14505, skipping.
01-03 17:27 root         DEBUG    No ITS stop or start sites were identified for sequence M05836:9:000000000-BRTMF:1:1102:2470:14600, skipping.
01-03 17:27 root         DEBUG    No ITS stop or start sites were identified for sequence M05836:9:000000000-BRTMF:1:1102:19127:14891, skipping.
01-03 17:27 root         DEBUG    No ITS stop or start sites were identified for sequence M05836:9:000000000-BRTMF:1:1102:27912:16456, skipping.
01-03 17:27 root         DEBUG    No ITS stop or start sites were identified for sequence M05836:9:000000000-BRTMF:1:1102:19965:17953, skipping.
01-03 17:27 root         DEBUG    No ITS stop or start sites were identified for sequence M05836:9:000000000-BRTMF:1:1102:5320:19257, skipping.
01-03 17:27 root         DEBUG    No ITS stop or start sites were identified for sequence M05836:9:000000000-BRTMF:1:1102:11556:20549, skipping.
01-03 17:27 root         DEBUG    No ITS stop or start sites were identified for sequence M05836:9:000000000-BRTMF:1:1102:17618:22898, skipping.
01-03 17:27 root         DEBUG    No ITS stop or start sites were identified for sequence M05836:9:000000000-BRTMF:1:1103:19632:4762, skipping.
01-03 17:27 root         DEBUG    No ITS stop or start sites were identified for sequence M05836:9:000000000-BRTMF:1:1103:24062:6916, skipping.
01-03 17:27 root         DEBUG    No ITS stop or start sites were identified for sequence M05836:9:000000000-BRTMF:1:1103:5592:8188, skipping.
01-03 17:27 root         DEBUG    No ITS stop or start sites were identified for sequence M05836:9:000000000-BRTMF:1:1103:7589:12505, skipping.
01-03 17:27 root         DEBUG    No ITS stop or start sites were identified for sequence M05836:9:000000000-BRTMF:1:1103:29706:13746, skipping.
01-03 17:27 root         DEBUG    No ITS stop or start sites were identified for sequence M05836:9:000000000-BRTMF:1:1103:18131:14006, skipping.
01-03 17:27 root         DEBUG    No ITS stop or start sites were identified for sequence M05836:9:000000000-BRTMF:1:1103:6607:18165, skipping.
01-03 17:27 root         DEBUG    No ITS stop or start sites were identified for sequence M05836:9:000000000-BRTMF:1:1103:14120:18429, skipping.
01-03 17:27 root         DEBUG    No ITS stop or start sites were identified for sequence M05836:9:000000000-BRTMF:1:1103:12733:18477, skipping.
01-03 17:27 root         DEBUG    No ITS stop or start sites were identified for sequence M05836:9:000000000-BRTMF:1:1103:20057:19710, skipping.
01-03 17:27 root         DEBUG    No ITS stop or start sites were identified for sequence M05836:9:000000000-BRTMF:1:1104:7555:1834, skipping.
01-03 17:27 root         DEBUG    No ITS stop or start sites were identified for sequence M05836:9:000000000-BRTMF:1:1104:8579:2851, skipping.
01-03 17:27 root         DEBUG    No ITS stop or start sites were identified for sequence M05836:9:000000000-BRTMF:1:1104:16786:3643, skipping.
01-03 17:27 root         DEBUG    No ITS stop or start sites were identified for sequence M05836:9:000000000-BRTMF:1:1104:23098:4882, skipping.
01-03 17:27 root         DEBUG    No ITS stop or start sites were identified for sequence M05836:9:000000000-BRTMF:1:1104:5524:8540, skipping.
01-03 17:27 root         DEBUG    No ITS stop or start sites were identified for sequence M05836:9:000000000-BRTMF:1:1104:10193:8857, skipping.
01-03 17:27 root         DEBUG    No ITS stop or start sites were identified for sequence M05836:9:000000000-BRTMF:1:1104:10027:9159, skipping.
01-03 17:27 root         DEBUG    No ITS stop or start sites were identified for sequence M05836:9:000000000-BRTMF:1:1104:15211:9758, skipping.
01-03 17:27 root         DEBUG    No ITS stop or start sites were identified for sequence M05836:9:000000000-BRTMF:1:1104:12495:10236, skipping.
01-03 17:27 root         DEBUG    No ITS stop or start sites were identified for sequence M05836:9:000000000-BRTMF:1:1104:9984:11503, skipping.
01-03 17:27 root         DEBUG    No ITS stop or start sites were identified for sequence M05836:9:000000000-BRTMF:1:1104:12149:17576, skipping.
01-03 17:27 root         DEBUG    No ITS stop or start sites were identified for sequence M05836:9:000000000-BRTMF:1:1104:7254:18601, skipping.
01-03 17:27 root         DEBUG    No ITS stop or start sites were identified for sequence M05836:9:000000000-BRTMF:1:1104:21130:24491, skipping.
01-03 17:27 root         DEBUG    No ITS stop or start sites were identified for sequence M05836:9:000000000-BRTMF:1:1105:15685:2156, skipping.
01-03 17:27 root         DEBUG    No ITS stop or start sites were identified for sequence M05836:9:000000000-BRTMF:1:1105:8022:3167, skipping.
01-03 17:27 root         DEBUG    No ITS stop or start sites were identified for sequence M05836:9:000000000-BRTMF:1:1105:21829:4760, skipping.
01-03 17:27 root         DEBUG    No ITS stop or start sites were identified for sequence M05836:9:000000000-BRTMF:1:1105:18952:5735, skipping.
01-03 17:27 root         DEBUG    No ITS stop or start sites were identified for sequence M05836:9:000000000-BRTMF:1:1105:8269:6875, skipping.
01-03 17:27 root         DEBUG    No ITS stop or start sites were identified for sequence M05836:9:000000000-BRTMF:1:1105:13805:7790, skipping.
01-03 17:27 root         DEBUG    No ITS stop or start sites were identified for sequence M05836:9:000000000-BRTMF:1:1105:14385:8501, skipping.
01-03 17:27 root         DEBUG    No ITS stop or start sites were identified for sequence M05836:9:000000000-BRTMF:1:1105:16495:10876, skipping.
01-03 17:27 root         DEBUG    No ITS stop or start sites were identified for sequence M05836:9:000000000-BRTMF:1:1105:15935:13224, skipping.
01-03 17:27 root         DEBUG    No ITS stop or start sites were identified for sequence M05836:9:000000000-BRTMF:1:1105:14048:14156, skipping.
01-03 17:27 root         DEBUG    No ITS stop or start sites were identified for sequence M05836:9:000000000-BRTMF:1:1105:25787:15174, skipping.
01-03 17:27 root         DEBUG    No ITS stop or start sites were identified for sequence M05836:9:000000000-BRTMF:1:1105:20821:17558, skipping.
01-03 17:27 root         DEBUG    No ITS stop or start sites were identified for sequence M05836:9:000000000-BRTMF:1:1105:20111:21384, skipping.
01-03 17:27 root         DEBUG    No ITS stop or start sites were identified for sequence M05836:9:000000000-BRTMF:1:1106:7238:3412, skipping.
01-03 17:27 root         DEBUG    No ITS stop or start sites were identified for sequence M05836:9:000000000-BRTMF:1:1106:18045:5884, skipping.
01-03 17:27 root         DEBUG    No ITS stop or start sites were identified for sequence M05836:9:000000000-BRTMF:1:1106:27425:5947, skipping.
01-03 17:27 root         DEBUG    No ITS stop or start sites were identified for sequence M05836:9:000000000-BRTMF:1:1106:28601:9926, skipping.
01-03 17:27 root         DEBUG    No ITS stop or start sites were identified for sequence M05836:9:000000000-BRTMF:1:1106:26532:16629, skipping.
01-03 17:27 root         DEBUG    No ITS stop or start sites were identified for sequence M05836:9:000000000-BRTMF:1:1106:24111:16833, skipping.
01-03 17:27 root         DEBUG    No ITS stop or start sites were identified for sequence M05836:9:000000000-BRTMF:1:1106:19746:19668, skipping.
01-03 17:27 root         DEBUG    No ITS stop or start sites were identified for sequence M05836:9:000000000-BRTMF:1:1106:6076:21599, skipping.
01-03 17:27 root         DEBUG    No ITS stop or start sites were identified for sequence M05836:9:000000000-BRTMF:1:1106:21050:24810, skipping.
01-03 17:27 root         DEBUG    No ITS stop or start sites were identified for sequence M05836:9:000000000-BRTMF:1:1107:15598:1806, skipping.
01-03 17:27 root         DEBUG    No ITS stop or start sites were identified for sequence M05836:9:000000000-BRTMF:1:1107:8092:1866, skipping.
01-03 17:27 root         DEBUG    No ITS stop or start sites were identified for sequence M05836:9:000000000-BRTMF:1:1107:16653:2837, skipping.
01-03 17:27 root         DEBUG    No ITS stop or start sites were identified for sequence M05836:9:000000000-BRTMF:1:1107:6497:3261, skipping.
01-03 17:27 root         DEBUG    No ITS stop or start sites were identified for sequence M05836:9:000000000-BRTMF:1:1101:2295:9483, skipping.
01-03 17:27 root         DEBUG    No ITS stop or start sites were identified for sequence M05836:9:000000000-BRTMF:1:1107:16717:5822, skipping.
01-03 17:27 root         DEBUG    No ITS stop or start sites were identified for sequence M05836:9:000000000-BRTMF:1:1107:19150:7498, skipping.
01-03 17:27 root         DEBUG    No ITS stop or start sites were identified for sequence M05836:9:000000000-BRTMF:1:1107:8605:8769, skipping.
01-03 17:27 root         DEBUG    No ITS stop or start sites were identified for sequence M05836:9:000000000-BRTMF:1:1107:12233:9137, skipping.
01-03 17:27 root         DEBUG    No ITS stop or start sites were identified for sequence M05836:9:000000000-BRTMF:1:1107:29287:9895, skipping.
01-03 17:27 root         DEBUG    No ITS stop or start sites were identified for sequence M05836:9:000000000-BRTMF:1:1107:14837:15208, skipping.
01-03 17:27 root         DEBUG    No ITS stop or start sites were identified for sequence M05836:9:000000000-BRTMF:1:1107:16281:15226, skipping.
01-03 17:27 root         DEBUG    No ITS stop or start sites were identified for sequence M05836:9:000000000-BRTMF:1:1107:3343:15401, skipping.
01-03 17:27 root         DEBUG    No ITS stop or start sites were identified for sequence M05836:9:000000000-BRTMF:1:1107:25782:16075, skipping.
01-03 17:27 root         DEBUG    No ITS stop or start sites were identified for sequence M05836:9:000000000-BRTMF:1:1107:19696:17529, skipping.
01-03 17:27 root         DEBUG    No ITS stop or start sites were identified for sequence M05836:9:000000000-BRTMF:1:1107:13753:22546, skipping.
01-03 17:27 root         DEBUG    No ITS stop or start sites were identified for sequence M05836:9:000000000-BRTMF:1:1107:21503:22625, skipping.
01-03 17:27 root         DEBUG    No ITS stop or start sites were identified for sequence M05836:9:000000000-BRTMF:1:1108:11738:1917, skipping.
01-03 17:27 root         DEBUG    No ITS stop or start sites were identified for sequence M05836:9:000000000-BRTMF:1:1108:15632:5524, skipping.
01-03 17:27 root         DEBUG    No ITS stop or start sites were identified for sequence M05836:9:000000000-BRTMF:1:1108:15184:5762, skipping.
01-03 17:27 root         DEBUG    No ITS stop or start sites were identified for sequence M05836:9:000000000-BRTMF:1:1108:15004:11140, skipping.
01-03 17:27 root         DEBUG    No ITS stop or start sites were identified for sequence M05836:9:000000000-BRTMF:1:1108:8341:14414, skipping.
01-03 17:27 root         DEBUG    No ITS stop or start sites were identified for sequence M05836:9:000000000-BRTMF:1:1108:27919:15223, skipping.
01-03 17:27 root         DEBUG    No ITS stop or start sites were identified for sequence M05836:9:000000000-BRTMF:1:1108:5683:15784, skipping.
01-03 17:27 root         DEBUG    No ITS stop or start sites were identified for sequence M05836:9:000000000-BRTMF:1:1108:26866:15988, skipping.
01-03 17:27 root         DEBUG    No ITS stop or start sites were identified for sequence M05836:9:000000000-BRTMF:1:1108:16763:16732, skipping.
01-03 17:27 root         DEBUG    No ITS stop or start sites were identified for sequence M05836:9:000000000-BRTMF:1:1108:3832:18173, skipping.
01-03 17:27 root         DEBUG    No ITS stop or start sites were identified for sequence M05836:9:000000000-BRTMF:1:1108:3827:18198, skipping.
01-03 17:27 root         DEBUG    No ITS stop or start sites were identified for sequence M05836:9:000000000-BRTMF:1:1108:21064:19597, skipping.
01-03 17:27 root         DEBUG    No ITS stop or start sites were identified for sequence M05836:9:000000000-BRTMF:1:1108:26915:20969, skipping.
01-03 17:27 root         DEBUG    No ITS stop or start sites were identified for sequence M05836:9:000000000-BRTMF:1:1109:3476:9846, skipping.
01-03 17:27 root         DEBUG    No ITS stop or start sites were identified for sequence M05836:9:000000000-BRTMF:1:1109:10195:10091, skipping.
01-03 17:27 root         DEBUG    No ITS stop or start sites were identified for sequence M05836:9:000000000-BRTMF:1:1109:22691:12179, skipping.
01-03 17:27 root         DEBUG    No ITS stop or start sites were identified for sequence M05836:9:000000000-BRTMF:1:1109:25880:12864, skipping.
01-03 17:27 root         DEBUG    No ITS stop or start sites were identified for sequence M05836:9:000000000-BRTMF:1:1109:17964:13166, skipping.
01-03 17:27 root         DEBUG    No ITS stop or start sites were identified for sequence M05836:9:000000000-BRTMF:1:1109:9777:15801, skipping.
01-03 17:27 root         DEBUG    No ITS stop or start sites were identified for sequence M05836:9:000000000-BRTMF:1:1109:6749:18309, skipping.
01-03 17:27 root         DEBUG    No ITS stop or start sites were identified for sequence M05836:9:000000000-BRTMF:1:1109:20401:20777, skipping.
01-03 17:27 root         DEBUG    No ITS stop or start sites were identified for sequence M05836:9:000000000-BRTMF:1:1110:22240:2184, skipping.
01-03 17:27 root         DEBUG    No ITS stop or start sites were identified for sequence M05836:9:000000000-BRTMF:1:1110:24893:6322, skipping.
01-03 17:27 root         DEBUG    No ITS stop or start sites were identified for sequence M05836:9:000000000-BRTMF:1:1110:6413:7610, skipping.
01-03 17:27 root         DEBUG    No ITS stop or start sites were identified for sequence M05836:9:000000000-BRTMF:1:1110:17887:8731, skipping.
01-03 17:27 root         DEBUG    No ITS stop or start sites were identified for sequence M05836:9:000000000-BRTMF:1:1110:27503:10682, skipping.
01-03 17:27 root         DEBUG    No ITS stop or start sites were identified for sequence M05836:9:000000000-BRTMF:1:1110:5118:11219, skipping.
01-03 17:27 root         DEBUG    No ITS stop or start sites were identified for sequence M05836:9:000000000-BRTMF:1:1110:17544:12692, skipping.
01-03 17:27 root         DEBUG    No ITS stop or start sites were identified for sequence M05836:9:000000000-BRTMF:1:1110:16960:12727, skipping.
01-03 17:27 root         DEBUG    No ITS stop or start sites were identified for sequence M05836:9:000000000-BRTMF:1:1110:28142:13044, skipping.
01-03 17:27 root         DEBUG    No ITS stop or start sites were identified for sequence M05836:9:000000000-BRTMF:1:1110:14894:15245, skipping.
01-03 17:27 root         DEBUG    No ITS stop or start sites were identified for sequence M05836:9:000000000-BRTMF:1:1110:5341:17499, skipping.
01-03 17:27 root         DEBUG    No ITS stop or start sites were identified for sequence M05836:9:000000000-BRTMF:1:1110:5499:18688, skipping.
01-03 17:27 root         DEBUG    No ITS stop or start sites were identified for sequence M05836:9:000000000-BRTMF:1:1110:22106:23452, skipping.
01-03 17:27 root         DEBUG    No ITS stop or start sites were identified for sequence M05836:9:000000000-BRTMF:1:1110:14711:23804, skipping.
01-03 17:27 root         DEBUG    No ITS stop or start sites were identified for sequence M05836:9:000000000-BRTMF:1:1111:24908:2785, skipping.
01-03 17:27 root         DEBUG    No ITS stop or start sites were identified for sequence M05836:9:000000000-BRTMF:1:1111:9401:4951, skipping.
01-03 17:27 root         DEBUG    No ITS stop or start sites were identified for sequence M05836:9:000000000-BRTMF:1:1111:3116:9428, skipping.
01-03 17:27 root         DEBUG    No ITS stop or start sites were identified for sequence M05836:9:000000000-BRTMF:1:1111:11413:9501, skipping.
01-03 17:27 root         DEBUG    No ITS stop or start sites were identified for sequence M05836:9:000000000-BRTMF:1:1111:23808:10200, skipping.
01-03 17:27 root         DEBUG    No ITS stop or start sites were identified for sequence M05836:9:000000000-BRTMF:1:1111:13133:16358, skipping.
01-03 17:27 root         DEBUG    No ITS stop or start sites were identified for sequence M05836:9:000000000-BRTMF:1:1111:20589:17573, skipping.
01-03 17:27 root         DEBUG    No ITS stop or start sites were identified for sequence M05836:9:000000000-BRTMF:1:1111:19806:17597, skipping.
01-03 17:27 root         DEBUG    No ITS stop or start sites were identified for sequence M05836:9:000000000-BRTMF:1:1111:9336:18245, skipping.
01-03 17:27 root         DEBUG    No ITS stop or start sites were identified for sequence M05836:9:000000000-BRTMF:1:1111:10522:18495, skipping.
01-03 17:27 root         DEBUG    No ITS stop or start sites were identified for sequence M05836:9:000000000-BRTMF:1:1111:18128:18952, skipping.
01-03 17:27 root         DEBUG    No ITS stop or start sites were identified for sequence M05836:9:000000000-BRTMF:1:1111:13205:21793, skipping.
01-03 17:27 root         DEBUG    No ITS stop or start sites were identified for sequence M05836:9:000000000-BRTMF:1:1112:22264:3216, skipping.
01-03 17:27 root         DEBUG    No ITS stop or start sites were identified for sequence M05836:9:000000000-BRTMF:1:1112:10650:7574, skipping.
01-03 17:27 root         DEBUG    No ITS stop or start sites were identified for sequence M05836:9:000000000-BRTMF:1:1112:4329:8503, skipping.
01-03 17:27 root         DEBUG    No ITS stop or start sites were identified for sequence M05836:9:000000000-BRTMF:1:1112:18858:12554, skipping.
01-03 17:27 root         DEBUG    No ITS stop or start sites were identified for sequence M05836:9:000000000-BRTMF:1:1112:12600:18279, skipping.
01-03 17:27 root         DEBUG    No ITS stop or start sites were identified for sequence M05836:9:000000000-BRTMF:1:1113:23079:5009, skipping.
01-03 17:27 root         DEBUG    No ITS stop or start sites were identified for sequence M05836:9:000000000-BRTMF:1:1113:24705:5420, skipping.
01-03 17:27 root         DEBUG    No ITS stop or start sites were identified for sequence M05836:9:000000000-BRTMF:1:1113:21835:11971, skipping.
01-03 17:27 root         DEBUG    No ITS stop or start sites were identified for sequence M05836:9:000000000-BRTMF:1:1113:23647:12927, skipping.
01-03 17:27 root         DEBUG    No ITS stop or start sites were identified for sequence M05836:9:000000000-BRTMF:1:1113:25026:23657, skipping.
01-03 17:27 root         DEBUG    No ITS stop or start sites were identified for sequence M05836:9:000000000-BRTMF:1:1114:12825:2852, skipping.
01-03 17:27 root         DEBUG    No ITS stop or start sites were identified for sequence M05836:9:000000000-BRTMF:1:1114:6430:5971, skipping.
01-03 17:27 root         DEBUG    No ITS stop or start sites were identified for sequence M05836:9:000000000-BRTMF:1:1114:4364:6553, skipping.
01-03 17:27 root         DEBUG    No ITS stop or start sites were identified for sequence M05836:9:000000000-BRTMF:1:1114:26797:7540, skipping.
01-03 17:27 root         DEBUG    No ITS stop or start sites were identified for sequence M05836:9:000000000-BRTMF:1:1114:27613:9509, skipping.
01-03 17:27 root         DEBUG    No ITS stop or start sites were identified for sequence M05836:9:000000000-BRTMF:1:1114:6916:12623, skipping.
01-03 17:27 root         DEBUG    No ITS stop or start sites were identified for sequence M05836:9:000000000-BRTMF:1:1114:8282:16069, skipping.
01-03 17:27 root         DEBUG    No ITS stop or start sites were identified for sequence M05836:9:000000000-BRTMF:1:1114:23434:19228, skipping.
01-03 17:27 root         DEBUG    No ITS stop or start sites were identified for sequence M05836:9:000000000-BRTMF:1:1114:24261:21460, skipping.
01-03 17:27 root         DEBUG    No ITS stop or start sites were identified for sequence M05836:9:000000000-BRTMF:1:1115:16417:6908, skipping.
01-03 17:27 root         DEBUG    No ITS stop or start sites were identified for sequence M05836:9:000000000-BRTMF:1:1115:16437:6913, skipping.
01-03 17:27 root         DEBUG    No ITS stop or start sites were identified for sequence M05836:9:000000000-BRTMF:1:1115:23609:7184, skipping.
01-03 17:27 root         DEBUG    No ITS stop or start sites were identified for sequence M05836:9:000000000-BRTMF:1:1115:19812:9627, skipping.
01-03 17:27 root         DEBUG    No ITS stop or start sites were identified for sequence M05836:9:000000000-BRTMF:1:1115:3072:10108, skipping.
01-03 17:27 root         DEBUG    No ITS stop or start sites were identified for sequence M05836:9:000000000-BRTMF:1:1115:13996:10466, skipping.
01-03 17:27 root         DEBUG    No ITS stop or start sites were identified for sequence M05836:9:000000000-BRTMF:1:1115:21078:14219, skipping.
01-03 17:27 root         DEBUG    No ITS stop or start sites were identified for sequence M05836:9:000000000-BRTMF:1:1115:8664:15099, skipping.
01-03 17:27 root         DEBUG    No ITS stop or start sites were identified for sequence M05836:9:000000000-BRTMF:1:1115:15078:15500, skipping.
01-03 17:27 root         DEBUG    No ITS stop or start sites were identified for sequence M05836:9:000000000-BRTMF:1:1115:22159:15559, skipping.
01-03 17:27 root         DEBUG    No ITS stop or start sites were identified for sequence M05836:9:000000000-BRTMF:1:1115:12620:17788, skipping.
01-03 17:27 root         DEBUG    No ITS stop or start sites were identified for sequence M05836:9:000000000-BRTMF:1:1115:9433:17807, skipping.
01-03 17:27 root         DEBUG    No ITS stop or start sites were identified for sequence M05836:9:000000000-BRTMF:1:1115:12626:17812, skipping.
01-03 17:27 root         DEBUG    No ITS stop or start sites were identified for sequence M05836:9:000000000-BRTMF:1:1115:12726:20372, skipping.
01-03 17:27 root         DEBUG    No ITS stop or start sites were identified for sequence M05836:9:000000000-BRTMF:1:1116:13110:6798, skipping.
01-03 17:27 root         DEBUG    No ITS stop or start sites were identified for sequence M05836:9:000000000-BRTMF:1:1116:19776:13241, skipping.
01-03 17:27 root         DEBUG    No ITS stop or start sites were identified for sequence M05836:9:000000000-BRTMF:1:1116:19793:13257, skipping.
01-03 17:27 root         DEBUG    No ITS stop or start sites were identified for sequence M05836:9:000000000-BRTMF:1:1116:24506:13614, skipping.
01-03 17:27 root         DEBUG    No ITS stop or start sites were identified for sequence M05836:9:000000000-BRTMF:1:1116:9299:19966, skipping.
01-03 17:27 root         DEBUG    No ITS stop or start sites were identified for sequence M05836:9:000000000-BRTMF:1:1116:17921:22156, skipping.
01-03 17:27 root         DEBUG    No ITS stop or start sites were identified for sequence M05836:9:000000000-BRTMF:1:1116:22699:25024, skipping.
01-03 17:27 root         DEBUG    No ITS stop or start sites were identified for sequence M05836:9:000000000-BRTMF:1:1117:16471:3037, skipping.
01-03 17:27 root         DEBUG    No ITS stop or start sites were identified for sequence M05836:9:000000000-BRTMF:1:1117:21809:6344, skipping.
01-03 17:27 root         DEBUG    No ITS stop or start sites were identified for sequence M05836:9:000000000-BRTMF:1:1117:19560:9566, skipping.
01-03 17:27 root         DEBUG    No ITS stop or start sites were identified for sequence M05836:9:000000000-BRTMF:1:1117:7346:9978, skipping.
01-03 17:27 root         DEBUG    No ITS stop or start sites were identified for sequence M05836:9:000000000-BRTMF:1:1117:27346:12919, skipping.
01-03 17:27 root         DEBUG    No ITS stop or start sites were identified for sequence M05836:9:000000000-BRTMF:1:1117:8778:13327, skipping.
01-03 17:27 root         DEBUG    No ITS stop or start sites were identified for sequence M05836:9:000000000-BRTMF:1:1117:11944:17989, skipping.
01-03 17:27 root         DEBUG    No ITS stop or start sites were identified for sequence M05836:9:000000000-BRTMF:1:1117:21720:23477, skipping.
01-03 17:27 root         DEBUG    No ITS stop or start sites were identified for sequence M05836:9:000000000-BRTMF:1:1118:25672:3529, skipping.
01-03 17:27 root         DEBUG    No ITS stop or start sites were identified for sequence M05836:9:000000000-BRTMF:1:1118:24160:11333, skipping.
01-03 17:27 root         DEBUG    No ITS stop or start sites were identified for sequence M05836:9:000000000-BRTMF:1:1118:17114:12646, skipping.
01-03 17:27 root         DEBUG    No ITS stop or start sites were identified for sequence M05836:9:000000000-BRTMF:1:1118:14312:15084, skipping.
01-03 17:27 root         DEBUG    No ITS stop or start sites were identified for sequence M05836:9:000000000-BRTMF:1:1118:19100:23726, skipping.
01-03 17:27 root         DEBUG    No ITS stop or start sites were identified for sequence M05836:9:000000000-BRTMF:1:1119:25960:5627, skipping.
01-03 17:27 root         DEBUG    No ITS stop or start sites were identified for sequence M05836:9:000000000-BRTMF:1:1119:21189:5750, skipping.
01-03 17:27 root         DEBUG    No ITS stop or start sites were identified for sequence M05836:9:000000000-BRTMF:1:1119:10043:6496, skipping.
01-03 17:27 root         DEBUG    No ITS stop or start sites were identified for sequence M05836:9:000000000-BRTMF:1:1119:25576:7451, skipping.
01-03 17:27 root         DEBUG    No ITS stop or start sites were identified for sequence M05836:9:000000000-BRTMF:1:1119:12771:9919, skipping.
01-03 17:27 root         DEBUG    No ITS stop or start sites were identified for sequence M05836:9:000000000-BRTMF:1:1119:26596:11156, skipping.
01-03 17:27 root         DEBUG    No ITS stop or start sites were identified for sequence M05836:9:000000000-BRTMF:1:1119:10811:11583, skipping.
01-03 17:27 root         DEBUG    No ITS stop or start sites were identified for sequence M05836:9:000000000-BRTMF:1:1119:2138:12222, skipping.
01-03 17:27 root         DEBUG    No ITS stop or start sites were identified for sequence M05836:9:000000000-BRTMF:1:1119:12673:13420, skipping.
01-03 17:27 root         DEBUG    No ITS stop or start sites were identified for sequence M05836:9:000000000-BRTMF:1:1119:12613:15758, skipping.
01-03 17:27 root         DEBUG    No ITS stop or start sites were identified for sequence M05836:9:000000000-BRTMF:1:1119:22277:17499, skipping.
01-03 17:27 root         DEBUG    No ITS stop or start sites were identified for sequence M05836:9:000000000-BRTMF:1:1119:16258:19982, skipping.
01-03 17:27 root         DEBUG    No ITS stop or start sites were identified for sequence M05836:9:000000000-BRTMF:1:1119:21707:23372, skipping.
01-03 17:27 root         DEBUG    No ITS stop or start sites were identified for sequence M05836:9:000000000-BRTMF:1:2101:24467:6806, skipping.
01-03 17:27 root         DEBUG    No ITS stop or start sites were identified for sequence M05836:9:000000000-BRTMF:1:2101:4892:7547, skipping.
01-03 17:27 root         DEBUG    No ITS stop or start sites were identified for sequence M05836:9:000000000-BRTMF:1:2101:9588:8264, skipping.
01-03 17:27 root         DEBUG    No ITS stop or start sites were identified for sequence M05836:9:000000000-BRTMF:1:2101:2126:13733, skipping.
01-03 17:27 root         DEBUG    No ITS stop or start sites were identified for sequence M05836:9:000000000-BRTMF:1:2101:13419:16398, skipping.
01-03 17:27 root         DEBUG    No ITS stop or start sites were identified for sequence M05836:9:000000000-BRTMF:1:2101:3664:17222, skipping.
01-03 17:27 root         DEBUG    No ITS stop or start sites were identified for sequence M05836:9:000000000-BRTMF:1:2101:7477:17286, skipping.
01-03 17:27 root         DEBUG    No ITS stop or start sites were identified for sequence M05836:9:000000000-BRTMF:1:2102:26227:4309, skipping.
01-03 17:27 root         DEBUG    No ITS stop or start sites were identified for sequence M05836:9:000000000-BRTMF:1:2102:19178:10083, skipping.
01-03 17:27 root         DEBUG    No ITS stop or start sites were identified for sequence M05836:9:000000000-BRTMF:1:2102:19155:10085, skipping.
01-03 17:27 root         DEBUG    No ITS stop or start sites were identified for sequence M05836:9:000000000-BRTMF:1:2102:29347:11840, skipping.
01-03 17:27 root         DEBUG    No ITS stop or start sites were identified for sequence M05836:9:000000000-BRTMF:1:2102:28805:13476, skipping.
01-03 17:27 root         DEBUG    No ITS stop or start sites were identified for sequence M05836:9:000000000-BRTMF:1:1101:17298:9894, skipping.
01-03 17:27 root         DEBUG    No ITS stop or start sites were identified for sequence M05836:9:000000000-BRTMF:1:2102:6458:14429, skipping.
01-03 17:27 root         DEBUG    No ITS stop or start sites were identified for sequence M05836:9:000000000-BRTMF:1:2102:24607:14628, skipping.
01-03 17:27 root         DEBUG    No ITS stop or start sites were identified for sequence M05836:9:000000000-BRTMF:1:2102:21719:15768, skipping.
01-03 17:27 root         DEBUG    No ITS stop or start sites were identified for sequence M05836:9:000000000-BRTMF:1:2102:16622:16205, skipping.
01-03 17:27 root         DEBUG    No ITS stop or start sites were identified for sequence M05836:9:000000000-BRTMF:1:2102:28393:17773, skipping.
01-03 17:27 root         DEBUG    No ITS stop or start sites were identified for sequence M05836:9:000000000-BRTMF:1:2102:17080:23087, skipping.
01-03 17:27 root         DEBUG    No ITS stop or start sites were identified for sequence M05836:9:000000000-BRTMF:1:2103:25017:2929, skipping.
01-03 17:27 root         DEBUG    No ITS stop or start sites were identified for sequence M05836:9:000000000-BRTMF:1:2103:19104:4564, skipping.
01-03 17:27 root         DEBUG    No ITS stop or start sites were identified for sequence M05836:9:000000000-BRTMF:1:2103:8362:4908, skipping.
01-03 17:27 root         DEBUG    No ITS stop or start sites were identified for sequence M05836:9:000000000-BRTMF:1:2103:21773:7754, skipping.
01-03 17:27 root         DEBUG    No ITS stop or start sites were identified for sequence M05836:9:000000000-BRTMF:1:2103:16087:12205, skipping.
01-03 17:27 root         DEBUG    No ITS stop or start sites were identified for sequence M05836:9:000000000-BRTMF:1:2103:16096:12221, skipping.
01-03 17:27 root         DEBUG    No ITS stop or start sites were identified for sequence M05836:9:000000000-BRTMF:1:2103:17139:12930, skipping.
01-03 17:27 root         DEBUG    No ITS stop or start sites were identified for sequence M05836:9:000000000-BRTMF:1:2103:3929:15474, skipping.
01-03 17:27 root         DEBUG    No ITS stop or start sites were identified for sequence M05836:9:000000000-BRTMF:1:2103:23197:16340, skipping.
01-03 17:27 root         DEBUG    No ITS stop or start sites were identified for sequence M05836:9:000000000-BRTMF:1:2103:17300:20751, skipping.
01-03 17:27 root         DEBUG    No ITS stop or start sites were identified for sequence M05836:9:000000000-BRTMF:1:2103:14251:21522, skipping.
01-03 17:27 root         DEBUG    No ITS stop or start sites were identified for sequence M05836:9:000000000-BRTMF:1:2104:7081:3873, skipping.
01-03 17:27 root         DEBUG    No ITS stop or start sites were identified for sequence M05836:9:000000000-BRTMF:1:2104:25954:4128, skipping.
01-03 17:27 root         DEBUG    No ITS stop or start sites were identified for sequence M05836:9:000000000-BRTMF:1:2104:20592:5017, skipping.
01-03 17:27 root         DEBUG    No ITS stop or start sites were identified for sequence M05836:9:000000000-BRTMF:1:2104:12639:5085, skipping.
01-03 17:27 root         DEBUG    No ITS stop or start sites were identified for sequence M05836:9:000000000-BRTMF:1:2104:3497:6423, skipping.
01-03 17:27 root         DEBUG    No ITS stop or start sites were identified for sequence M05836:9:000000000-BRTMF:1:2104:13632:7839, skipping.
01-03 17:27 root         DEBUG    No ITS stop or start sites were identified for sequence M05836:9:000000000-BRTMF:1:2104:6981:13874, skipping.
01-03 17:27 root         DEBUG    No ITS stop or start sites were identified for sequence M05836:9:000000000-BRTMF:1:2104:5417:20935, skipping.
01-03 17:27 root         DEBUG    No ITS stop or start sites were identified for sequence M05836:9:000000000-BRTMF:1:2104:11306:22654, skipping.
01-03 17:27 root         DEBUG    No ITS stop or start sites were identified for sequence M05836:9:000000000-BRTMF:1:2104:11318:22916, skipping.
01-03 17:27 root         DEBUG    No ITS stop or start sites were identified for sequence M05836:9:000000000-BRTMF:1:2105:15131:2490, skipping.
01-03 17:27 root         DEBUG    No ITS stop or start sites were identified for sequence M05836:9:000000000-BRTMF:1:2105:26243:6820, skipping.
01-03 17:27 root         DEBUG    No ITS stop or start sites were identified for sequence M05836:9:000000000-BRTMF:1:2105:18158:7026, skipping.
01-03 17:27 root         DEBUG    No ITS stop or start sites were identified for sequence M05836:9:000000000-BRTMF:1:2105:21097:9055, skipping.
01-03 17:27 root         DEBUG    No ITS stop or start sites were identified for sequence M05836:9:000000000-BRTMF:1:2105:9657:9430, skipping.
01-03 17:27 root         DEBUG    No ITS stop or start sites were identified for sequence M05836:9:000000000-BRTMF:1:2105:22705:10292, skipping.
01-03 17:27 root         DEBUG    No ITS stop or start sites were identified for sequence M05836:9:000000000-BRTMF:1:1103:6607:18165, skipping.
01-03 17:27 root         DEBUG    No ITS stop or start sites were identified for sequence M05836:9:000000000-BRTMF:1:2105:16026:13407, skipping.
01-03 17:27 root         DEBUG    No ITS stop or start sites were identified for sequence M05836:9:000000000-BRTMF:1:2105:13893:14139, skipping.
01-03 17:27 root         DEBUG    No ITS stop or start sites were identified for sequence M05836:9:000000000-BRTMF:1:2105:3205:14779, skipping.
01-03 17:27 root         DEBUG    No ITS stop or start sites were identified for sequence M05836:9:000000000-BRTMF:1:2105:7483:17026, skipping.
01-03 17:27 root         DEBUG    No ITS stop or start sites were identified for sequence M05836:9:000000000-BRTMF:1:2105:17994:18585, skipping.
01-03 17:27 root         DEBUG    No ITS stop or start sites were identified for sequence M05836:9:000000000-BRTMF:1:2105:6113:21891, skipping.
01-03 17:27 root         DEBUG    No ITS stop or start sites were identified for sequence M05836:9:000000000-BRTMF:1:2106:8552:3480, skipping.
01-03 17:27 root         DEBUG    No ITS stop or start sites were identified for sequence M05836:9:000000000-BRTMF:1:2106:23425:5032, skipping.
01-03 17:27 root         DEBUG    No ITS stop or start sites were identified for sequence M05836:9:000000000-BRTMF:1:2106:17519:7129, skipping.
01-03 17:27 root         DEBUG    No ITS stop or start sites were identified for sequence M05836:9:000000000-BRTMF:1:2106:12490:7929, skipping.
01-03 17:27 root         DEBUG    No ITS stop or start sites were identified for sequence M05836:9:000000000-BRTMF:1:2106:20311:10212, skipping.
01-03 17:27 root         DEBUG    No ITS stop or start sites were identified for sequence M05836:9:000000000-BRTMF:1:2106:4980:10854, skipping.
01-03 17:27 root         DEBUG    No ITS stop or start sites were identified for sequence M05836:9:000000000-BRTMF:1:2106:25594:15144, skipping.
01-03 17:27 root         DEBUG    No ITS stop or start sites were identified for sequence M05836:9:000000000-BRTMF:1:2106:21576:18579, skipping.
01-03 17:27 root         DEBUG    No ITS stop or start sites were identified for sequence M05836:9:000000000-BRTMF:1:2106:22237:23644, skipping.
01-03 17:27 root         DEBUG    No ITS stop or start sites were identified for sequence M05836:9:000000000-BRTMF:1:2107:17762:3933, skipping.
01-03 17:27 root         DEBUG    No ITS stop or start sites were identified for sequence M05836:9:000000000-BRTMF:1:2107:19553:5953, skipping.
01-03 17:27 root         DEBUG    No ITS stop or start sites were identified for sequence M05836:9:000000000-BRTMF:1:2107:22950:10275, skipping.
01-03 17:27 root         DEBUG    No ITS stop or start sites were identified for sequence M05836:9:000000000-BRTMF:1:2107:9397:11729, skipping.
01-03 17:27 root         DEBUG    No ITS stop or start sites were identified for sequence M05836:9:000000000-BRTMF:1:2107:14456:13773, skipping.
01-03 17:27 root         DEBUG    No ITS stop or start sites were identified for sequence M05836:9:000000000-BRTMF:1:2107:6385:14234, skipping.
01-03 17:27 root         DEBUG    No ITS stop or start sites were identified for sequence M05836:9:000000000-BRTMF:1:2107:28773:15020, skipping.
01-03 17:27 root         DEBUG    No ITS stop or start sites were identified for sequence M05836:9:000000000-BRTMF:1:2107:23622:17585, skipping.
01-03 17:27 root         DEBUG    No ITS stop or start sites were identified for sequence M05836:9:000000000-BRTMF:1:2107:21633:19547, skipping.
01-03 17:27 root         DEBUG    No ITS stop or start sites were identified for sequence M05836:9:000000000-BRTMF:1:2107:7636:20355, skipping.
01-03 17:27 root         DEBUG    No ITS stop or start sites were identified for sequence M05836:9:000000000-BRTMF:1:2108:23302:2419, skipping.
01-03 17:27 root         DEBUG    No ITS stop or start sites were identified for sequence M05836:9:000000000-BRTMF:1:2108:14625:2426, skipping.
01-03 17:27 root         DEBUG    No ITS stop or start sites were identified for sequence M05836:9:000000000-BRTMF:1:2108:8600:10542, skipping.
01-03 17:27 root         DEBUG    No ITS stop or start sites were identified for sequence M05836:9:000000000-BRTMF:1:2108:18494:11348, skipping.
01-03 17:27 root         DEBUG    No ITS stop or start sites were identified for sequence M05836:9:000000000-BRTMF:1:2108:2305:16813, skipping.
01-03 17:27 root         DEBUG    No ITS stop or start sites were identified for sequence M05836:9:000000000-BRTMF:1:2108:19111:17565, skipping.
01-03 17:27 root         DEBUG    No ITS stop or start sites were identified for sequence M05836:9:000000000-BRTMF:1:2108:12939:17592, skipping.
01-03 17:27 root         DEBUG    No ITS stop or start sites were identified for sequence M05836:9:000000000-BRTMF:1:2108:22363:20449, skipping.
01-03 17:27 root         DEBUG    No ITS stop or start sites were identified for sequence M05836:9:000000000-BRTMF:1:2108:11174:20449, skipping.
01-03 17:27 root         DEBUG    No ITS stop or start sites were identified for sequence M05836:9:000000000-BRTMF:1:2108:22354:20466, skipping.
01-03 17:27 root         DEBUG    No ITS stop or start sites were identified for sequence M05836:9:000000000-BRTMF:1:2108:16028:23162, skipping.
01-03 17:27 root         DEBUG    No ITS stop or start sites were identified for sequence M05836:9:000000000-BRTMF:1:2108:9354:23897, skipping.
01-03 17:27 root         DEBUG    No ITS stop or start sites were identified for sequence M05836:9:000000000-BRTMF:1:2109:19513:1675, skipping.
01-03 17:27 root         DEBUG    No ITS stop or start sites were identified for sequence M05836:9:000000000-BRTMF:1:1102:5320:19257, skipping.
01-03 17:27 root         DEBUG    No ITS stop or start sites were identified for sequence M05836:9:000000000-BRTMF:1:2109:11932:3192, skipping.
01-03 17:27 root         DEBUG    No ITS stop or start sites were identified for sequence M05836:9:000000000-BRTMF:1:2109:8700:9864, skipping.
01-03 17:27 root         DEBUG    No ITS stop or start sites were identified for sequence M05836:9:000000000-BRTMF:1:2109:6105:11558, skipping.
01-03 17:27 root         DEBUG    No ITS stop or start sites were identified for sequence M05836:9:000000000-BRTMF:1:2109:16813:11910, skipping.
01-03 17:27 root         DEBUG    No ITS stop or start sites were identified for sequence M05836:9:000000000-BRTMF:1:2109:17841:17833, skipping.
01-03 17:27 root         DEBUG    No ITS stop or start sites were identified for sequence M05836:9:000000000-BRTMF:1:2109:14695:22056, skipping.
01-03 17:27 root         DEBUG    No ITS stop or start sites were identified for sequence M05836:9:000000000-BRTMF:1:2102:19178:10083, skipping.
01-03 17:27 root         DEBUG    No ITS stop or start sites were identified for sequence M05836:9:000000000-BRTMF:1:2110:18541:7712, skipping.
01-03 17:27 root         DEBUG    No ITS stop or start sites were identified for sequence M05836:9:000000000-BRTMF:1:2110:18902:8295, skipping.
01-03 17:27 root         DEBUG    No ITS stop or start sites were identified for sequence M05836:9:000000000-BRTMF:1:2110:5137:10154, skipping.
01-03 17:27 root         DEBUG    No ITS stop or start sites were identified for sequence M05836:9:000000000-BRTMF:1:2110:10627:10434, skipping.
01-03 17:27 root         DEBUG    No ITS stop or start sites were identified for sequence M05836:9:000000000-BRTMF:1:2110:24914:10545, skipping.
01-03 17:27 root         DEBUG    No ITS stop or start sites were identified for sequence M05836:9:000000000-BRTMF:1:2110:2476:10913, skipping.
01-03 17:27 root         DEBUG    No ITS stop or start sites were identified for sequence M05836:9:000000000-BRTMF:1:2110:19873:12412, skipping.
01-03 17:27 root         DEBUG    No ITS stop or start sites were identified for sequence M05836:9:000000000-BRTMF:1:1103:6607:18165, skipping.
01-03 17:27 root         DEBUG    No ITS stop or start sites were identified for sequence M05836:9:000000000-BRTMF:1:2110:22644:14106, skipping.
01-03 17:27 root         DEBUG    No ITS stop or start sites were identified for sequence M05836:9:000000000-BRTMF:1:2110:10556:15067, skipping.
01-03 17:27 root         DEBUG    No ITS stop or start sites were identified for sequence M05836:9:000000000-BRTMF:1:2110:17461:16545, skipping.
01-03 17:27 root         DEBUG    No ITS stop or start sites were identified for sequence M05836:9:000000000-BRTMF:1:2110:22572:21019, skipping.
01-03 17:27 root         DEBUG    No ITS stop or start sites were identified for sequence M05836:9:000000000-BRTMF:1:2110:11288:23405, skipping.
01-03 17:27 root         DEBUG    No ITS stop or start sites were identified for sequence M05836:9:000000000-BRTMF:1:2111:9694:2029, skipping.
01-03 17:27 root         DEBUG    No ITS stop or start sites were identified for sequence M05836:9:000000000-BRTMF:1:2111:19828:2071, skipping.
01-03 17:27 root         DEBUG    No ITS stop or start sites were identified for sequence M05836:9:000000000-BRTMF:1:2111:13739:5717, skipping.
01-03 17:27 root         DEBUG    No ITS stop or start sites were identified for sequence M05836:9:000000000-BRTMF:1:2111:18162:10353, skipping.
01-03 17:27 root         DEBUG    No ITS stop or start sites were identified for sequence M05836:9:000000000-BRTMF:1:1110:17887:8731, skipping.
01-03 17:27 root         DEBUG    No ITS stop or start sites were identified for sequence M05836:9:000000000-BRTMF:1:2111:7392:11209, skipping.
01-03 17:27 root         DEBUG    No ITS stop or start sites were identified for sequence M05836:9:000000000-BRTMF:1:2111:16570:12673, skipping.
01-03 17:27 root         DEBUG    No ITS stop or start sites were identified for sequence M05836:9:000000000-BRTMF:1:2111:27631:14603, skipping.
01-03 17:27 root         DEBUG    No ITS stop or start sites were identified for sequence M05836:9:000000000-BRTMF:1:2111:16051:14890, skipping.
01-03 17:27 root         DEBUG    No ITS stop or start sites were identified for sequence M05836:9:000000000-BRTMF:1:2111:23261:15986, skipping.
01-03 17:27 root         DEBUG    No ITS stop or start sites were identified for sequence M05836:9:000000000-BRTMF:1:2111:13425:16039, skipping.
01-03 17:27 root         DEBUG    No ITS stop or start sites were identified for sequence M05836:9:000000000-BRTMF:1:2112:15642:5087, skipping.
01-03 17:27 root         DEBUG    No ITS stop or start sites were identified for sequence M05836:9:000000000-BRTMF:1:2112:4939:12296, skipping.
01-03 17:27 root         DEBUG    No ITS stop or start sites were identified for sequence M05836:9:000000000-BRTMF:1:2112:21017:14347, skipping.
01-03 17:27 root         DEBUG    No ITS stop or start sites were identified for sequence M05836:9:000000000-BRTMF:1:2112:6692:14862, skipping.
01-03 17:27 root         DEBUG    No ITS stop or start sites were identified for sequence M05836:9:000000000-BRTMF:1:2112:3723:15666, skipping.
01-03 17:27 root         DEBUG    No ITS stop or start sites were identified for sequence M05836:9:000000000-BRTMF:1:2112:14917:15956, skipping.
01-03 17:27 root         DEBUG    No ITS stop or start sites were identified for sequence M05836:9:000000000-BRTMF:1:2112:16081:16296, skipping.
01-03 17:27 root         DEBUG    No ITS stop or start sites were identified for sequence M05836:9:000000000-BRTMF:1:2112:6285:16664, skipping.
01-03 17:27 root         DEBUG    No ITS stop or start sites were identified for sequence M05836:9:000000000-BRTMF:1:2112:20117:18820, skipping.
01-03 17:27 root         DEBUG    No ITS stop or start sites were identified for sequence M05836:9:000000000-BRTMF:1:2112:12936:19419, skipping.
01-03 17:27 root         DEBUG    No ITS stop or start sites were identified for sequence M05836:9:000000000-BRTMF:1:2112:23371:24093, skipping.
01-03 17:27 root         DEBUG    No ITS stop or start sites were identified for sequence M05836:9:000000000-BRTMF:1:2113:15193:1741, skipping.
01-03 17:27 root         DEBUG    No ITS stop or start sites were identified for sequence M05836:9:000000000-BRTMF:1:2113:7885:7329, skipping.
01-03 17:27 root         DEBUG    No ITS stop or start sites were identified for sequence M05836:9:000000000-BRTMF:1:2113:20807:7332, skipping.
01-03 17:27 root         DEBUG    No ITS stop or start sites were identified for sequence M05836:9:000000000-BRTMF:1:2113:18393:7875, skipping.
01-03 17:27 root         DEBUG    No ITS stop or start sites were identified for sequence M05836:9:000000000-BRTMF:1:2113:3555:7884, skipping.
01-03 17:27 root         DEBUG    No ITS stop or start sites were identified for sequence M05836:9:000000000-BRTMF:1:2113:8851:8416, skipping.
01-03 17:27 root         DEBUG    No ITS stop or start sites were identified for sequence M05836:9:000000000-BRTMF:1:2113:11704:10594, skipping.
01-03 17:27 root         DEBUG    No ITS stop or start sites were identified for sequence M05836:9:000000000-BRTMF:1:2113:12179:10796, skipping.
01-03 17:27 root         DEBUG    No ITS stop or start sites were identified for sequence M05836:9:000000000-BRTMF:1:2113:9340:11840, skipping.
01-03 17:27 root         DEBUG    No ITS stop or start sites were identified for sequence M05836:9:000000000-BRTMF:1:2113:12820:20006, skipping.
01-03 17:27 root         DEBUG    No ITS stop or start sites were identified for sequence M05836:9:000000000-BRTMF:1:2113:25613:21464, skipping.
01-03 17:27 root         DEBUG    No ITS stop or start sites were identified for sequence M05836:9:000000000-BRTMF:1:2113:25628:21474, skipping.
01-03 17:27 root         DEBUG    No ITS stop or start sites were identified for sequence M05836:9:000000000-BRTMF:1:2113:6237:23438, skipping.
01-03 17:27 root         DEBUG    No ITS stop or start sites were identified for sequence M05836:9:000000000-BRTMF:1:2114:23122:3116, skipping.
01-03 17:27 root         DEBUG    No ITS stop or start sites were identified for sequence M05836:9:000000000-BRTMF:1:2114:5910:4586, skipping.
01-03 17:27 root         DEBUG    No ITS stop or start sites were identified for sequence M05836:9:000000000-BRTMF:1:2114:15570:5777, skipping.
01-03 17:27 root         DEBUG    No ITS stop or start sites were identified for sequence M05836:9:000000000-BRTMF:1:2114:15576:5795, skipping.
01-03 17:27 root         DEBUG    No ITS stop or start sites were identified for sequence M05836:9:000000000-BRTMF:1:2114:20578:11180, skipping.
01-03 17:27 root         DEBUG    No ITS stop or start sites were identified for sequence M05836:9:000000000-BRTMF:1:2114:19669:12507, skipping.
01-03 17:27 root         DEBUG    No ITS stop or start sites were identified for sequence M05836:9:000000000-BRTMF:1:2114:4547:13839, skipping.
01-03 17:27 root         DEBUG    No ITS stop or start sites were identified for sequence M05836:9:000000000-BRTMF:1:2114:11434:14332, skipping.
01-03 17:27 root         DEBUG    No ITS stop or start sites were identified for sequence M05836:9:000000000-BRTMF:1:2114:11192:15151, skipping.
01-03 17:27 root         DEBUG    No ITS stop or start sites were identified for sequence M05836:9:000000000-BRTMF:1:2114:7638:16202, skipping.
01-03 17:27 root         DEBUG    No ITS stop or start sites were identified for sequence M05836:9:000000000-BRTMF:1:1103:18131:14006, skipping.
01-03 17:27 root         DEBUG    No ITS stop or start sites were identified for sequence M05836:9:000000000-BRTMF:1:2114:26533:20751, skipping.
01-03 17:27 root         DEBUG    No ITS stop or start sites were identified for sequence M05836:9:000000000-BRTMF:1:2115:20209:3561, skipping.
01-03 17:27 root         DEBUG    No ITS stop or start sites were identified for sequence M05836:9:000000000-BRTMF:1:1105:18952:5735, skipping.
01-03 17:27 root         DEBUG    No ITS stop or start sites were identified for sequence M05836:9:000000000-BRTMF:1:2115:14580:3883, skipping.
01-03 17:27 root         DEBUG    No ITS stop or start sites were identified for sequence M05836:9:000000000-BRTMF:1:2115:6194:5464, skipping.
01-03 17:27 root         DEBUG    No ITS stop or start sites were identified for sequence M05836:9:000000000-BRTMF:1:2115:23135:5731, skipping.
01-03 17:27 root         DEBUG    No ITS stop or start sites were identified for sequence M05836:9:000000000-BRTMF:1:2115:8165:6184, skipping.
01-03 17:27 root         DEBUG    No ITS stop or start sites were identified for sequence M05836:9:000000000-BRTMF:1:2115:11707:6465, skipping.
01-03 17:27 root         DEBUG    No ITS stop or start sites were identified for sequence M05836:9:000000000-BRTMF:1:2115:11691:6482, skipping.
01-03 17:27 root         DEBUG    No ITS stop or start sites were identified for sequence M05836:9:000000000-BRTMF:1:2115:25254:9252, skipping.
01-03 17:27 root         DEBUG    No ITS stop or start sites were identified for sequence M05836:9:000000000-BRTMF:1:2115:7701:9679, skipping.
01-03 17:27 root         DEBUG    No ITS stop or start sites were identified for sequence M05836:9:000000000-BRTMF:1:2115:16052:10806, skipping.
01-03 17:27 root         DEBUG    No ITS stop or start sites were identified for sequence M05836:9:000000000-BRTMF:1:2115:26123:11477, skipping.
01-03 17:27 root         DEBUG    No ITS stop or start sites were identified for sequence M05836:9:000000000-BRTMF:1:2115:25601:13518, skipping.
01-03 17:27 root         DEBUG    No ITS stop or start sites were identified for sequence M05836:9:000000000-BRTMF:1:2115:5202:14308, skipping.
01-03 17:27 root         DEBUG    No ITS stop or start sites were identified for sequence M05836:9:000000000-BRTMF:1:2115:28724:16578, skipping.
01-03 17:27 root         DEBUG    No ITS stop or start sites were identified for sequence M05836:9:000000000-BRTMF:1:1108:3832:18173, skipping.
01-03 17:27 root         DEBUG    No ITS stop or start sites were identified for sequence M05836:9:000000000-BRTMF:1:2115:15608:19239, skipping.
01-03 17:27 root         DEBUG    No ITS stop or start sites were identified for sequence M05836:9:000000000-BRTMF:1:2116:11792:1955, skipping.
01-03 17:27 root         DEBUG    No ITS stop or start sites were identified for sequence M05836:9:000000000-BRTMF:1:2116:23572:4310, skipping.
01-03 17:27 root         DEBUG    No ITS stop or start sites were identified for sequence M05836:9:000000000-BRTMF:1:2116:15691:10166, skipping.
01-03 17:27 root         DEBUG    No ITS stop or start sites were identified for sequence M05836:9:000000000-BRTMF:1:2116:11136:11099, skipping.
01-03 17:27 root         DEBUG    No ITS stop or start sites were identified for sequence M05836:9:000000000-BRTMF:1:2116:27399:11530, skipping.
01-03 17:27 root         DEBUG    No ITS stop or start sites were identified for sequence M05836:9:000000000-BRTMF:1:2116:10454:12340, skipping.
01-03 17:27 root         DEBUG    No ITS stop or start sites were identified for sequence M05836:9:000000000-BRTMF:1:2116:18262:12873, skipping.
01-03 17:27 root         DEBUG    No ITS stop or start sites were identified for sequence M05836:9:000000000-BRTMF:1:1103:6607:18165, skipping.
01-03 17:27 root         DEBUG    No ITS stop or start sites were identified for sequence M05836:9:000000000-BRTMF:1:2116:18008:14871, skipping.
01-03 17:27 root         DEBUG    No ITS stop or start sites were identified for sequence M05836:9:000000000-BRTMF:1:2116:8719:15004, skipping.
01-03 17:27 root         DEBUG    No ITS stop or start sites were identified for sequence M05836:9:000000000-BRTMF:1:2116:23657:15113, skipping.
01-03 17:27 root         DEBUG    No ITS stop or start sites were identified for sequence M05836:9:000000000-BRTMF:1:2116:10415:17518, skipping.
01-03 17:27 root         DEBUG    No ITS stop or start sites were identified for sequence M05836:9:000000000-BRTMF:1:2116:24090:18102, skipping.
01-03 17:27 root         DEBUG    No ITS stop or start sites were identified for sequence M05836:9:000000000-BRTMF:1:2116:21825:18455, skipping.
01-03 17:27 root         DEBUG    No ITS stop or start sites were identified for sequence M05836:9:000000000-BRTMF:1:2116:24527:19423, skipping.
01-03 17:27 root         DEBUG    No ITS stop or start sites were identified for sequence M05836:9:000000000-BRTMF:1:2116:17528:20250, skipping.
01-03 17:27 root         DEBUG    No ITS stop or start sites were identified for sequence M05836:9:000000000-BRTMF:1:2116:17532:22156, skipping.
01-03 17:27 root         DEBUG    No ITS stop or start sites were identified for sequence M05836:9:000000000-BRTMF:1:2117:6206:7077, skipping.
01-03 17:27 root         DEBUG    No ITS stop or start sites were identified for sequence M05836:9:000000000-BRTMF:1:2117:18620:8965, skipping.
01-03 17:27 root         DEBUG    No ITS stop or start sites were identified for sequence M05836:9:000000000-BRTMF:1:2117:13751:10489, skipping.
01-03 17:27 root         DEBUG    No ITS stop or start sites were identified for sequence M05836:9:000000000-BRTMF:1:2117:20936:12540, skipping.
01-03 17:27 root         DEBUG    No ITS stop or start sites were identified for sequence M05836:9:000000000-BRTMF:1:2117:12100:13819, skipping.
01-03 17:27 root         DEBUG    No ITS stop or start sites were identified for sequence M05836:9:000000000-BRTMF:1:2117:25294:15691, skipping.
01-03 17:27 root         DEBUG    No ITS stop or start sites were identified for sequence M05836:9:000000000-BRTMF:1:2117:24522:15900, skipping.
01-03 17:27 root         DEBUG    No ITS stop or start sites were identified for sequence M05836:9:000000000-BRTMF:1:2117:15075:16190, skipping.
01-03 17:27 root         DEBUG    No ITS stop or start sites were identified for sequence M05836:9:000000000-BRTMF:1:2117:23458:16199, skipping.
01-03 17:27 root         DEBUG    No ITS stop or start sites were identified for sequence M05836:9:000000000-BRTMF:1:2117:14917:16469, skipping.
01-03 17:27 root         DEBUG    No ITS stop or start sites were identified for sequence M05836:9:000000000-BRTMF:1:2117:21964:18838, skipping.
01-03 17:27 root         DEBUG    No ITS stop or start sites were identified for sequence M05836:9:000000000-BRTMF:1:2117:10549:21263, skipping.
01-03 17:27 root         DEBUG    No ITS stop or start sites were identified for sequence M05836:9:000000000-BRTMF:1:2117:24703:23347, skipping.
01-03 17:27 root         DEBUG    No ITS stop or start sites were identified for sequence M05836:9:000000000-BRTMF:1:1116:17921:22156, skipping.
01-03 17:27 root         DEBUG    No ITS stop or start sites were identified for sequence M05836:9:000000000-BRTMF:1:2118:19967:7701, skipping.
01-03 17:27 root         DEBUG    No ITS stop or start sites were identified for sequence M05836:9:000000000-BRTMF:1:2118:21768:10350, skipping.
01-03 17:27 root         DEBUG    No ITS stop or start sites were identified for sequence M05836:9:000000000-BRTMF:1:1119:12613:15758, skipping.
01-03 17:27 root         DEBUG    No ITS stop or start sites were identified for sequence M05836:9:000000000-BRTMF:1:2118:13338:18467, skipping.
01-03 17:27 root         DEBUG    No ITS stop or start sites were identified for sequence M05836:9:000000000-BRTMF:1:2118:11179:19494, skipping.
01-03 17:27 root         DEBUG    No ITS stop or start sites were identified for sequence M05836:9:000000000-BRTMF:1:2118:18242:20487, skipping.
01-03 17:27 root         DEBUG    No ITS stop or start sites were identified for sequence M05836:9:000000000-BRTMF:1:2118:20114:21624, skipping.
01-03 17:27 root         DEBUG    No ITS stop or start sites were identified for sequence M05836:9:000000000-BRTMF:1:2118:12542:21926, skipping.
01-03 17:27 root         DEBUG    No ITS stop or start sites were identified for sequence M05836:9:000000000-BRTMF:1:2118:21986:22456, skipping.
01-03 17:27 root         DEBUG    No ITS stop or start sites were identified for sequence M05836:9:000000000-BRTMF:1:2119:7472:2046, skipping.
01-03 17:27 root         DEBUG    No ITS stop or start sites were identified for sequence M05836:9:000000000-BRTMF:1:2119:17961:3490, skipping.
01-03 17:27 root         DEBUG    No ITS stop or start sites were identified for sequence M05836:9:000000000-BRTMF:1:2119:10618:5394, skipping.
01-03 17:27 root         DEBUG    No ITS stop or start sites were identified for sequence M05836:9:000000000-BRTMF:1:2119:23959:9218, skipping.
01-03 17:27 root         DEBUG    No ITS stop or start sites were identified for sequence M05836:9:000000000-BRTMF:1:2119:13722:9783, skipping.
01-03 17:27 root         DEBUG    No ITS stop or start sites were identified for sequence M05836:9:000000000-BRTMF:1:2119:28233:10419, skipping.
01-03 17:27 root         DEBUG    No ITS stop or start sites were identified for sequence M05836:9:000000000-BRTMF:1:2119:11541:11267, skipping.
01-03 17:27 root         DEBUG    No ITS stop or start sites were identified for sequence M05836:9:000000000-BRTMF:1:2119:5706:13029, skipping.
01-03 17:27 root         DEBUG    No ITS stop or start sites were identified for sequence M05836:9:000000000-BRTMF:1:2119:19599:18257, skipping.
01-03 17:27 root         DEBUG    No ITS stop or start sites were identified for sequence M05836:9:000000000-BRTMF:1:2119:22881:20890, skipping.
01-03 17:27 root         DEBUG    No ITS stop or start sites were identified for sequence M05836:9:000000000-BRTMF:1:1103:6607:18165, skipping.
01-03 17:27 root         DEBUG    No ITS stop or start sites were identified for sequence M05836:9:000000000-BRTMF:1:2119:23017:21781, skipping.
01-03 17:27 root         DEBUG    No ITS stop or start sites were identified for sequence M05836:9:000000000-BRTMF:1:2119:15917:24639, skipping.
01-03 17:27 root         DEBUG    No ITS stop or start sites were identified for sequence M05836:9:000000000-BRTMF:1:2119:16804:24981, skipping.
01-03 17:27 root         INFO     ITSxpress ran in 00:01:24
