01-03 17:18 root         INFO     Verifying the input sequences.
01-03 17:18 root         INFO     Sequences are assumed to be single-end.
01-03 17:18 root         INFO     Temporary directory is: /tmp/itsxpress_asvshbq6
01-03 17:18 root         INFO     Unique sequences are being written to a temporary FASTA file with Vsearch.
01-03 17:18 root         INFO     vsearch v2.7.1_linux_x86_64, 15.6GB RAM, 4 cores
https://github.com/torognes/vsearch

Reading file DNA.CAC.CC5.ITS_S10_L001_R1_001.fastq 100%
5548141 nt in 21581 seqs, min 32, max 301, avg 257
minseqlength 32: 44 sequences discarded.
Dereplicating 100%
Sorting 100%
9857 unique sequences, avg cluster 2.2, median 1, max 1039
Writing output file 100%
Writing uc file, first part 100%
Writing uc file, second part 100%

01-03 17:18 root         INFO     Searching for ITS start and stop sites using HMMSearch. This step takes a while.
01-03 17:19 root         INFO     Parsing HMM results.
01-03 17:20 root         INFO     Writing out sequences
01-03 17:20 root         DEBUG    No ITS stop or start sites were identified for sequence M05836:9:000000000-BRTMF:1:1101:7694:4808, skipping.
01-03 17:20 root         DEBUG    No ITS stop or start sites were identified for sequence M05836:9:000000000-BRTMF:1:1101:28258:9846, skipping.
01-03 17:20 root         DEBUG    No ITS stop or start sites were identified for sequence M05836:9:000000000-BRTMF:1:1101:2434:9944, skipping.
01-03 17:20 root         DEBUG    No ITS stop or start sites were identified for sequence M05836:9:000000000-BRTMF:1:1101:20151:11905, skipping.
01-03 17:20 root         DEBUG    No ITS stop or start sites were identified for sequence M05836:9:000000000-BRTMF:1:1101:14911:12370, skipping.
01-03 17:20 root         DEBUG    No ITS stop or start sites were identified for sequence M05836:9:000000000-BRTMF:1:1101:3239:13250, skipping.
01-03 17:20 root         DEBUG    No ITS stop or start sites were identified for sequence M05836:9:000000000-BRTMF:1:1101:23151:17375, skipping.
01-03 17:20 root         DEBUG    No ITS stop or start sites were identified for sequence M05836:9:000000000-BRTMF:1:1101:21558:19404, skipping.
01-03 17:20 root         DEBUG    No ITS stop or start sites were identified for sequence M05836:9:000000000-BRTMF:1:1101:14173:20601, skipping.
01-03 17:20 root         DEBUG    No ITS stop or start sites were identified for sequence M05836:9:000000000-BRTMF:1:1101:17043:23630, skipping.
01-03 17:20 root         DEBUG    No ITS stop or start sites were identified for sequence M05836:9:000000000-BRTMF:1:1101:11480:24756, skipping.
01-03 17:20 root         DEBUG    No ITS stop or start sites were identified for sequence M05836:9:000000000-BRTMF:1:1102:20933:1991, skipping.
01-03 17:20 root         DEBUG    No ITS stop or start sites were identified for sequence M05836:9:000000000-BRTMF:1:1102:6006:4420, skipping.
01-03 17:20 root         DEBUG    No ITS stop or start sites were identified for sequence M05836:9:000000000-BRTMF:1:1102:5867:7105, skipping.
01-03 17:20 root         DEBUG    No ITS stop or start sites were identified for sequence M05836:9:000000000-BRTMF:1:1102:9024:7702, skipping.
01-03 17:20 root         DEBUG    No ITS stop or start sites were identified for sequence M05836:9:000000000-BRTMF:1:1102:15023:8529, skipping.
01-03 17:20 root         DEBUG    No ITS stop or start sites were identified for sequence M05836:9:000000000-BRTMF:1:1102:12390:14716, skipping.
01-03 17:20 root         DEBUG    No ITS stop or start sites were identified for sequence M05836:9:000000000-BRTMF:1:1102:17153:15312, skipping.
01-03 17:20 root         DEBUG    No ITS stop or start sites were identified for sequence M05836:9:000000000-BRTMF:1:1102:20277:17619, skipping.
01-03 17:20 root         DEBUG    No ITS stop or start sites were identified for sequence M05836:9:000000000-BRTMF:1:1102:24945:17722, skipping.
01-03 17:20 root         DEBUG    No ITS stop or start sites were identified for sequence M05836:9:000000000-BRTMF:1:1102:28705:17811, skipping.
01-03 17:20 root         DEBUG    No ITS stop or start sites were identified for sequence M05836:9:000000000-BRTMF:1:1102:17528:18093, skipping.
01-03 17:20 root         DEBUG    No ITS stop or start sites were identified for sequence M05836:9:000000000-BRTMF:1:1102:5145:18800, skipping.
01-03 17:20 root         DEBUG    No ITS stop or start sites were identified for sequence M05836:9:000000000-BRTMF:1:1102:23800:19965, skipping.
01-03 17:20 root         DEBUG    No ITS stop or start sites were identified for sequence M05836:9:000000000-BRTMF:1:1102:7648:21003, skipping.
01-03 17:20 root         DEBUG    No ITS stop or start sites were identified for sequence M05836:9:000000000-BRTMF:1:1102:8254:21287, skipping.
01-03 17:20 root         DEBUG    No ITS stop or start sites were identified for sequence M05836:9:000000000-BRTMF:1:1102:25080:21710, skipping.
01-03 17:20 root         DEBUG    No ITS stop or start sites were identified for sequence M05836:9:000000000-BRTMF:1:1102:17520:21821, skipping.
01-03 17:20 root         DEBUG    No ITS stop or start sites were identified for sequence M05836:9:000000000-BRTMF:1:1102:7864:23617, skipping.
01-03 17:20 root         DEBUG    No ITS stop or start sites were identified for sequence M05836:9:000000000-BRTMF:1:1102:13794:25093, skipping.
01-03 17:20 root         DEBUG    No ITS stop or start sites were identified for sequence M05836:9:000000000-BRTMF:1:1103:24280:2771, skipping.
01-03 17:20 root         DEBUG    No ITS stop or start sites were identified for sequence M05836:9:000000000-BRTMF:1:1103:17115:3279, skipping.
01-03 17:20 root         DEBUG    No ITS stop or start sites were identified for sequence M05836:9:000000000-BRTMF:1:1103:20594:5207, skipping.
01-03 17:20 root         DEBUG    No ITS stop or start sites were identified for sequence M05836:9:000000000-BRTMF:1:1103:6643:5764, skipping.
01-03 17:20 root         DEBUG    No ITS stop or start sites were identified for sequence M05836:9:000000000-BRTMF:1:1102:12390:14716, skipping.
01-03 17:20 root         DEBUG    No ITS stop or start sites were identified for sequence M05836:9:000000000-BRTMF:1:1102:12390:14716, skipping.
01-03 17:20 root         DEBUG    No ITS stop or start sites were identified for sequence M05836:9:000000000-BRTMF:1:1103:6612:12762, skipping.
01-03 17:20 root         DEBUG    No ITS stop or start sites were identified for sequence M05836:9:000000000-BRTMF:1:1103:19186:12847, skipping.
01-03 17:20 root         DEBUG    No ITS stop or start sites were identified for sequence M05836:9:000000000-BRTMF:1:1103:25715:12880, skipping.
01-03 17:20 root         DEBUG    No ITS stop or start sites were identified for sequence M05836:9:000000000-BRTMF:1:1103:22954:12917, skipping.
01-03 17:20 root         DEBUG    No ITS stop or start sites were identified for sequence M05836:9:000000000-BRTMF:1:1103:12694:13515, skipping.
01-03 17:20 root         DEBUG    No ITS stop or start sites were identified for sequence M05836:9:000000000-BRTMF:1:1103:2839:14144, skipping.
01-03 17:20 root         DEBUG    No ITS stop or start sites were identified for sequence M05836:9:000000000-BRTMF:1:1103:7905:17246, skipping.
01-03 17:20 root         DEBUG    No ITS stop or start sites were identified for sequence M05836:9:000000000-BRTMF:1:1103:10442:18274, skipping.
01-03 17:20 root         DEBUG    No ITS stop or start sites were identified for sequence M05836:9:000000000-BRTMF:1:1103:11296:20129, skipping.
01-03 17:20 root         DEBUG    No ITS stop or start sites were identified for sequence M05836:9:000000000-BRTMF:1:1102:12390:14716, skipping.
01-03 17:20 root         DEBUG    No ITS stop or start sites were identified for sequence M05836:9:000000000-BRTMF:1:1103:14404:21149, skipping.
01-03 17:20 root         DEBUG    No ITS stop or start sites were identified for sequence M05836:9:000000000-BRTMF:1:1103:11806:24945, skipping.
01-03 17:20 root         DEBUG    No ITS stop or start sites were identified for sequence M05836:9:000000000-BRTMF:1:1104:19045:3662, skipping.
01-03 17:20 root         DEBUG    No ITS stop or start sites were identified for sequence M05836:9:000000000-BRTMF:1:1104:18536:4658, skipping.
01-03 17:20 root         DEBUG    No ITS stop or start sites were identified for sequence M05836:9:000000000-BRTMF:1:1104:21695:5325, skipping.
01-03 17:20 root         DEBUG    No ITS stop or start sites were identified for sequence M05836:9:000000000-BRTMF:1:1104:11378:5740, skipping.
01-03 17:20 root         DEBUG    No ITS stop or start sites were identified for sequence M05836:9:000000000-BRTMF:1:1104:6705:6501, skipping.
01-03 17:20 root         DEBUG    No ITS stop or start sites were identified for sequence M05836:9:000000000-BRTMF:1:1104:14141:8226, skipping.
01-03 17:20 root         DEBUG    No ITS stop or start sites were identified for sequence M05836:9:000000000-BRTMF:1:1104:5348:8559, skipping.
01-03 17:20 root         DEBUG    No ITS stop or start sites were identified for sequence M05836:9:000000000-BRTMF:1:1104:8033:9046, skipping.
01-03 17:20 root         DEBUG    No ITS stop or start sites were identified for sequence M05836:9:000000000-BRTMF:1:1104:11115:12013, skipping.
01-03 17:20 root         DEBUG    No ITS stop or start sites were identified for sequence M05836:9:000000000-BRTMF:1:1104:22528:12333, skipping.
01-03 17:20 root         DEBUG    No ITS stop or start sites were identified for sequence M05836:9:000000000-BRTMF:1:1104:3370:12436, skipping.
01-03 17:20 root         DEBUG    No ITS stop or start sites were identified for sequence M05836:9:000000000-BRTMF:1:1104:18197:14732, skipping.
01-03 17:20 root         DEBUG    No ITS stop or start sites were identified for sequence M05836:9:000000000-BRTMF:1:1104:18981:17258, skipping.
01-03 17:20 root         DEBUG    No ITS stop or start sites were identified for sequence M05836:9:000000000-BRTMF:1:1104:15794:22845, skipping.
01-03 17:20 root         DEBUG    No ITS stop or start sites were identified for sequence M05836:9:000000000-BRTMF:1:1105:24037:8311, skipping.
01-03 17:20 root         DEBUG    No ITS stop or start sites were identified for sequence M05836:9:000000000-BRTMF:1:1105:5019:9268, skipping.
01-03 17:20 root         DEBUG    No ITS stop or start sites were identified for sequence M05836:9:000000000-BRTMF:1:1105:12015:11720, skipping.
01-03 17:20 root         DEBUG    No ITS stop or start sites were identified for sequence M05836:9:000000000-BRTMF:1:1105:24463:12974, skipping.
01-03 17:20 root         DEBUG    No ITS stop or start sites were identified for sequence M05836:9:000000000-BRTMF:1:1105:26427:14839, skipping.
01-03 17:20 root         DEBUG    No ITS stop or start sites were identified for sequence M05836:9:000000000-BRTMF:1:1105:24547:18955, skipping.
01-03 17:20 root         DEBUG    No ITS stop or start sites were identified for sequence M05836:9:000000000-BRTMF:1:1105:23980:19728, skipping.
01-03 17:20 root         DEBUG    No ITS stop or start sites were identified for sequence M05836:9:000000000-BRTMF:1:1105:9317:23224, skipping.
01-03 17:20 root         DEBUG    No ITS stop or start sites were identified for sequence M05836:9:000000000-BRTMF:1:1105:13733:23585, skipping.
01-03 17:20 root         DEBUG    No ITS stop or start sites were identified for sequence M05836:9:000000000-BRTMF:1:1106:15712:2139, skipping.
01-03 17:20 root         DEBUG    No ITS stop or start sites were identified for sequence M05836:9:000000000-BRTMF:1:1106:23540:4180, skipping.
01-03 17:20 root         DEBUG    No ITS stop or start sites were identified for sequence M05836:9:000000000-BRTMF:1:1106:7496:5284, skipping.
01-03 17:20 root         DEBUG    No ITS stop or start sites were identified for sequence M05836:9:000000000-BRTMF:1:1106:6845:6245, skipping.
01-03 17:20 root         DEBUG    No ITS stop or start sites were identified for sequence M05836:9:000000000-BRTMF:1:1106:27866:6789, skipping.
01-03 17:20 root         DEBUG    No ITS stop or start sites were identified for sequence M05836:9:000000000-BRTMF:1:1106:7003:9310, skipping.
01-03 17:20 root         DEBUG    No ITS stop or start sites were identified for sequence M05836:9:000000000-BRTMF:1:1106:3236:9467, skipping.
01-03 17:20 root         DEBUG    No ITS stop or start sites were identified for sequence M05836:9:000000000-BRTMF:1:1106:4769:10052, skipping.
01-03 17:20 root         DEBUG    No ITS stop or start sites were identified for sequence M05836:9:000000000-BRTMF:1:1106:3794:11553, skipping.
01-03 17:20 root         DEBUG    No ITS stop or start sites were identified for sequence M05836:9:000000000-BRTMF:1:1106:18444:14774, skipping.
01-03 17:20 root         DEBUG    No ITS stop or start sites were identified for sequence M05836:9:000000000-BRTMF:1:1102:12390:14716, skipping.
01-03 17:20 root         DEBUG    No ITS stop or start sites were identified for sequence M05836:9:000000000-BRTMF:1:1106:6849:18046, skipping.
01-03 17:20 root         DEBUG    No ITS stop or start sites were identified for sequence M05836:9:000000000-BRTMF:1:1106:8148:18625, skipping.
01-03 17:20 root         DEBUG    No ITS stop or start sites were identified for sequence M05836:9:000000000-BRTMF:1:1106:22690:19098, skipping.
01-03 17:20 root         DEBUG    No ITS stop or start sites were identified for sequence M05836:9:000000000-BRTMF:1:1106:17982:20721, skipping.
01-03 17:20 root         DEBUG    No ITS stop or start sites were identified for sequence M05836:9:000000000-BRTMF:1:1106:23437:21327, skipping.
01-03 17:20 root         DEBUG    No ITS stop or start sites were identified for sequence M05836:9:000000000-BRTMF:1:1107:11768:2536, skipping.
01-03 17:20 root         DEBUG    No ITS stop or start sites were identified for sequence M05836:9:000000000-BRTMF:1:1107:8560:3746, skipping.
01-03 17:20 root         DEBUG    No ITS stop or start sites were identified for sequence M05836:9:000000000-BRTMF:1:1107:6883:5230, skipping.
01-03 17:20 root         DEBUG    No ITS stop or start sites were identified for sequence M05836:9:000000000-BRTMF:1:1107:27182:6321, skipping.
01-03 17:20 root         DEBUG    No ITS stop or start sites were identified for sequence M05836:9:000000000-BRTMF:1:1107:28517:8129, skipping.
01-03 17:20 root         DEBUG    No ITS stop or start sites were identified for sequence M05836:9:000000000-BRTMF:1:1107:21716:13210, skipping.
01-03 17:20 root         DEBUG    No ITS stop or start sites were identified for sequence M05836:9:000000000-BRTMF:1:1107:15643:13981, skipping.
01-03 17:20 root         DEBUG    No ITS stop or start sites were identified for sequence M05836:9:000000000-BRTMF:1:1107:26983:14960, skipping.
01-03 17:20 root         DEBUG    No ITS stop or start sites were identified for sequence M05836:9:000000000-BRTMF:1:1107:27663:15937, skipping.
01-03 17:20 root         DEBUG    No ITS stop or start sites were identified for sequence M05836:9:000000000-BRTMF:1:1107:29148:16596, skipping.
01-03 17:20 root         DEBUG    No ITS stop or start sites were identified for sequence M05836:9:000000000-BRTMF:1:1107:17144:16720, skipping.
01-03 17:20 root         DEBUG    No ITS stop or start sites were identified for sequence M05836:9:000000000-BRTMF:1:1107:19435:20656, skipping.
01-03 17:20 root         DEBUG    No ITS stop or start sites were identified for sequence M05836:9:000000000-BRTMF:1:1107:11614:22313, skipping.
01-03 17:20 root         DEBUG    No ITS stop or start sites were identified for sequence M05836:9:000000000-BRTMF:1:1107:15853:25018, skipping.
01-03 17:20 root         DEBUG    No ITS stop or start sites were identified for sequence M05836:9:000000000-BRTMF:1:1107:15862:25043, skipping.
01-03 17:20 root         DEBUG    No ITS stop or start sites were identified for sequence M05836:9:000000000-BRTMF:1:1108:24840:7921, skipping.
01-03 17:20 root         DEBUG    No ITS stop or start sites were identified for sequence M05836:9:000000000-BRTMF:1:1108:2957:8358, skipping.
01-03 17:20 root         DEBUG    No ITS stop or start sites were identified for sequence M05836:9:000000000-BRTMF:1:1108:20080:9078, skipping.
01-03 17:20 root         DEBUG    No ITS stop or start sites were identified for sequence M05836:9:000000000-BRTMF:1:1108:11769:12317, skipping.
01-03 17:20 root         DEBUG    No ITS stop or start sites were identified for sequence M05836:9:000000000-BRTMF:1:1108:14791:14134, skipping.
01-03 17:20 root         DEBUG    No ITS stop or start sites were identified for sequence M05836:9:000000000-BRTMF:1:1106:23437:21327, skipping.
01-03 17:20 root         DEBUG    No ITS stop or start sites were identified for sequence M05836:9:000000000-BRTMF:1:1106:17982:20721, skipping.
01-03 17:20 root         DEBUG    No ITS stop or start sites were identified for sequence M05836:9:000000000-BRTMF:1:1108:12394:15370, skipping.
01-03 17:20 root         DEBUG    No ITS stop or start sites were identified for sequence M05836:9:000000000-BRTMF:1:1108:11855:15746, skipping.
01-03 17:20 root         DEBUG    No ITS stop or start sites were identified for sequence M05836:9:000000000-BRTMF:1:1108:17812:16695, skipping.
01-03 17:20 root         DEBUG    No ITS stop or start sites were identified for sequence M05836:9:000000000-BRTMF:1:1108:5064:21805, skipping.
01-03 17:20 root         DEBUG    No ITS stop or start sites were identified for sequence M05836:9:000000000-BRTMF:1:1108:8133:22136, skipping.
01-03 17:20 root         DEBUG    No ITS stop or start sites were identified for sequence M05836:9:000000000-BRTMF:1:1109:9195:2441, skipping.
01-03 17:20 root         DEBUG    No ITS stop or start sites were identified for sequence M05836:9:000000000-BRTMF:1:1109:24573:3407, skipping.
01-03 17:20 root         DEBUG    No ITS stop or start sites were identified for sequence M05836:9:000000000-BRTMF:1:1109:10293:3664, skipping.
01-03 17:20 root         DEBUG    No ITS stop or start sites were identified for sequence M05836:9:000000000-BRTMF:1:1109:23146:4225, skipping.
01-03 17:20 root         DEBUG    No ITS stop or start sites were identified for sequence M05836:9:000000000-BRTMF:1:1109:26045:4565, skipping.
01-03 17:20 root         DEBUG    No ITS stop or start sites were identified for sequence M05836:9:000000000-BRTMF:1:1109:22936:7921, skipping.
01-03 17:20 root         DEBUG    No ITS stop or start sites were identified for sequence M05836:9:000000000-BRTMF:1:1109:14232:8037, skipping.
01-03 17:20 root         DEBUG    No ITS stop or start sites were identified for sequence M05836:9:000000000-BRTMF:1:1109:7877:15983, skipping.
01-03 17:20 root         DEBUG    No ITS stop or start sites were identified for sequence M05836:9:000000000-BRTMF:1:1109:26400:17435, skipping.
01-03 17:20 root         DEBUG    No ITS stop or start sites were identified for sequence M05836:9:000000000-BRTMF:1:1109:24372:17515, skipping.
01-03 17:20 root         DEBUG    No ITS stop or start sites were identified for sequence M05836:9:000000000-BRTMF:1:1109:10835:17758, skipping.
01-03 17:20 root         DEBUG    No ITS stop or start sites were identified for sequence M05836:9:000000000-BRTMF:1:1109:24187:18772, skipping.
01-03 17:20 root         DEBUG    No ITS stop or start sites were identified for sequence M05836:9:000000000-BRTMF:1:1109:12398:19170, skipping.
01-03 17:20 root         DEBUG    No ITS stop or start sites were identified for sequence M05836:9:000000000-BRTMF:1:1109:5748:19353, skipping.
01-03 17:20 root         DEBUG    No ITS stop or start sites were identified for sequence M05836:9:000000000-BRTMF:1:1109:10473:25109, skipping.
01-03 17:20 root         DEBUG    No ITS stop or start sites were identified for sequence M05836:9:000000000-BRTMF:1:1110:10635:7431, skipping.
01-03 17:20 root         DEBUG    No ITS stop or start sites were identified for sequence M05836:9:000000000-BRTMF:1:1110:5679:11184, skipping.
01-03 17:20 root         DEBUG    No ITS stop or start sites were identified for sequence M05836:9:000000000-BRTMF:1:1110:13421:15221, skipping.
01-03 17:20 root         DEBUG    No ITS stop or start sites were identified for sequence M05836:9:000000000-BRTMF:1:1110:9858:17219, skipping.
01-03 17:20 root         DEBUG    No ITS stop or start sites were identified for sequence M05836:9:000000000-BRTMF:1:1110:9872:17231, skipping.
01-03 17:20 root         DEBUG    No ITS stop or start sites were identified for sequence M05836:9:000000000-BRTMF:1:1110:16525:18117, skipping.
01-03 17:20 root         DEBUG    No ITS stop or start sites were identified for sequence M05836:9:000000000-BRTMF:1:1110:10645:20579, skipping.
01-03 17:20 root         DEBUG    No ITS stop or start sites were identified for sequence M05836:9:000000000-BRTMF:1:1110:10547:21664, skipping.
01-03 17:20 root         DEBUG    No ITS stop or start sites were identified for sequence M05836:9:000000000-BRTMF:1:1110:23574:22562, skipping.
01-03 17:20 root         DEBUG    No ITS stop or start sites were identified for sequence M05836:9:000000000-BRTMF:1:1110:10497:24496, skipping.
01-03 17:20 root         DEBUG    No ITS stop or start sites were identified for sequence M05836:9:000000000-BRTMF:1:1111:23002:3275, skipping.
01-03 17:20 root         DEBUG    No ITS stop or start sites were identified for sequence M05836:9:000000000-BRTMF:1:1111:19880:3697, skipping.
01-03 17:20 root         DEBUG    No ITS stop or start sites were identified for sequence M05836:9:000000000-BRTMF:1:1111:18635:7393, skipping.
01-03 17:20 root         DEBUG    No ITS stop or start sites were identified for sequence M05836:9:000000000-BRTMF:1:1111:26280:8134, skipping.
01-03 17:20 root         DEBUG    No ITS stop or start sites were identified for sequence M05836:9:000000000-BRTMF:1:1111:3678:10231, skipping.
01-03 17:20 root         DEBUG    No ITS stop or start sites were identified for sequence M05836:9:000000000-BRTMF:1:1111:12511:11160, skipping.
01-03 17:20 root         DEBUG    No ITS stop or start sites were identified for sequence M05836:9:000000000-BRTMF:1:1111:14037:13579, skipping.
01-03 17:20 root         DEBUG    No ITS stop or start sites were identified for sequence M05836:9:000000000-BRTMF:1:1111:24333:14181, skipping.
01-03 17:20 root         DEBUG    No ITS stop or start sites were identified for sequence M05836:9:000000000-BRTMF:1:1111:8439:17842, skipping.
01-03 17:20 root         DEBUG    No ITS stop or start sites were identified for sequence M05836:9:000000000-BRTMF:1:1111:9070:18321, skipping.
01-03 17:20 root         DEBUG    No ITS stop or start sites were identified for sequence M05836:9:000000000-BRTMF:1:1111:13978:18458, skipping.
01-03 17:20 root         DEBUG    No ITS stop or start sites were identified for sequence M05836:9:000000000-BRTMF:1:1111:26548:19429, skipping.
01-03 17:20 root         DEBUG    No ITS stop or start sites were identified for sequence M05836:9:000000000-BRTMF:1:1111:13119:20165, skipping.
01-03 17:20 root         DEBUG    No ITS stop or start sites were identified for sequence M05836:9:000000000-BRTMF:1:1112:20627:5682, skipping.
01-03 17:20 root         DEBUG    No ITS stop or start sites were identified for sequence M05836:9:000000000-BRTMF:1:1112:20354:6169, skipping.
01-03 17:20 root         DEBUG    No ITS stop or start sites were identified for sequence M05836:9:000000000-BRTMF:1:1112:14965:7481, skipping.
01-03 17:20 root         DEBUG    No ITS stop or start sites were identified for sequence M05836:9:000000000-BRTMF:1:1112:4220:7886, skipping.
01-03 17:20 root         DEBUG    No ITS stop or start sites were identified for sequence M05836:9:000000000-BRTMF:1:1112:7275:11280, skipping.
01-03 17:20 root         DEBUG    No ITS stop or start sites were identified for sequence M05836:9:000000000-BRTMF:1:1112:7272:11298, skipping.
01-03 17:20 root         DEBUG    No ITS stop or start sites were identified for sequence M05836:9:000000000-BRTMF:1:1112:9608:11720, skipping.
01-03 17:20 root         DEBUG    No ITS stop or start sites were identified for sequence M05836:9:000000000-BRTMF:1:1112:21766:17539, skipping.
01-03 17:20 root         DEBUG    No ITS stop or start sites were identified for sequence M05836:9:000000000-BRTMF:1:1112:17222:18664, skipping.
01-03 17:20 root         DEBUG    No ITS stop or start sites were identified for sequence M05836:9:000000000-BRTMF:1:1112:15685:19932, skipping.
01-03 17:20 root         DEBUG    No ITS stop or start sites were identified for sequence M05836:9:000000000-BRTMF:1:1112:11088:21337, skipping.
01-03 17:20 root         DEBUG    No ITS stop or start sites were identified for sequence M05836:9:000000000-BRTMF:1:1113:7495:5689, skipping.
01-03 17:20 root         DEBUG    No ITS stop or start sites were identified for sequence M05836:9:000000000-BRTMF:1:1113:7495:5689, skipping.
01-03 17:20 root         DEBUG    No ITS stop or start sites were identified for sequence M05836:9:000000000-BRTMF:1:1113:13042:8987, skipping.
01-03 17:20 root         DEBUG    No ITS stop or start sites were identified for sequence M05836:9:000000000-BRTMF:1:1113:17638:9012, skipping.
01-03 17:20 root         DEBUG    No ITS stop or start sites were identified for sequence M05836:9:000000000-BRTMF:1:1113:18428:9294, skipping.
01-03 17:20 root         DEBUG    No ITS stop or start sites were identified for sequence M05836:9:000000000-BRTMF:1:1113:20349:10933, skipping.
01-03 17:20 root         DEBUG    No ITS stop or start sites were identified for sequence M05836:9:000000000-BRTMF:1:1113:5369:11614, skipping.
01-03 17:20 root         DEBUG    No ITS stop or start sites were identified for sequence M05836:9:000000000-BRTMF:1:1113:11741:13367, skipping.
01-03 17:20 root         DEBUG    No ITS stop or start sites were identified for sequence M05836:9:000000000-BRTMF:1:1113:15534:14027, skipping.
01-03 17:20 root         DEBUG    No ITS stop or start sites were identified for sequence M05836:9:000000000-BRTMF:1:1113:15554:14031, skipping.
01-03 17:20 root         DEBUG    No ITS stop or start sites were identified for sequence M05836:9:000000000-BRTMF:1:1113:6544:14525, skipping.
01-03 17:20 root         DEBUG    No ITS stop or start sites were identified for sequence M05836:9:000000000-BRTMF:1:1113:22399:14598, skipping.
01-03 17:20 root         DEBUG    No ITS stop or start sites were identified for sequence M05836:9:000000000-BRTMF:1:1113:20959:15276, skipping.
01-03 17:20 root         DEBUG    No ITS stop or start sites were identified for sequence M05836:9:000000000-BRTMF:1:1113:27427:16768, skipping.
01-03 17:20 root         DEBUG    No ITS stop or start sites were identified for sequence M05836:9:000000000-BRTMF:1:1113:14764:16961, skipping.
01-03 17:20 root         DEBUG    No ITS stop or start sites were identified for sequence M05836:9:000000000-BRTMF:1:1113:23740:17429, skipping.
01-03 17:20 root         DEBUG    No ITS stop or start sites were identified for sequence M05836:9:000000000-BRTMF:1:1113:28383:18241, skipping.
01-03 17:20 root         DEBUG    No ITS stop or start sites were identified for sequence M05836:9:000000000-BRTMF:1:1113:21750:18619, skipping.
01-03 17:20 root         DEBUG    No ITS stop or start sites were identified for sequence M05836:9:000000000-BRTMF:1:1113:12097:21920, skipping.
01-03 17:20 root         DEBUG    No ITS stop or start sites were identified for sequence M05836:9:000000000-BRTMF:1:1113:20709:23240, skipping.
01-03 17:20 root         DEBUG    No ITS stop or start sites were identified for sequence M05836:9:000000000-BRTMF:1:1113:14953:23673, skipping.
01-03 17:20 root         DEBUG    No ITS stop or start sites were identified for sequence M05836:9:000000000-BRTMF:1:1114:23863:2763, skipping.
01-03 17:20 root         DEBUG    No ITS stop or start sites were identified for sequence M05836:9:000000000-BRTMF:1:1114:22324:3169, skipping.
01-03 17:20 root         DEBUG    No ITS stop or start sites were identified for sequence M05836:9:000000000-BRTMF:1:1114:14994:3313, skipping.
01-03 17:20 root         DEBUG    No ITS stop or start sites were identified for sequence M05836:9:000000000-BRTMF:1:1114:5988:5443, skipping.
01-03 17:20 root         DEBUG    No ITS stop or start sites were identified for sequence M05836:9:000000000-BRTMF:1:1103:20594:5207, skipping.
01-03 17:20 root         DEBUG    No ITS stop or start sites were identified for sequence M05836:9:000000000-BRTMF:1:1114:13538:11910, skipping.
01-03 17:20 root         DEBUG    No ITS stop or start sites were identified for sequence M05836:9:000000000-BRTMF:1:1114:12482:13376, skipping.
01-03 17:20 root         DEBUG    No ITS stop or start sites were identified for sequence M05836:9:000000000-BRTMF:1:1114:11838:16279, skipping.
01-03 17:20 root         DEBUG    No ITS stop or start sites were identified for sequence M05836:9:000000000-BRTMF:1:1114:19762:17154, skipping.
01-03 17:20 root         DEBUG    No ITS stop or start sites were identified for sequence M05836:9:000000000-BRTMF:1:1114:3923:17924, skipping.
01-03 17:20 root         DEBUG    No ITS stop or start sites were identified for sequence M05836:9:000000000-BRTMF:1:1114:15643:18626, skipping.
01-03 17:20 root         DEBUG    No ITS stop or start sites were identified for sequence M05836:9:000000000-BRTMF:1:1114:20753:18742, skipping.
01-03 17:20 root         DEBUG    No ITS stop or start sites were identified for sequence M05836:9:000000000-BRTMF:1:1114:9802:22541, skipping.
01-03 17:20 root         DEBUG    No ITS stop or start sites were identified for sequence M05836:9:000000000-BRTMF:1:1114:9785:22542, skipping.
01-03 17:20 root         DEBUG    No ITS stop or start sites were identified for sequence M05836:9:000000000-BRTMF:1:1104:18197:14732, skipping.
01-03 17:20 root         DEBUG    No ITS stop or start sites were identified for sequence M05836:9:000000000-BRTMF:1:1102:20277:17619, skipping.
01-03 17:20 root         DEBUG    No ITS stop or start sites were identified for sequence M05836:9:000000000-BRTMF:1:1115:24333:5205, skipping.
01-03 17:20 root         DEBUG    No ITS stop or start sites were identified for sequence M05836:9:000000000-BRTMF:1:1115:5244:6918, skipping.
01-03 17:20 root         DEBUG    No ITS stop or start sites were identified for sequence M05836:9:000000000-BRTMF:1:1115:8517:8013, skipping.
01-03 17:20 root         DEBUG    No ITS stop or start sites were identified for sequence M05836:9:000000000-BRTMF:1:1115:26596:8076, skipping.
01-03 17:20 root         DEBUG    No ITS stop or start sites were identified for sequence M05836:9:000000000-BRTMF:1:1115:26588:8092, skipping.
01-03 17:20 root         DEBUG    No ITS stop or start sites were identified for sequence M05836:9:000000000-BRTMF:1:1115:16196:8493, skipping.
01-03 17:20 root         DEBUG    No ITS stop or start sites were identified for sequence M05836:9:000000000-BRTMF:1:1115:16178:8494, skipping.
01-03 17:20 root         DEBUG    No ITS stop or start sites were identified for sequence M05836:9:000000000-BRTMF:1:1115:13556:9957, skipping.
01-03 17:20 root         DEBUG    No ITS stop or start sites were identified for sequence M05836:9:000000000-BRTMF:1:1115:13556:9957, skipping.
01-03 17:20 root         DEBUG    No ITS stop or start sites were identified for sequence M05836:9:000000000-BRTMF:1:1115:15306:10175, skipping.
01-03 17:20 root         DEBUG    No ITS stop or start sites were identified for sequence M05836:9:000000000-BRTMF:1:1115:20523:11308, skipping.
01-03 17:20 root         DEBUG    No ITS stop or start sites were identified for sequence M05836:9:000000000-BRTMF:1:1115:13746:20222, skipping.
01-03 17:20 root         DEBUG    No ITS stop or start sites were identified for sequence M05836:9:000000000-BRTMF:1:1115:12976:22227, skipping.
01-03 17:20 root         DEBUG    No ITS stop or start sites were identified for sequence M05836:9:000000000-BRTMF:1:1116:23338:1868, skipping.
01-03 17:20 root         DEBUG    No ITS stop or start sites were identified for sequence M05836:9:000000000-BRTMF:1:1116:8237:5452, skipping.
01-03 17:20 root         DEBUG    No ITS stop or start sites were identified for sequence M05836:9:000000000-BRTMF:1:1116:4602:5471, skipping.
01-03 17:20 root         DEBUG    No ITS stop or start sites were identified for sequence M05836:9:000000000-BRTMF:1:1116:14013:7596, skipping.
01-03 17:20 root         DEBUG    No ITS stop or start sites were identified for sequence M05836:9:000000000-BRTMF:1:1116:10521:15049, skipping.
01-03 17:20 root         DEBUG    No ITS stop or start sites were identified for sequence M05836:9:000000000-BRTMF:1:1116:16332:15334, skipping.
01-03 17:20 root         DEBUG    No ITS stop or start sites were identified for sequence M05836:9:000000000-BRTMF:1:1116:10207:15675, skipping.
01-03 17:20 root         DEBUG    No ITS stop or start sites were identified for sequence M05836:9:000000000-BRTMF:1:1116:3778:16644, skipping.
01-03 17:20 root         DEBUG    No ITS stop or start sites were identified for sequence M05836:9:000000000-BRTMF:1:1116:7763:21669, skipping.
01-03 17:20 root         DEBUG    No ITS stop or start sites were identified for sequence M05836:9:000000000-BRTMF:1:1116:12576:22870, skipping.
01-03 17:20 root         DEBUG    No ITS stop or start sites were identified for sequence M05836:9:000000000-BRTMF:1:1117:16155:1812, skipping.
01-03 17:20 root         DEBUG    No ITS stop or start sites were identified for sequence M05836:9:000000000-BRTMF:1:1117:11544:5641, skipping.
01-03 17:20 root         DEBUG    No ITS stop or start sites were identified for sequence M05836:9:000000000-BRTMF:1:1117:14439:6131, skipping.
01-03 17:20 root         DEBUG    No ITS stop or start sites were identified for sequence M05836:9:000000000-BRTMF:1:1117:14713:8150, skipping.
01-03 17:20 root         DEBUG    No ITS stop or start sites were identified for sequence M05836:9:000000000-BRTMF:1:1117:9448:12624, skipping.
01-03 17:20 root         DEBUG    No ITS stop or start sites were identified for sequence M05836:9:000000000-BRTMF:1:1117:19242:16816, skipping.
01-03 17:20 root         DEBUG    No ITS stop or start sites were identified for sequence M05836:9:000000000-BRTMF:1:1117:10090:22925, skipping.
01-03 17:20 root         DEBUG    No ITS stop or start sites were identified for sequence M05836:9:000000000-BRTMF:1:1117:10587:24276, skipping.
01-03 17:20 root         DEBUG    No ITS stop or start sites were identified for sequence M05836:9:000000000-BRTMF:1:1117:10579:24293, skipping.
01-03 17:20 root         DEBUG    No ITS stop or start sites were identified for sequence M05836:9:000000000-BRTMF:1:1118:13850:2217, skipping.
01-03 17:20 root         DEBUG    No ITS stop or start sites were identified for sequence M05836:9:000000000-BRTMF:1:1118:21167:2372, skipping.
01-03 17:20 root         DEBUG    No ITS stop or start sites were identified for sequence M05836:9:000000000-BRTMF:1:1118:18646:6232, skipping.
01-03 17:20 root         DEBUG    No ITS stop or start sites were identified for sequence M05836:9:000000000-BRTMF:1:1118:17591:8769, skipping.
01-03 17:20 root         DEBUG    No ITS stop or start sites were identified for sequence M05836:9:000000000-BRTMF:1:1118:27134:9719, skipping.
01-03 17:20 root         DEBUG    No ITS stop or start sites were identified for sequence M05836:9:000000000-BRTMF:1:1118:9350:10248, skipping.
01-03 17:20 root         DEBUG    No ITS stop or start sites were identified for sequence M05836:9:000000000-BRTMF:1:1118:10810:10829, skipping.
01-03 17:20 root         DEBUG    No ITS stop or start sites were identified for sequence M05836:9:000000000-BRTMF:1:1118:15019:13485, skipping.
01-03 17:20 root         DEBUG    No ITS stop or start sites were identified for sequence M05836:9:000000000-BRTMF:1:1118:16259:13760, skipping.
01-03 17:20 root         DEBUG    No ITS stop or start sites were identified for sequence M05836:9:000000000-BRTMF:1:1118:28699:15093, skipping.
01-03 17:20 root         DEBUG    No ITS stop or start sites were identified for sequence M05836:9:000000000-BRTMF:1:1118:7958:15785, skipping.
01-03 17:20 root         DEBUG    No ITS stop or start sites were identified for sequence M05836:9:000000000-BRTMF:1:1118:6698:16107, skipping.
01-03 17:20 root         DEBUG    No ITS stop or start sites were identified for sequence M05836:9:000000000-BRTMF:1:1118:9390:20080, skipping.
01-03 17:20 root         DEBUG    No ITS stop or start sites were identified for sequence M05836:9:000000000-BRTMF:1:1119:16656:3814, skipping.
01-03 17:20 root         DEBUG    No ITS stop or start sites were identified for sequence M05836:9:000000000-BRTMF:1:1119:25947:4636, skipping.
01-03 17:20 root         DEBUG    No ITS stop or start sites were identified for sequence M05836:9:000000000-BRTMF:1:1119:4993:5260, skipping.
01-03 17:20 root         DEBUG    No ITS stop or start sites were identified for sequence M05836:9:000000000-BRTMF:1:1119:25416:6566, skipping.
01-03 17:20 root         DEBUG    No ITS stop or start sites were identified for sequence M05836:9:000000000-BRTMF:1:1119:12643:6835, skipping.
01-03 17:20 root         DEBUG    No ITS stop or start sites were identified for sequence M05836:9:000000000-BRTMF:1:1119:12624:6838, skipping.
01-03 17:20 root         DEBUG    No ITS stop or start sites were identified for sequence M05836:9:000000000-BRTMF:1:1119:22556:8323, skipping.
01-03 17:20 root         DEBUG    No ITS stop or start sites were identified for sequence M05836:9:000000000-BRTMF:1:1119:17776:9817, skipping.
01-03 17:20 root         DEBUG    No ITS stop or start sites were identified for sequence M05836:9:000000000-BRTMF:1:1119:23473:10138, skipping.
01-03 17:20 root         DEBUG    No ITS stop or start sites were identified for sequence M05836:9:000000000-BRTMF:1:1119:9405:10690, skipping.
01-03 17:20 root         DEBUG    No ITS stop or start sites were identified for sequence M05836:9:000000000-BRTMF:1:1119:9405:10690, skipping.
01-03 17:20 root         DEBUG    No ITS stop or start sites were identified for sequence M05836:9:000000000-BRTMF:1:1119:18383:11947, skipping.
01-03 17:20 root         DEBUG    No ITS stop or start sites were identified for sequence M05836:9:000000000-BRTMF:1:1119:8404:12341, skipping.
01-03 17:20 root         DEBUG    No ITS stop or start sites were identified for sequence M05836:9:000000000-BRTMF:1:1119:29129:12569, skipping.
01-03 17:20 root         DEBUG    No ITS stop or start sites were identified for sequence M05836:9:000000000-BRTMF:1:1119:3180:16552, skipping.
01-03 17:20 root         DEBUG    No ITS stop or start sites were identified for sequence M05836:9:000000000-BRTMF:1:1119:29146:17106, skipping.
01-03 17:20 root         DEBUG    No ITS stop or start sites were identified for sequence M05836:9:000000000-BRTMF:1:1119:13525:19398, skipping.
01-03 17:20 root         DEBUG    No ITS stop or start sites were identified for sequence M05836:9:000000000-BRTMF:1:1119:19300:19728, skipping.
01-03 17:20 root         DEBUG    No ITS stop or start sites were identified for sequence M05836:9:000000000-BRTMF:1:1119:17942:20932, skipping.
01-03 17:20 root         DEBUG    No ITS stop or start sites were identified for sequence M05836:9:000000000-BRTMF:1:2101:15501:3222, skipping.
01-03 17:20 root         DEBUG    No ITS stop or start sites were identified for sequence M05836:9:000000000-BRTMF:1:2101:10679:5302, skipping.
01-03 17:20 root         DEBUG    No ITS stop or start sites were identified for sequence M05836:9:000000000-BRTMF:1:2101:7878:7499, skipping.
01-03 17:20 root         DEBUG    No ITS stop or start sites were identified for sequence M05836:9:000000000-BRTMF:1:2101:15022:9759, skipping.
01-03 17:20 root         DEBUG    No ITS stop or start sites were identified for sequence M05836:9:000000000-BRTMF:1:2101:28136:10025, skipping.
01-03 17:20 root         DEBUG    No ITS stop or start sites were identified for sequence M05836:9:000000000-BRTMF:1:2101:7963:11362, skipping.
01-03 17:20 root         DEBUG    No ITS stop or start sites were identified for sequence M05836:9:000000000-BRTMF:1:2101:2470:11580, skipping.
01-03 17:20 root         DEBUG    No ITS stop or start sites were identified for sequence M05836:9:000000000-BRTMF:1:2101:13060:13612, skipping.
01-03 17:20 root         DEBUG    No ITS stop or start sites were identified for sequence M05836:9:000000000-BRTMF:1:2101:13337:16473, skipping.
01-03 17:20 root         DEBUG    No ITS stop or start sites were identified for sequence M05836:9:000000000-BRTMF:1:2101:10114:17826, skipping.
01-03 17:20 root         DEBUG    No ITS stop or start sites were identified for sequence M05836:9:000000000-BRTMF:1:2101:9346:21870, skipping.
01-03 17:20 root         DEBUG    No ITS stop or start sites were identified for sequence M05836:9:000000000-BRTMF:1:2101:7919:24310, skipping.
01-03 17:20 root         DEBUG    No ITS stop or start sites were identified for sequence M05836:9:000000000-BRTMF:1:2102:24374:3378, skipping.
01-03 17:20 root         DEBUG    No ITS stop or start sites were identified for sequence M05836:9:000000000-BRTMF:1:2102:3054:13358, skipping.
01-03 17:20 root         DEBUG    No ITS stop or start sites were identified for sequence M05836:9:000000000-BRTMF:1:2102:3037:13362, skipping.
01-03 17:20 root         DEBUG    No ITS stop or start sites were identified for sequence M05836:9:000000000-BRTMF:1:2102:22966:13977, skipping.
01-03 17:20 root         DEBUG    No ITS stop or start sites were identified for sequence M05836:9:000000000-BRTMF:1:2102:16616:14173, skipping.
01-03 17:20 root         DEBUG    No ITS stop or start sites were identified for sequence M05836:9:000000000-BRTMF:1:2102:23258:14501, skipping.
01-03 17:20 root         DEBUG    No ITS stop or start sites were identified for sequence M05836:9:000000000-BRTMF:1:2102:15994:16216, skipping.
01-03 17:20 root         DEBUG    No ITS stop or start sites were identified for sequence M05836:9:000000000-BRTMF:1:2102:15979:16226, skipping.
01-03 17:20 root         DEBUG    No ITS stop or start sites were identified for sequence M05836:9:000000000-BRTMF:1:2102:15975:16246, skipping.
01-03 17:20 root         DEBUG    No ITS stop or start sites were identified for sequence M05836:9:000000000-BRTMF:1:2102:9249:16475, skipping.
01-03 17:20 root         DEBUG    No ITS stop or start sites were identified for sequence M05836:9:000000000-BRTMF:1:2102:27379:17554, skipping.
01-03 17:20 root         DEBUG    No ITS stop or start sites were identified for sequence M05836:9:000000000-BRTMF:1:2102:7176:21241, skipping.
01-03 17:20 root         DEBUG    No ITS stop or start sites were identified for sequence M05836:9:000000000-BRTMF:1:2102:14764:23273, skipping.
01-03 17:20 root         DEBUG    No ITS stop or start sites were identified for sequence M05836:9:000000000-BRTMF:1:2102:11226:23663, skipping.
01-03 17:20 root         DEBUG    No ITS stop or start sites were identified for sequence M05836:9:000000000-BRTMF:1:2103:3489:9778, skipping.
01-03 17:20 root         DEBUG    No ITS stop or start sites were identified for sequence M05836:9:000000000-BRTMF:1:2103:3469:9781, skipping.
01-03 17:20 root         DEBUG    No ITS stop or start sites were identified for sequence M05836:9:000000000-BRTMF:1:2103:18135:10035, skipping.
01-03 17:20 root         DEBUG    No ITS stop or start sites were identified for sequence M05836:9:000000000-BRTMF:1:2103:28117:10073, skipping.
01-03 17:20 root         DEBUG    No ITS stop or start sites were identified for sequence M05836:9:000000000-BRTMF:1:2103:16958:10267, skipping.
01-03 17:20 root         DEBUG    No ITS stop or start sites were identified for sequence M05836:9:000000000-BRTMF:1:2103:5131:14535, skipping.
01-03 17:20 root         DEBUG    No ITS stop or start sites were identified for sequence M05836:9:000000000-BRTMF:1:2103:22899:17585, skipping.
01-03 17:20 root         DEBUG    No ITS stop or start sites were identified for sequence M05836:9:000000000-BRTMF:1:2103:6405:19863, skipping.
01-03 17:20 root         DEBUG    No ITS stop or start sites were identified for sequence M05836:9:000000000-BRTMF:1:2103:6395:19878, skipping.
01-03 17:20 root         DEBUG    No ITS stop or start sites were identified for sequence M05836:9:000000000-BRTMF:1:2103:9522:20988, skipping.
01-03 17:20 root         DEBUG    No ITS stop or start sites were identified for sequence M05836:9:000000000-BRTMF:1:2103:14985:21277, skipping.
01-03 17:20 root         DEBUG    No ITS stop or start sites were identified for sequence M05836:9:000000000-BRTMF:1:2103:15603:23182, skipping.
01-03 17:20 root         DEBUG    No ITS stop or start sites were identified for sequence M05836:9:000000000-BRTMF:1:2103:14386:24277, skipping.
01-03 17:20 root         DEBUG    No ITS stop or start sites were identified for sequence M05836:9:000000000-BRTMF:1:2104:20606:4144, skipping.
01-03 17:20 root         DEBUG    No ITS stop or start sites were identified for sequence M05836:9:000000000-BRTMF:1:2104:19694:5877, skipping.
01-03 17:20 root         DEBUG    No ITS stop or start sites were identified for sequence M05836:9:000000000-BRTMF:1:2104:13654:6326, skipping.
01-03 17:20 root         DEBUG    No ITS stop or start sites were identified for sequence M05836:9:000000000-BRTMF:1:2104:18811:6506, skipping.
01-03 17:20 root         DEBUG    No ITS stop or start sites were identified for sequence M05836:9:000000000-BRTMF:1:2104:8909:7696, skipping.
01-03 17:20 root         DEBUG    No ITS stop or start sites were identified for sequence M05836:9:000000000-BRTMF:1:2104:28164:7802, skipping.
01-03 17:20 root         DEBUG    No ITS stop or start sites were identified for sequence M05836:9:000000000-BRTMF:1:2104:10086:8060, skipping.
01-03 17:20 root         DEBUG    No ITS stop or start sites were identified for sequence M05836:9:000000000-BRTMF:1:2104:21405:8894, skipping.
01-03 17:20 root         DEBUG    No ITS stop or start sites were identified for sequence M05836:9:000000000-BRTMF:1:2104:26268:9684, skipping.
01-03 17:20 root         DEBUG    No ITS stop or start sites were identified for sequence M05836:9:000000000-BRTMF:1:2104:12463:16884, skipping.
01-03 17:20 root         DEBUG    No ITS stop or start sites were identified for sequence M05836:9:000000000-BRTMF:1:2104:16607:21186, skipping.
01-03 17:20 root         DEBUG    No ITS stop or start sites were identified for sequence M05836:9:000000000-BRTMF:1:2105:16021:2001, skipping.
01-03 17:20 root         DEBUG    No ITS stop or start sites were identified for sequence M05836:9:000000000-BRTMF:1:2105:12997:6496, skipping.
01-03 17:20 root         DEBUG    No ITS stop or start sites were identified for sequence M05836:9:000000000-BRTMF:1:2105:20448:8984, skipping.
01-03 17:20 root         DEBUG    No ITS stop or start sites were identified for sequence M05836:9:000000000-BRTMF:1:2105:4741:10761, skipping.
01-03 17:20 root         DEBUG    No ITS stop or start sites were identified for sequence M05836:9:000000000-BRTMF:1:2105:18230:11082, skipping.
01-03 17:20 root         DEBUG    No ITS stop or start sites were identified for sequence M05836:9:000000000-BRTMF:1:2105:15919:11904, skipping.
01-03 17:20 root         DEBUG    No ITS stop or start sites were identified for sequence M05836:9:000000000-BRTMF:1:2105:4602:11948, skipping.
01-03 17:20 root         DEBUG    No ITS stop or start sites were identified for sequence M05836:9:000000000-BRTMF:1:2105:19428:12997, skipping.
01-03 17:20 root         DEBUG    No ITS stop or start sites were identified for sequence M05836:9:000000000-BRTMF:1:2105:20331:13588, skipping.
01-03 17:20 root         DEBUG    No ITS stop or start sites were identified for sequence M05836:9:000000000-BRTMF:1:2105:5234:13619, skipping.
01-03 17:20 root         DEBUG    No ITS stop or start sites were identified for sequence M05836:9:000000000-BRTMF:1:2105:3500:14736, skipping.
01-03 17:20 root         DEBUG    No ITS stop or start sites were identified for sequence M05836:9:000000000-BRTMF:1:2105:26263:16276, skipping.
01-03 17:20 root         DEBUG    No ITS stop or start sites were identified for sequence M05836:9:000000000-BRTMF:1:2105:13620:16277, skipping.
01-03 17:20 root         DEBUG    No ITS stop or start sites were identified for sequence M05836:9:000000000-BRTMF:1:2105:3059:17810, skipping.
01-03 17:20 root         DEBUG    No ITS stop or start sites were identified for sequence M05836:9:000000000-BRTMF:1:2105:4443:18809, skipping.
01-03 17:20 root         DEBUG    No ITS stop or start sites were identified for sequence M05836:9:000000000-BRTMF:1:2105:8399:20364, skipping.
01-03 17:20 root         DEBUG    No ITS stop or start sites were identified for sequence M05836:9:000000000-BRTMF:1:2105:9974:24314, skipping.
01-03 17:20 root         DEBUG    No ITS stop or start sites were identified for sequence M05836:9:000000000-BRTMF:1:2105:9972:24333, skipping.
01-03 17:20 root         DEBUG    No ITS stop or start sites were identified for sequence M05836:9:000000000-BRTMF:1:2106:6047:4971, skipping.
01-03 17:20 root         DEBUG    No ITS stop or start sites were identified for sequence M05836:9:000000000-BRTMF:1:2106:22517:6063, skipping.
01-03 17:20 root         DEBUG    No ITS stop or start sites were identified for sequence M05836:9:000000000-BRTMF:1:2106:15830:6182, skipping.
01-03 17:20 root         DEBUG    No ITS stop or start sites were identified for sequence M05836:9:000000000-BRTMF:1:2106:24214:8138, skipping.
01-03 17:20 root         DEBUG    No ITS stop or start sites were identified for sequence M05836:9:000000000-BRTMF:1:2106:3425:9201, skipping.
01-03 17:20 root         DEBUG    No ITS stop or start sites were identified for sequence M05836:9:000000000-BRTMF:1:2106:18180:9500, skipping.
01-03 17:20 root         DEBUG    No ITS stop or start sites were identified for sequence M05836:9:000000000-BRTMF:1:2106:23279:10101, skipping.
01-03 17:20 root         DEBUG    No ITS stop or start sites were identified for sequence M05836:9:000000000-BRTMF:1:2106:13812:14641, skipping.
01-03 17:20 root         DEBUG    No ITS stop or start sites were identified for sequence M05836:9:000000000-BRTMF:1:2106:11520:15426, skipping.
01-03 17:20 root         DEBUG    No ITS stop or start sites were identified for sequence M05836:9:000000000-BRTMF:1:2106:11503:15430, skipping.
01-03 17:20 root         DEBUG    No ITS stop or start sites were identified for sequence M05836:9:000000000-BRTMF:1:2106:28918:16462, skipping.
01-03 17:20 root         DEBUG    No ITS stop or start sites were identified for sequence M05836:9:000000000-BRTMF:1:2106:8422:16709, skipping.
01-03 17:20 root         DEBUG    No ITS stop or start sites were identified for sequence M05836:9:000000000-BRTMF:1:2106:12201:17569, skipping.
01-03 17:20 root         DEBUG    No ITS stop or start sites were identified for sequence M05836:9:000000000-BRTMF:1:2106:18270:18740, skipping.
01-03 17:20 root         DEBUG    No ITS stop or start sites were identified for sequence M05836:9:000000000-BRTMF:1:2106:19472:20164, skipping.
01-03 17:20 root         DEBUG    No ITS stop or start sites were identified for sequence M05836:9:000000000-BRTMF:1:2106:15780:22328, skipping.
01-03 17:20 root         DEBUG    No ITS stop or start sites were identified for sequence M05836:9:000000000-BRTMF:1:2106:24639:22372, skipping.
01-03 17:20 root         DEBUG    No ITS stop or start sites were identified for sequence M05836:9:000000000-BRTMF:1:2106:24656:22382, skipping.
01-03 17:20 root         DEBUG    No ITS stop or start sites were identified for sequence M05836:9:000000000-BRTMF:1:2106:8777:23251, skipping.
01-03 17:20 root         DEBUG    No ITS stop or start sites were identified for sequence M05836:9:000000000-BRTMF:1:2107:15620:6505, skipping.
01-03 17:20 root         DEBUG    No ITS stop or start sites were identified for sequence M05836:9:000000000-BRTMF:1:2107:21101:8603, skipping.
01-03 17:20 root         DEBUG    No ITS stop or start sites were identified for sequence M05836:9:000000000-BRTMF:1:2107:21101:8603, skipping.
01-03 17:20 root         DEBUG    No ITS stop or start sites were identified for sequence M05836:9:000000000-BRTMF:1:2107:28350:11856, skipping.
01-03 17:20 root         DEBUG    No ITS stop or start sites were identified for sequence M05836:9:000000000-BRTMF:1:2107:10186:16782, skipping.
01-03 17:20 root         DEBUG    No ITS stop or start sites were identified for sequence M05836:9:000000000-BRTMF:1:1115:12976:22227, skipping.
01-03 17:20 root         DEBUG    No ITS stop or start sites were identified for sequence M05836:9:000000000-BRTMF:1:2107:15855:19001, skipping.
01-03 17:20 root         DEBUG    No ITS stop or start sites were identified for sequence M05836:9:000000000-BRTMF:1:2107:24480:20803, skipping.
01-03 17:20 root         DEBUG    No ITS stop or start sites were identified for sequence M05836:9:000000000-BRTMF:1:1102:20277:17619, skipping.
01-03 17:20 root         DEBUG    No ITS stop or start sites were identified for sequence M05836:9:000000000-BRTMF:1:2108:21217:2382, skipping.
01-03 17:20 root         DEBUG    No ITS stop or start sites were identified for sequence M05836:9:000000000-BRTMF:1:2108:15014:4528, skipping.
01-03 17:20 root         DEBUG    No ITS stop or start sites were identified for sequence M05836:9:000000000-BRTMF:1:2108:15780:4798, skipping.
01-03 17:20 root         DEBUG    No ITS stop or start sites were identified for sequence M05836:9:000000000-BRTMF:1:2108:13257:6931, skipping.
01-03 17:20 root         DEBUG    No ITS stop or start sites were identified for sequence M05836:9:000000000-BRTMF:1:2108:19448:6935, skipping.
01-03 17:20 root         DEBUG    No ITS stop or start sites were identified for sequence M05836:9:000000000-BRTMF:1:2108:16459:7418, skipping.
01-03 17:20 root         DEBUG    No ITS stop or start sites were identified for sequence M05836:9:000000000-BRTMF:1:2108:4933:7686, skipping.
01-03 17:20 root         DEBUG    No ITS stop or start sites were identified for sequence M05836:9:000000000-BRTMF:1:2108:11447:9277, skipping.
01-03 17:20 root         DEBUG    No ITS stop or start sites were identified for sequence M05836:9:000000000-BRTMF:1:2108:27823:9333, skipping.
01-03 17:20 root         DEBUG    No ITS stop or start sites were identified for sequence M05836:9:000000000-BRTMF:1:2108:7830:9342, skipping.
01-03 17:20 root         DEBUG    No ITS stop or start sites were identified for sequence M05836:9:000000000-BRTMF:1:2108:12213:10020, skipping.
01-03 17:20 root         DEBUG    No ITS stop or start sites were identified for sequence M05836:9:000000000-BRTMF:1:2108:25058:10264, skipping.
01-03 17:20 root         DEBUG    No ITS stop or start sites were identified for sequence M05836:9:000000000-BRTMF:1:2108:12143:11000, skipping.
01-03 17:20 root         DEBUG    No ITS stop or start sites were identified for sequence M05836:9:000000000-BRTMF:1:2108:24690:12601, skipping.
01-03 17:20 root         DEBUG    No ITS stop or start sites were identified for sequence M05836:9:000000000-BRTMF:1:2108:24688:12621, skipping.
01-03 17:20 root         DEBUG    No ITS stop or start sites were identified for sequence M05836:9:000000000-BRTMF:1:2108:20833:12865, skipping.
01-03 17:20 root         DEBUG    No ITS stop or start sites were identified for sequence M05836:9:000000000-BRTMF:1:2108:23140:13541, skipping.
01-03 17:20 root         DEBUG    No ITS stop or start sites were identified for sequence M05836:9:000000000-BRTMF:1:2108:10775:15241, skipping.
01-03 17:20 root         DEBUG    No ITS stop or start sites were identified for sequence M05836:9:000000000-BRTMF:1:2108:21873:24400, skipping.
01-03 17:20 root         DEBUG    No ITS stop or start sites were identified for sequence M05836:9:000000000-BRTMF:1:2109:19098:3529, skipping.
01-03 17:20 root         DEBUG    No ITS stop or start sites were identified for sequence M05836:9:000000000-BRTMF:1:2109:8490:7705, skipping.
01-03 17:20 root         DEBUG    No ITS stop or start sites were identified for sequence M05836:9:000000000-BRTMF:1:2109:4795:10636, skipping.
01-03 17:20 root         DEBUG    No ITS stop or start sites were identified for sequence M05836:9:000000000-BRTMF:1:2109:24502:14317, skipping.
01-03 17:20 root         DEBUG    No ITS stop or start sites were identified for sequence M05836:9:000000000-BRTMF:1:2109:27966:15892, skipping.
01-03 17:20 root         DEBUG    No ITS stop or start sites were identified for sequence M05836:9:000000000-BRTMF:1:2109:23939:16299, skipping.
01-03 17:20 root         DEBUG    No ITS stop or start sites were identified for sequence M05836:9:000000000-BRTMF:1:2109:25349:17898, skipping.
01-03 17:20 root         DEBUG    No ITS stop or start sites were identified for sequence M05836:9:000000000-BRTMF:1:2109:6461:18438, skipping.
01-03 17:20 root         DEBUG    No ITS stop or start sites were identified for sequence M05836:9:000000000-BRTMF:1:2109:6480:18440, skipping.
01-03 17:20 root         DEBUG    No ITS stop or start sites were identified for sequence M05836:9:000000000-BRTMF:1:2109:15303:19734, skipping.
01-03 17:20 root         DEBUG    No ITS stop or start sites were identified for sequence M05836:9:000000000-BRTMF:1:2109:20388:20348, skipping.
01-03 17:20 root         DEBUG    No ITS stop or start sites were identified for sequence M05836:9:000000000-BRTMF:1:2109:11049:21096, skipping.
01-03 17:20 root         DEBUG    No ITS stop or start sites were identified for sequence M05836:9:000000000-BRTMF:1:2109:18265:23458, skipping.
01-03 17:20 root         DEBUG    No ITS stop or start sites were identified for sequence M05836:9:000000000-BRTMF:1:2110:21584:2445, skipping.
01-03 17:20 root         DEBUG    No ITS stop or start sites were identified for sequence M05836:9:000000000-BRTMF:1:2110:21569:3340, skipping.
01-03 17:20 root         DEBUG    No ITS stop or start sites were identified for sequence M05836:9:000000000-BRTMF:1:2110:25258:3553, skipping.
01-03 17:20 root         DEBUG    No ITS stop or start sites were identified for sequence M05836:9:000000000-BRTMF:1:2110:13993:3703, skipping.
01-03 17:20 root         DEBUG    No ITS stop or start sites were identified for sequence M05836:9:000000000-BRTMF:1:2110:23276:5547, skipping.
01-03 17:20 root         DEBUG    No ITS stop or start sites were identified for sequence M05836:9:000000000-BRTMF:1:2110:10441:7167, skipping.
01-03 17:20 root         DEBUG    No ITS stop or start sites were identified for sequence M05836:9:000000000-BRTMF:1:2110:6803:7489, skipping.
01-03 17:20 root         DEBUG    No ITS stop or start sites were identified for sequence M05836:9:000000000-BRTMF:1:2110:13583:9777, skipping.
01-03 17:20 root         DEBUG    No ITS stop or start sites were identified for sequence M05836:9:000000000-BRTMF:1:2110:11439:11044, skipping.
01-03 17:20 root         DEBUG    No ITS stop or start sites were identified for sequence M05836:9:000000000-BRTMF:1:2110:9651:12567, skipping.
01-03 17:20 root         DEBUG    No ITS stop or start sites were identified for sequence M05836:9:000000000-BRTMF:1:2110:27197:13812, skipping.
01-03 17:20 root         DEBUG    No ITS stop or start sites were identified for sequence M05836:9:000000000-BRTMF:1:2110:18468:14400, skipping.
01-03 17:20 root         DEBUG    No ITS stop or start sites were identified for sequence M05836:9:000000000-BRTMF:1:2110:10426:14549, skipping.
01-03 17:20 root         DEBUG    No ITS stop or start sites were identified for sequence M05836:9:000000000-BRTMF:1:2110:15045:14935, skipping.
01-03 17:20 root         DEBUG    No ITS stop or start sites were identified for sequence M05836:9:000000000-BRTMF:1:2110:12211:16183, skipping.
01-03 17:20 root         DEBUG    No ITS stop or start sites were identified for sequence M05836:9:000000000-BRTMF:1:2110:26287:17001, skipping.
01-03 17:20 root         DEBUG    No ITS stop or start sites were identified for sequence M05836:9:000000000-BRTMF:1:2110:15221:17006, skipping.
01-03 17:20 root         DEBUG    No ITS stop or start sites were identified for sequence M05836:9:000000000-BRTMF:1:2110:7829:20439, skipping.
01-03 17:20 root         DEBUG    No ITS stop or start sites were identified for sequence M05836:9:000000000-BRTMF:1:2110:16863:20601, skipping.
01-03 17:20 root         DEBUG    No ITS stop or start sites were identified for sequence M05836:9:000000000-BRTMF:1:2110:8410:20672, skipping.
01-03 17:20 root         DEBUG    No ITS stop or start sites were identified for sequence M05836:9:000000000-BRTMF:1:2110:11314:22150, skipping.
01-03 17:20 root         DEBUG    No ITS stop or start sites were identified for sequence M05836:9:000000000-BRTMF:1:2110:15823:22878, skipping.
01-03 17:20 root         DEBUG    No ITS stop or start sites were identified for sequence M05836:9:000000000-BRTMF:1:2110:15840:22889, skipping.
01-03 17:20 root         DEBUG    No ITS stop or start sites were identified for sequence M05836:9:000000000-BRTMF:1:2110:15071:23259, skipping.
01-03 17:20 root         DEBUG    No ITS stop or start sites were identified for sequence M05836:9:000000000-BRTMF:1:2111:19055:1914, skipping.
01-03 17:20 root         DEBUG    No ITS stop or start sites were identified for sequence M05836:9:000000000-BRTMF:1:2111:11244:5816, skipping.
01-03 17:20 root         DEBUG    No ITS stop or start sites were identified for sequence M05836:9:000000000-BRTMF:1:2111:18024:6123, skipping.
01-03 17:20 root         DEBUG    No ITS stop or start sites were identified for sequence M05836:9:000000000-BRTMF:1:2111:16393:9229, skipping.
01-03 17:20 root         DEBUG    No ITS stop or start sites were identified for sequence M05836:9:000000000-BRTMF:1:2111:4770:10128, skipping.
01-03 17:20 root         DEBUG    No ITS stop or start sites were identified for sequence M05836:9:000000000-BRTMF:1:2111:28479:10540, skipping.
01-03 17:20 root         DEBUG    No ITS stop or start sites were identified for sequence M05836:9:000000000-BRTMF:1:2111:23192:10925, skipping.
01-03 17:20 root         DEBUG    No ITS stop or start sites were identified for sequence M05836:9:000000000-BRTMF:1:2103:14386:24277, skipping.
01-03 17:20 root         DEBUG    No ITS stop or start sites were identified for sequence M05836:9:000000000-BRTMF:1:2101:15022:9759, skipping.
01-03 17:20 root         DEBUG    No ITS stop or start sites were identified for sequence M05836:9:000000000-BRTMF:1:2111:22168:13967, skipping.
01-03 17:20 root         DEBUG    No ITS stop or start sites were identified for sequence M05836:9:000000000-BRTMF:1:2111:19236:22360, skipping.
01-03 17:20 root         DEBUG    No ITS stop or start sites were identified for sequence M05836:9:000000000-BRTMF:1:2111:16335:22471, skipping.
01-03 17:20 root         DEBUG    No ITS stop or start sites were identified for sequence M05836:9:000000000-BRTMF:1:2112:23469:4579, skipping.
01-03 17:20 root         DEBUG    No ITS stop or start sites were identified for sequence M05836:9:000000000-BRTMF:1:2112:19065:6188, skipping.
01-03 17:20 root         DEBUG    No ITS stop or start sites were identified for sequence M05836:9:000000000-BRTMF:1:2112:12760:6403, skipping.
01-03 17:20 root         DEBUG    No ITS stop or start sites were identified for sequence M05836:9:000000000-BRTMF:1:2112:20348:7263, skipping.
01-03 17:20 root         DEBUG    No ITS stop or start sites were identified for sequence M05836:9:000000000-BRTMF:1:2112:14954:9878, skipping.
01-03 17:20 root         DEBUG    No ITS stop or start sites were identified for sequence M05836:9:000000000-BRTMF:1:2112:12243:12058, skipping.
01-03 17:20 root         DEBUG    No ITS stop or start sites were identified for sequence M05836:9:000000000-BRTMF:1:2112:12224:12061, skipping.
01-03 17:20 root         DEBUG    No ITS stop or start sites were identified for sequence M05836:9:000000000-BRTMF:1:2112:3378:12090, skipping.
01-03 17:20 root         DEBUG    No ITS stop or start sites were identified for sequence M05836:9:000000000-BRTMF:1:2112:28095:12234, skipping.
01-03 17:20 root         DEBUG    No ITS stop or start sites were identified for sequence M05836:9:000000000-BRTMF:1:2112:17342:13450, skipping.
01-03 17:20 root         DEBUG    No ITS stop or start sites were identified for sequence M05836:9:000000000-BRTMF:1:2112:15538:16557, skipping.
01-03 17:20 root         DEBUG    No ITS stop or start sites were identified for sequence M05836:9:000000000-BRTMF:1:2112:3046:16961, skipping.
01-03 17:20 root         DEBUG    No ITS stop or start sites were identified for sequence M05836:9:000000000-BRTMF:1:2112:19192:17323, skipping.
01-03 17:20 root         DEBUG    No ITS stop or start sites were identified for sequence M05836:9:000000000-BRTMF:1:2112:5824:19199, skipping.
01-03 17:20 root         DEBUG    No ITS stop or start sites were identified for sequence M05836:9:000000000-BRTMF:1:2112:18637:19594, skipping.
01-03 17:20 root         DEBUG    No ITS stop or start sites were identified for sequence M05836:9:000000000-BRTMF:1:2112:16292:19787, skipping.
01-03 17:20 root         DEBUG    No ITS stop or start sites were identified for sequence M05836:9:000000000-BRTMF:1:2112:20035:20423, skipping.
01-03 17:20 root         DEBUG    No ITS stop or start sites were identified for sequence M05836:9:000000000-BRTMF:1:2112:24536:21479, skipping.
01-03 17:20 root         DEBUG    No ITS stop or start sites were identified for sequence M05836:9:000000000-BRTMF:1:2112:24536:21479, skipping.
01-03 17:20 root         DEBUG    No ITS stop or start sites were identified for sequence M05836:9:000000000-BRTMF:1:2112:21562:25046, skipping.
01-03 17:20 root         DEBUG    No ITS stop or start sites were identified for sequence M05836:9:000000000-BRTMF:1:2113:15404:2996, skipping.
01-03 17:20 root         DEBUG    No ITS stop or start sites were identified for sequence M05836:9:000000000-BRTMF:1:1104:18197:14732, skipping.
01-03 17:20 root         DEBUG    No ITS stop or start sites were identified for sequence M05836:9:000000000-BRTMF:1:2113:19957:7298, skipping.
01-03 17:20 root         DEBUG    No ITS stop or start sites were identified for sequence M05836:9:000000000-BRTMF:1:2113:6889:7801, skipping.
01-03 17:20 root         DEBUG    No ITS stop or start sites were identified for sequence M05836:9:000000000-BRTMF:1:2113:16351:8348, skipping.
01-03 17:20 root         DEBUG    No ITS stop or start sites were identified for sequence M05836:9:000000000-BRTMF:1:2113:28650:8710, skipping.
01-03 17:20 root         DEBUG    No ITS stop or start sites were identified for sequence M05836:9:000000000-BRTMF:1:2113:6868:11211, skipping.
01-03 17:20 root         DEBUG    No ITS stop or start sites were identified for sequence M05836:9:000000000-BRTMF:1:2113:29417:11430, skipping.
01-03 17:20 root         DEBUG    No ITS stop or start sites were identified for sequence M05836:9:000000000-BRTMF:1:2113:7253:12745, skipping.
01-03 17:20 root         DEBUG    No ITS stop or start sites were identified for sequence M05836:9:000000000-BRTMF:1:2113:7512:13065, skipping.
01-03 17:20 root         DEBUG    No ITS stop or start sites were identified for sequence M05836:9:000000000-BRTMF:1:2113:16918:13646, skipping.
01-03 17:20 root         DEBUG    No ITS stop or start sites were identified for sequence M05836:9:000000000-BRTMF:1:2113:5961:16257, skipping.
01-03 17:20 root         DEBUG    No ITS stop or start sites were identified for sequence M05836:9:000000000-BRTMF:1:2113:11826:16282, skipping.
01-03 17:20 root         DEBUG    No ITS stop or start sites were identified for sequence M05836:9:000000000-BRTMF:1:2113:13517:18102, skipping.
01-03 17:20 root         DEBUG    No ITS stop or start sites were identified for sequence M05836:9:000000000-BRTMF:1:2113:15181:21997, skipping.
01-03 17:20 root         DEBUG    No ITS stop or start sites were identified for sequence M05836:9:000000000-BRTMF:1:2113:21463:22486, skipping.
01-03 17:20 root         DEBUG    No ITS stop or start sites were identified for sequence M05836:9:000000000-BRTMF:1:2113:11879:22886, skipping.
01-03 17:20 root         DEBUG    No ITS stop or start sites were identified for sequence M05836:9:000000000-BRTMF:1:2113:15603:23204, skipping.
01-03 17:20 root         DEBUG    No ITS stop or start sites were identified for sequence M05836:9:000000000-BRTMF:1:2113:10151:23719, skipping.
01-03 17:20 root         DEBUG    No ITS stop or start sites were identified for sequence M05836:9:000000000-BRTMF:1:2114:9130:2210, skipping.
01-03 17:20 root         DEBUG    No ITS stop or start sites were identified for sequence M05836:9:000000000-BRTMF:1:2114:17372:6133, skipping.
01-03 17:20 root         DEBUG    No ITS stop or start sites were identified for sequence M05836:9:000000000-BRTMF:1:2114:19368:6862, skipping.
01-03 17:20 root         DEBUG    No ITS stop or start sites were identified for sequence M05836:9:000000000-BRTMF:1:2114:27370:10460, skipping.
01-03 17:20 root         DEBUG    No ITS stop or start sites were identified for sequence M05836:9:000000000-BRTMF:1:2114:11253:11228, skipping.
01-03 17:20 root         DEBUG    No ITS stop or start sites were identified for sequence M05836:9:000000000-BRTMF:1:2114:21117:11612, skipping.
01-03 17:20 root         DEBUG    No ITS stop or start sites were identified for sequence M05836:9:000000000-BRTMF:1:2114:18997:11902, skipping.
01-03 17:20 root         DEBUG    No ITS stop or start sites were identified for sequence M05836:9:000000000-BRTMF:1:2114:7229:13243, skipping.
01-03 17:20 root         DEBUG    No ITS stop or start sites were identified for sequence M05836:9:000000000-BRTMF:1:2114:16747:14047, skipping.
01-03 17:20 root         DEBUG    No ITS stop or start sites were identified for sequence M05836:9:000000000-BRTMF:1:2114:22273:14078, skipping.
01-03 17:20 root         DEBUG    No ITS stop or start sites were identified for sequence M05836:9:000000000-BRTMF:1:2114:13015:19076, skipping.
01-03 17:20 root         DEBUG    No ITS stop or start sites were identified for sequence M05836:9:000000000-BRTMF:1:2114:3647:19268, skipping.
01-03 17:20 root         DEBUG    No ITS stop or start sites were identified for sequence M05836:9:000000000-BRTMF:1:2114:21333:19692, skipping.
01-03 17:20 root         DEBUG    No ITS stop or start sites were identified for sequence M05836:9:000000000-BRTMF:1:2114:25317:20033, skipping.
01-03 17:20 root         DEBUG    No ITS stop or start sites were identified for sequence M05836:9:000000000-BRTMF:1:2114:9156:21153, skipping.
01-03 17:20 root         DEBUG    No ITS stop or start sites were identified for sequence M05836:9:000000000-BRTMF:1:2114:7992:22113, skipping.
01-03 17:20 root         DEBUG    No ITS stop or start sites were identified for sequence M05836:9:000000000-BRTMF:1:2114:12311:22963, skipping.
01-03 17:20 root         DEBUG    No ITS stop or start sites were identified for sequence M05836:9:000000000-BRTMF:1:2114:13971:23954, skipping.
01-03 17:20 root         DEBUG    No ITS stop or start sites were identified for sequence M05836:9:000000000-BRTMF:1:2114:14213:24675, skipping.
01-03 17:20 root         DEBUG    No ITS stop or start sites were identified for sequence M05836:9:000000000-BRTMF:1:2115:9559:4788, skipping.
01-03 17:20 root         DEBUG    No ITS stop or start sites were identified for sequence M05836:9:000000000-BRTMF:1:2115:23005:5003, skipping.
01-03 17:20 root         DEBUG    No ITS stop or start sites were identified for sequence M05836:9:000000000-BRTMF:1:2115:10656:7891, skipping.
01-03 17:20 root         DEBUG    No ITS stop or start sites were identified for sequence M05836:9:000000000-BRTMF:1:2115:19004:9299, skipping.
01-03 17:20 root         DEBUG    No ITS stop or start sites were identified for sequence M05836:9:000000000-BRTMF:1:2115:6760:11218, skipping.
01-03 17:20 root         DEBUG    No ITS stop or start sites were identified for sequence M05836:9:000000000-BRTMF:1:2115:3893:12073, skipping.
01-03 17:20 root         DEBUG    No ITS stop or start sites were identified for sequence M05836:9:000000000-BRTMF:1:2115:8554:12891, skipping.
01-03 17:20 root         DEBUG    No ITS stop or start sites were identified for sequence M05836:9:000000000-BRTMF:1:2115:27464:13294, skipping.
01-03 17:20 root         DEBUG    No ITS stop or start sites were identified for sequence M05836:9:000000000-BRTMF:1:2115:4628:13813, skipping.
01-03 17:20 root         DEBUG    No ITS stop or start sites were identified for sequence M05836:9:000000000-BRTMF:1:2115:14628:15068, skipping.
01-03 17:20 root         DEBUG    No ITS stop or start sites were identified for sequence M05836:9:000000000-BRTMF:1:2115:14628:15068, skipping.
01-03 17:20 root         DEBUG    No ITS stop or start sites were identified for sequence M05836:9:000000000-BRTMF:1:2115:10167:21016, skipping.
01-03 17:20 root         DEBUG    No ITS stop or start sites were identified for sequence M05836:9:000000000-BRTMF:1:2116:20702:2067, skipping.
01-03 17:20 root         DEBUG    No ITS stop or start sites were identified for sequence M05836:9:000000000-BRTMF:1:2116:8477:2871, skipping.
01-03 17:20 root         DEBUG    No ITS stop or start sites were identified for sequence M05836:9:000000000-BRTMF:1:2116:11971:4711, skipping.
01-03 17:20 root         DEBUG    No ITS stop or start sites were identified for sequence M05836:9:000000000-BRTMF:1:2116:21000:6792, skipping.
01-03 17:20 root         DEBUG    No ITS stop or start sites were identified for sequence M05836:9:000000000-BRTMF:1:2116:27486:7893, skipping.
01-03 17:20 root         DEBUG    No ITS stop or start sites were identified for sequence M05836:9:000000000-BRTMF:1:2116:16814:8808, skipping.
01-03 17:20 root         DEBUG    No ITS stop or start sites were identified for sequence M05836:9:000000000-BRTMF:1:2116:4938:10435, skipping.
01-03 17:20 root         DEBUG    No ITS stop or start sites were identified for sequence M05836:9:000000000-BRTMF:1:2116:27661:13581, skipping.
01-03 17:20 root         DEBUG    No ITS stop or start sites were identified for sequence M05836:9:000000000-BRTMF:1:2116:6837:13686, skipping.
01-03 17:20 root         DEBUG    No ITS stop or start sites were identified for sequence M05836:9:000000000-BRTMF:1:2116:20863:15170, skipping.
01-03 17:20 root         DEBUG    No ITS stop or start sites were identified for sequence M05836:9:000000000-BRTMF:1:2116:16362:18569, skipping.
01-03 17:20 root         DEBUG    No ITS stop or start sites were identified for sequence M05836:9:000000000-BRTMF:1:2116:4632:19235, skipping.
01-03 17:20 root         DEBUG    No ITS stop or start sites were identified for sequence M05836:9:000000000-BRTMF:1:2116:14208:20185, skipping.
01-03 17:20 root         DEBUG    No ITS stop or start sites were identified for sequence M05836:9:000000000-BRTMF:1:2117:13277:1909, skipping.
01-03 17:20 root         DEBUG    No ITS stop or start sites were identified for sequence M05836:9:000000000-BRTMF:1:2117:23602:2647, skipping.
01-03 17:20 root         DEBUG    No ITS stop or start sites were identified for sequence M05836:9:000000000-BRTMF:1:2117:16199:4488, skipping.
01-03 17:20 root         DEBUG    No ITS stop or start sites were identified for sequence M05836:9:000000000-BRTMF:1:2117:14659:7564, skipping.
01-03 17:20 root         DEBUG    No ITS stop or start sites were identified for sequence M05836:9:000000000-BRTMF:1:2117:9018:7977, skipping.
01-03 17:20 root         DEBUG    No ITS stop or start sites were identified for sequence M05836:9:000000000-BRTMF:1:2117:12761:8425, skipping.
01-03 17:20 root         DEBUG    No ITS stop or start sites were identified for sequence M05836:9:000000000-BRTMF:1:2117:22239:8476, skipping.
01-03 17:20 root         DEBUG    No ITS stop or start sites were identified for sequence M05836:9:000000000-BRTMF:1:2117:25180:8703, skipping.
01-03 17:20 root         DEBUG    No ITS stop or start sites were identified for sequence M05836:9:000000000-BRTMF:1:2117:27946:11895, skipping.
01-03 17:20 root         DEBUG    No ITS stop or start sites were identified for sequence M05836:9:000000000-BRTMF:1:1102:17153:15312, skipping.
01-03 17:20 root         DEBUG    No ITS stop or start sites were identified for sequence M05836:9:000000000-BRTMF:1:2117:4501:12490, skipping.
01-03 17:20 root         DEBUG    No ITS stop or start sites were identified for sequence M05836:9:000000000-BRTMF:1:2117:21296:14364, skipping.
01-03 17:20 root         DEBUG    No ITS stop or start sites were identified for sequence M05836:9:000000000-BRTMF:1:2117:10808:15187, skipping.
01-03 17:20 root         DEBUG    No ITS stop or start sites were identified for sequence M05836:9:000000000-BRTMF:1:2117:16365:15500, skipping.
01-03 17:20 root         DEBUG    No ITS stop or start sites were identified for sequence M05836:9:000000000-BRTMF:1:2117:12329:19889, skipping.
01-03 17:20 root         DEBUG    No ITS stop or start sites were identified for sequence M05836:9:000000000-BRTMF:1:2117:15803:21195, skipping.
01-03 17:20 root         DEBUG    No ITS stop or start sites were identified for sequence M05836:9:000000000-BRTMF:1:2117:6350:22423, skipping.
01-03 17:20 root         DEBUG    No ITS stop or start sites were identified for sequence M05836:9:000000000-BRTMF:1:2117:10668:23794, skipping.
01-03 17:20 root         DEBUG    No ITS stop or start sites were identified for sequence M05836:9:000000000-BRTMF:1:2117:23222:24699, skipping.
01-03 17:20 root         DEBUG    No ITS stop or start sites were identified for sequence M05836:9:000000000-BRTMF:1:2118:19865:4887, skipping.
01-03 17:20 root         DEBUG    No ITS stop or start sites were identified for sequence M05836:9:000000000-BRTMF:1:2118:23827:7177, skipping.
01-03 17:20 root         DEBUG    No ITS stop or start sites were identified for sequence M05836:9:000000000-BRTMF:1:2118:5735:7202, skipping.
01-03 17:20 root         DEBUG    No ITS stop or start sites were identified for sequence M05836:9:000000000-BRTMF:1:2114:25317:20033, skipping.
01-03 17:20 root         DEBUG    No ITS stop or start sites were identified for sequence M05836:9:000000000-BRTMF:1:2118:27958:10194, skipping.
01-03 17:20 root         DEBUG    No ITS stop or start sites were identified for sequence M05836:9:000000000-BRTMF:1:2118:9577:10893, skipping.
01-03 17:20 root         DEBUG    No ITS stop or start sites were identified for sequence M05836:9:000000000-BRTMF:1:2118:3973:11572, skipping.
01-03 17:20 root         DEBUG    No ITS stop or start sites were identified for sequence M05836:9:000000000-BRTMF:1:2118:28102:15151, skipping.
01-03 17:20 root         DEBUG    No ITS stop or start sites were identified for sequence M05836:9:000000000-BRTMF:1:2118:24468:15757, skipping.
01-03 17:20 root         DEBUG    No ITS stop or start sites were identified for sequence M05836:9:000000000-BRTMF:1:2118:15020:18477, skipping.
01-03 17:20 root         DEBUG    No ITS stop or start sites were identified for sequence M05836:9:000000000-BRTMF:1:2118:23382:19835, skipping.
01-03 17:20 root         DEBUG    No ITS stop or start sites were identified for sequence M05836:9:000000000-BRTMF:1:2114:25317:20033, skipping.
01-03 17:20 root         DEBUG    No ITS stop or start sites were identified for sequence M05836:9:000000000-BRTMF:1:2119:23423:7712, skipping.
01-03 17:20 root         DEBUG    No ITS stop or start sites were identified for sequence M05836:9:000000000-BRTMF:1:2119:19642:7771, skipping.
01-03 17:20 root         DEBUG    No ITS stop or start sites were identified for sequence M05836:9:000000000-BRTMF:1:2119:13635:7773, skipping.
01-03 17:20 root         DEBUG    No ITS stop or start sites were identified for sequence M05836:9:000000000-BRTMF:1:2119:24922:8900, skipping.
01-03 17:20 root         DEBUG    No ITS stop or start sites were identified for sequence M05836:9:000000000-BRTMF:1:2119:20266:9142, skipping.
01-03 17:20 root         DEBUG    No ITS stop or start sites were identified for sequence M05836:9:000000000-BRTMF:1:2119:18481:13293, skipping.
01-03 17:20 root         DEBUG    No ITS stop or start sites were identified for sequence M05836:9:000000000-BRTMF:1:2119:18419:16217, skipping.
01-03 17:20 root         DEBUG    No ITS stop or start sites were identified for sequence M05836:9:000000000-BRTMF:1:2119:18607:16309, skipping.
01-03 17:20 root         DEBUG    No ITS stop or start sites were identified for sequence M05836:9:000000000-BRTMF:1:2119:21017:16593, skipping.
01-03 17:20 root         DEBUG    No ITS stop or start sites were identified for sequence M05836:9:000000000-BRTMF:1:2119:27973:19516, skipping.
01-03 17:20 root         DEBUG    No ITS stop or start sites were identified for sequence M05836:9:000000000-BRTMF:1:2119:20028:22213, skipping.
01-03 17:20 root         INFO     ITSxpress ran in 00:02:01
