01-03 17:24 root         INFO     Verifying the input sequences.
01-03 17:24 root         INFO     Sequences are assumed to be single-end.
01-03 17:24 root         INFO     Temporary directory is: /tmp/itsxpress_zs6wwjvd
01-03 17:24 root         INFO     Unique sequences are being written to a temporary FASTA file with Vsearch.
01-03 17:24 root         INFO     vsearch v2.7.1_linux_x86_64, 15.6GB RAM, 4 cores
https://github.com/torognes/vsearch

Reading file DNA.CAC.CR4.ITS_S18_L001_R1_001.fastq 100%
4584224 nt in 17436 seqs, min 32, max 301, avg 263
minseqlength 32: 18 sequences discarded.
Dereplicating 100%
Sorting 100%
7974 unique sequences, avg cluster 2.2, median 1, max 1366
Writing output file 100%
Writing uc file, first part 100%
Writing uc file, second part 100%

01-03 17:24 root         INFO     Searching for ITS start and stop sites using HMMSearch. This step takes a while.
01-03 17:26 root         INFO     Parsing HMM results.
01-03 17:26 root         INFO     Writing out sequences
01-03 17:26 root         DEBUG    No ITS stop or start sites were identified for sequence M05836:9:000000000-BRTMF:1:1101:22420:4192, skipping.
01-03 17:26 root         DEBUG    No ITS stop or start sites were identified for sequence M05836:9:000000000-BRTMF:1:1101:27650:5942, skipping.
01-03 17:26 root         DEBUG    No ITS stop or start sites were identified for sequence M05836:9:000000000-BRTMF:1:1101:16646:7265, skipping.
01-03 17:26 root         DEBUG    No ITS stop or start sites were identified for sequence M05836:9:000000000-BRTMF:1:1101:8898:8247, skipping.
01-03 17:26 root         DEBUG    No ITS stop or start sites were identified for sequence M05836:9:000000000-BRTMF:1:1101:24821:8341, skipping.
01-03 17:26 root         DEBUG    No ITS stop or start sites were identified for sequence M05836:9:000000000-BRTMF:1:1101:26141:10338, skipping.
01-03 17:26 root         DEBUG    No ITS stop or start sites were identified for sequence M05836:9:000000000-BRTMF:1:1101:4550:11062, skipping.
01-03 17:26 root         DEBUG    No ITS stop or start sites were identified for sequence M05836:9:000000000-BRTMF:1:1101:4962:15122, skipping.
01-03 17:26 root         DEBUG    No ITS stop or start sites were identified for sequence M05836:9:000000000-BRTMF:1:1102:9843:3877, skipping.
01-03 17:26 root         DEBUG    No ITS stop or start sites were identified for sequence M05836:9:000000000-BRTMF:1:1102:23586:5236, skipping.
01-03 17:26 root         DEBUG    No ITS stop or start sites were identified for sequence M05836:9:000000000-BRTMF:1:1102:3240:7064, skipping.
01-03 17:26 root         DEBUG    No ITS stop or start sites were identified for sequence M05836:9:000000000-BRTMF:1:1102:16782:7211, skipping.
01-03 17:26 root         DEBUG    No ITS stop or start sites were identified for sequence M05836:9:000000000-BRTMF:1:1102:24647:8581, skipping.
01-03 17:26 root         DEBUG    No ITS stop or start sites were identified for sequence M05836:9:000000000-BRTMF:1:1102:18290:16648, skipping.
01-03 17:26 root         DEBUG    No ITS stop or start sites were identified for sequence M05836:9:000000000-BRTMF:1:1102:6154:19135, skipping.
01-03 17:26 root         DEBUG    No ITS stop or start sites were identified for sequence M05836:9:000000000-BRTMF:1:1102:13830:19224, skipping.
01-03 17:26 root         DEBUG    No ITS stop or start sites were identified for sequence M05836:9:000000000-BRTMF:1:1102:12040:21424, skipping.
01-03 17:26 root         DEBUG    No ITS stop or start sites were identified for sequence M05836:9:000000000-BRTMF:1:1102:11717:24683, skipping.
01-03 17:26 root         DEBUG    No ITS stop or start sites were identified for sequence M05836:9:000000000-BRTMF:1:1102:11709:24703, skipping.
01-03 17:26 root         DEBUG    No ITS stop or start sites were identified for sequence M05836:9:000000000-BRTMF:1:1103:10328:6864, skipping.
01-03 17:26 root         DEBUG    No ITS stop or start sites were identified for sequence M05836:9:000000000-BRTMF:1:1103:24752:10948, skipping.
01-03 17:26 root         DEBUG    No ITS stop or start sites were identified for sequence M05836:9:000000000-BRTMF:1:1103:28804:11845, skipping.
01-03 17:26 root         DEBUG    No ITS stop or start sites were identified for sequence M05836:9:000000000-BRTMF:1:1103:6170:12183, skipping.
01-03 17:26 root         DEBUG    No ITS stop or start sites were identified for sequence M05836:9:000000000-BRTMF:1:1103:27800:13190, skipping.
01-03 17:26 root         DEBUG    No ITS stop or start sites were identified for sequence M05836:9:000000000-BRTMF:1:1103:25510:19722, skipping.
01-03 17:26 root         DEBUG    No ITS stop or start sites were identified for sequence M05836:9:000000000-BRTMF:1:1103:6266:21541, skipping.
01-03 17:26 root         DEBUG    No ITS stop or start sites were identified for sequence M05836:9:000000000-BRTMF:1:1103:23782:24145, skipping.
01-03 17:26 root         DEBUG    No ITS stop or start sites were identified for sequence M05836:9:000000000-BRTMF:1:1104:10659:4626, skipping.
01-03 17:26 root         DEBUG    No ITS stop or start sites were identified for sequence M05836:9:000000000-BRTMF:1:1104:10611:7716, skipping.
01-03 17:26 root         DEBUG    No ITS stop or start sites were identified for sequence M05836:9:000000000-BRTMF:1:1104:9404:8651, skipping.
01-03 17:26 root         DEBUG    No ITS stop or start sites were identified for sequence M05836:9:000000000-BRTMF:1:1104:16181:10106, skipping.
01-03 17:26 root         DEBUG    No ITS stop or start sites were identified for sequence M05836:9:000000000-BRTMF:1:1104:2973:11632, skipping.
01-03 17:26 root         DEBUG    No ITS stop or start sites were identified for sequence M05836:9:000000000-BRTMF:1:1104:29083:12715, skipping.
01-03 17:26 root         DEBUG    No ITS stop or start sites were identified for sequence M05836:9:000000000-BRTMF:1:1104:20913:13949, skipping.
01-03 17:26 root         DEBUG    No ITS stop or start sites were identified for sequence M05836:9:000000000-BRTMF:1:1104:10635:15074, skipping.
01-03 17:26 root         DEBUG    No ITS stop or start sites were identified for sequence M05836:9:000000000-BRTMF:1:1104:29245:16507, skipping.
01-03 17:26 root         DEBUG    No ITS stop or start sites were identified for sequence M05836:9:000000000-BRTMF:1:1104:8796:16836, skipping.
01-03 17:26 root         DEBUG    No ITS stop or start sites were identified for sequence M05836:9:000000000-BRTMF:1:1104:11286:21258, skipping.
01-03 17:26 root         DEBUG    No ITS stop or start sites were identified for sequence M05836:9:000000000-BRTMF:1:1104:9121:23349, skipping.
01-03 17:26 root         DEBUG    No ITS stop or start sites were identified for sequence M05836:9:000000000-BRTMF:1:1104:12027:23729, skipping.
01-03 17:26 root         DEBUG    No ITS stop or start sites were identified for sequence M05836:9:000000000-BRTMF:1:1105:10677:3735, skipping.
01-03 17:26 root         DEBUG    No ITS stop or start sites were identified for sequence M05836:9:000000000-BRTMF:1:1105:20387:3785, skipping.
01-03 17:26 root         DEBUG    No ITS stop or start sites were identified for sequence M05836:9:000000000-BRTMF:1:1105:21897:6141, skipping.
01-03 17:26 root         DEBUG    No ITS stop or start sites were identified for sequence M05836:9:000000000-BRTMF:1:1105:21888:6156, skipping.
01-03 17:26 root         DEBUG    No ITS stop or start sites were identified for sequence M05836:9:000000000-BRTMF:1:1105:18494:11984, skipping.
01-03 17:26 root         DEBUG    No ITS stop or start sites were identified for sequence M05836:9:000000000-BRTMF:1:1105:22658:16177, skipping.
01-03 17:26 root         DEBUG    No ITS stop or start sites were identified for sequence M05836:9:000000000-BRTMF:1:1105:26143:19431, skipping.
01-03 17:26 root         DEBUG    No ITS stop or start sites were identified for sequence M05836:9:000000000-BRTMF:1:1105:26143:19431, skipping.
01-03 17:26 root         DEBUG    No ITS stop or start sites were identified for sequence M05836:9:000000000-BRTMF:1:1105:16958:20843, skipping.
01-03 17:26 root         DEBUG    No ITS stop or start sites were identified for sequence M05836:9:000000000-BRTMF:1:1105:17730:22524, skipping.
01-03 17:26 root         DEBUG    No ITS stop or start sites were identified for sequence M05836:9:000000000-BRTMF:1:1105:25911:22582, skipping.
01-03 17:26 root         DEBUG    No ITS stop or start sites were identified for sequence M05836:9:000000000-BRTMF:1:1105:10229:23265, skipping.
01-03 17:26 root         DEBUG    No ITS stop or start sites were identified for sequence M05836:9:000000000-BRTMF:1:1105:18723:23712, skipping.
01-03 17:26 root         DEBUG    No ITS stop or start sites were identified for sequence M05836:9:000000000-BRTMF:1:1106:21592:2284, skipping.
01-03 17:26 root         DEBUG    No ITS stop or start sites were identified for sequence M05836:9:000000000-BRTMF:1:1106:15811:9951, skipping.
01-03 17:26 root         DEBUG    No ITS stop or start sites were identified for sequence M05836:9:000000000-BRTMF:1:1106:3488:11189, skipping.
01-03 17:26 root         DEBUG    No ITS stop or start sites were identified for sequence M05836:9:000000000-BRTMF:1:1106:3488:11209, skipping.
01-03 17:26 root         DEBUG    No ITS stop or start sites were identified for sequence M05836:9:000000000-BRTMF:1:1106:12642:15499, skipping.
01-03 17:26 root         DEBUG    No ITS stop or start sites were identified for sequence M05836:9:000000000-BRTMF:1:1106:15757:15945, skipping.
01-03 17:26 root         DEBUG    No ITS stop or start sites were identified for sequence M05836:9:000000000-BRTMF:1:1106:28725:15988, skipping.
01-03 17:26 root         DEBUG    No ITS stop or start sites were identified for sequence M05836:9:000000000-BRTMF:1:1106:15113:16457, skipping.
01-03 17:26 root         DEBUG    No ITS stop or start sites were identified for sequence M05836:9:000000000-BRTMF:1:1106:24250:19920, skipping.
01-03 17:26 root         DEBUG    No ITS stop or start sites were identified for sequence M05836:9:000000000-BRTMF:1:1106:23102:24362, skipping.
01-03 17:26 root         DEBUG    No ITS stop or start sites were identified for sequence M05836:9:000000000-BRTMF:1:1106:20030:24927, skipping.
01-03 17:26 root         DEBUG    No ITS stop or start sites were identified for sequence M05836:9:000000000-BRTMF:1:1107:10270:4951, skipping.
01-03 17:26 root         DEBUG    No ITS stop or start sites were identified for sequence M05836:9:000000000-BRTMF:1:1107:6154:5330, skipping.
01-03 17:26 root         DEBUG    No ITS stop or start sites were identified for sequence M05836:9:000000000-BRTMF:1:1107:24456:6511, skipping.
01-03 17:26 root         DEBUG    No ITS stop or start sites were identified for sequence M05836:9:000000000-BRTMF:1:1107:5926:9416, skipping.
01-03 17:26 root         DEBUG    No ITS stop or start sites were identified for sequence M05836:9:000000000-BRTMF:1:1107:19559:9627, skipping.
01-03 17:26 root         DEBUG    No ITS stop or start sites were identified for sequence M05836:9:000000000-BRTMF:1:1107:12635:19305, skipping.
01-03 17:26 root         DEBUG    No ITS stop or start sites were identified for sequence M05836:9:000000000-BRTMF:1:1108:9932:3709, skipping.
01-03 17:26 root         DEBUG    No ITS stop or start sites were identified for sequence M05836:9:000000000-BRTMF:1:1108:5066:6402, skipping.
01-03 17:26 root         DEBUG    No ITS stop or start sites were identified for sequence M05836:9:000000000-BRTMF:1:1108:5365:7310, skipping.
01-03 17:26 root         DEBUG    No ITS stop or start sites were identified for sequence M05836:9:000000000-BRTMF:1:1108:6091:8579, skipping.
01-03 17:26 root         DEBUG    No ITS stop or start sites were identified for sequence M05836:9:000000000-BRTMF:1:1108:16590:9016, skipping.
01-03 17:26 root         DEBUG    No ITS stop or start sites were identified for sequence M05836:9:000000000-BRTMF:1:1108:25688:9232, skipping.
01-03 17:26 root         DEBUG    No ITS stop or start sites were identified for sequence M05836:9:000000000-BRTMF:1:1108:6977:13639, skipping.
01-03 17:26 root         DEBUG    No ITS stop or start sites were identified for sequence M05836:9:000000000-BRTMF:1:1108:10489:15689, skipping.
01-03 17:26 root         DEBUG    No ITS stop or start sites were identified for sequence M05836:9:000000000-BRTMF:1:1108:16294:15879, skipping.
01-03 17:26 root         DEBUG    No ITS stop or start sites were identified for sequence M05836:9:000000000-BRTMF:1:1108:5732:16901, skipping.
01-03 17:26 root         DEBUG    No ITS stop or start sites were identified for sequence M05836:9:000000000-BRTMF:1:1108:6186:18024, skipping.
01-03 17:26 root         DEBUG    No ITS stop or start sites were identified for sequence M05836:9:000000000-BRTMF:1:1108:12490:18122, skipping.
01-03 17:26 root         DEBUG    No ITS stop or start sites were identified for sequence M05836:9:000000000-BRTMF:1:1109:13049:2112, skipping.
01-03 17:26 root         DEBUG    No ITS stop or start sites were identified for sequence M05836:9:000000000-BRTMF:1:1109:6688:2899, skipping.
01-03 17:26 root         DEBUG    No ITS stop or start sites were identified for sequence M05836:9:000000000-BRTMF:1:1109:21258:4227, skipping.
01-03 17:26 root         DEBUG    No ITS stop or start sites were identified for sequence M05836:9:000000000-BRTMF:1:1109:6002:4958, skipping.
01-03 17:26 root         DEBUG    No ITS stop or start sites were identified for sequence M05836:9:000000000-BRTMF:1:1109:4388:5902, skipping.
01-03 17:26 root         DEBUG    No ITS stop or start sites were identified for sequence M05836:9:000000000-BRTMF:1:1109:19885:7922, skipping.
01-03 17:26 root         DEBUG    No ITS stop or start sites were identified for sequence M05836:9:000000000-BRTMF:1:1109:19794:9886, skipping.
01-03 17:26 root         DEBUG    No ITS stop or start sites were identified for sequence M05836:9:000000000-BRTMF:1:1109:23704:9935, skipping.
01-03 17:26 root         DEBUG    No ITS stop or start sites were identified for sequence M05836:9:000000000-BRTMF:1:1109:15519:13598, skipping.
01-03 17:26 root         DEBUG    No ITS stop or start sites were identified for sequence M05836:9:000000000-BRTMF:1:1109:18381:14325, skipping.
01-03 17:26 root         DEBUG    No ITS stop or start sites were identified for sequence M05836:9:000000000-BRTMF:1:1109:28682:14353, skipping.
01-03 17:26 root         DEBUG    No ITS stop or start sites were identified for sequence M05836:9:000000000-BRTMF:1:1109:15508:19638, skipping.
01-03 17:26 root         DEBUG    No ITS stop or start sites were identified for sequence M05836:9:000000000-BRTMF:1:1109:12113:23933, skipping.
01-03 17:26 root         DEBUG    No ITS stop or start sites were identified for sequence M05836:9:000000000-BRTMF:1:1109:12104:23951, skipping.
01-03 17:26 root         DEBUG    No ITS stop or start sites were identified for sequence M05836:9:000000000-BRTMF:1:1110:27166:6383, skipping.
01-03 17:26 root         DEBUG    No ITS stop or start sites were identified for sequence M05836:9:000000000-BRTMF:1:1110:10971:7211, skipping.
01-03 17:26 root         DEBUG    No ITS stop or start sites were identified for sequence M05836:9:000000000-BRTMF:1:1110:23693:9677, skipping.
01-03 17:26 root         DEBUG    No ITS stop or start sites were identified for sequence M05836:9:000000000-BRTMF:1:1110:7286:10239, skipping.
01-03 17:26 root         DEBUG    No ITS stop or start sites were identified for sequence M05836:9:000000000-BRTMF:1:1110:21565:11679, skipping.
01-03 17:26 root         DEBUG    No ITS stop or start sites were identified for sequence M05836:9:000000000-BRTMF:1:1110:1746:13488, skipping.
01-03 17:26 root         DEBUG    No ITS stop or start sites were identified for sequence M05836:9:000000000-BRTMF:1:1110:26478:14150, skipping.
01-03 17:26 root         DEBUG    No ITS stop or start sites were identified for sequence M05836:9:000000000-BRTMF:1:1110:27084:18117, skipping.
01-03 17:26 root         DEBUG    No ITS stop or start sites were identified for sequence M05836:9:000000000-BRTMF:1:1110:7413:21807, skipping.
01-03 17:26 root         DEBUG    No ITS stop or start sites were identified for sequence M05836:9:000000000-BRTMF:1:1105:26143:19431, skipping.
01-03 17:26 root         DEBUG    No ITS stop or start sites were identified for sequence M05836:9:000000000-BRTMF:1:1111:9080:3712, skipping.
01-03 17:26 root         DEBUG    No ITS stop or start sites were identified for sequence M05836:9:000000000-BRTMF:1:1111:20970:3817, skipping.
01-03 17:26 root         DEBUG    No ITS stop or start sites were identified for sequence M05836:9:000000000-BRTMF:1:1111:6545:7030, skipping.
01-03 17:26 root         DEBUG    No ITS stop or start sites were identified for sequence M05836:9:000000000-BRTMF:1:1111:16204:7898, skipping.
01-03 17:26 root         DEBUG    No ITS stop or start sites were identified for sequence M05836:9:000000000-BRTMF:1:1111:9292:10861, skipping.
01-03 17:26 root         DEBUG    No ITS stop or start sites were identified for sequence M05836:9:000000000-BRTMF:1:1111:2192:11353, skipping.
01-03 17:26 root         DEBUG    No ITS stop or start sites were identified for sequence M05836:9:000000000-BRTMF:1:1111:28363:12494, skipping.
01-03 17:26 root         DEBUG    No ITS stop or start sites were identified for sequence M05836:9:000000000-BRTMF:1:1111:14688:13226, skipping.
01-03 17:26 root         DEBUG    No ITS stop or start sites were identified for sequence M05836:9:000000000-BRTMF:1:1111:12902:14212, skipping.
01-03 17:26 root         DEBUG    No ITS stop or start sites were identified for sequence M05836:9:000000000-BRTMF:1:1111:7667:17665, skipping.
01-03 17:26 root         DEBUG    No ITS stop or start sites were identified for sequence M05836:9:000000000-BRTMF:1:1111:8409:18971, skipping.
01-03 17:26 root         DEBUG    No ITS stop or start sites were identified for sequence M05836:9:000000000-BRTMF:1:1111:21952:21989, skipping.
01-03 17:26 root         DEBUG    No ITS stop or start sites were identified for sequence M05836:9:000000000-BRTMF:1:1112:12341:4252, skipping.
01-03 17:26 root         DEBUG    No ITS stop or start sites were identified for sequence M05836:9:000000000-BRTMF:1:1112:8144:8100, skipping.
01-03 17:26 root         DEBUG    No ITS stop or start sites were identified for sequence M05836:9:000000000-BRTMF:1:1112:4582:12053, skipping.
01-03 17:26 root         DEBUG    No ITS stop or start sites were identified for sequence M05836:9:000000000-BRTMF:1:1112:21084:12568, skipping.
01-03 17:26 root         DEBUG    No ITS stop or start sites were identified for sequence M05836:9:000000000-BRTMF:1:1112:6187:15061, skipping.
01-03 17:26 root         DEBUG    No ITS stop or start sites were identified for sequence M05836:9:000000000-BRTMF:1:1111:16204:7898, skipping.
01-03 17:26 root         DEBUG    No ITS stop or start sites were identified for sequence M05836:9:000000000-BRTMF:1:1112:28487:17510, skipping.
01-03 17:26 root         DEBUG    No ITS stop or start sites were identified for sequence M05836:9:000000000-BRTMF:1:1112:22539:24787, skipping.
01-03 17:26 root         DEBUG    No ITS stop or start sites were identified for sequence M05836:9:000000000-BRTMF:1:1113:21414:2178, skipping.
01-03 17:26 root         DEBUG    No ITS stop or start sites were identified for sequence M05836:9:000000000-BRTMF:1:1113:9365:3850, skipping.
01-03 17:26 root         DEBUG    No ITS stop or start sites were identified for sequence M05836:9:000000000-BRTMF:1:1113:5896:5720, skipping.
01-03 17:26 root         DEBUG    No ITS stop or start sites were identified for sequence M05836:9:000000000-BRTMF:1:1106:21592:2284, skipping.
01-03 17:26 root         DEBUG    No ITS stop or start sites were identified for sequence M05836:9:000000000-BRTMF:1:1113:8700:7759, skipping.
01-03 17:26 root         DEBUG    No ITS stop or start sites were identified for sequence M05836:9:000000000-BRTMF:1:1113:28259:10630, skipping.
01-03 17:26 root         DEBUG    No ITS stop or start sites were identified for sequence M05836:9:000000000-BRTMF:1:1113:11264:13058, skipping.
01-03 17:26 root         DEBUG    No ITS stop or start sites were identified for sequence M05836:9:000000000-BRTMF:1:1113:3719:13405, skipping.
01-03 17:26 root         DEBUG    No ITS stop or start sites were identified for sequence M05836:9:000000000-BRTMF:1:1113:21687:16814, skipping.
01-03 17:26 root         DEBUG    No ITS stop or start sites were identified for sequence M05836:9:000000000-BRTMF:1:1113:21699:16828, skipping.
01-03 17:26 root         DEBUG    No ITS stop or start sites were identified for sequence M05836:9:000000000-BRTMF:1:1113:16099:17167, skipping.
01-03 17:26 root         DEBUG    No ITS stop or start sites were identified for sequence M05836:9:000000000-BRTMF:1:1113:5784:17366, skipping.
01-03 17:26 root         DEBUG    No ITS stop or start sites were identified for sequence M05836:9:000000000-BRTMF:1:1113:5449:20236, skipping.
01-03 17:26 root         DEBUG    No ITS stop or start sites were identified for sequence M05836:9:000000000-BRTMF:1:1113:18304:20364, skipping.
01-03 17:26 root         DEBUG    No ITS stop or start sites were identified for sequence M05836:9:000000000-BRTMF:1:1113:6752:21673, skipping.
01-03 17:26 root         DEBUG    No ITS stop or start sites were identified for sequence M05836:9:000000000-BRTMF:1:1113:9271:23563, skipping.
01-03 17:26 root         DEBUG    No ITS stop or start sites were identified for sequence M05836:9:000000000-BRTMF:1:1114:22776:3818, skipping.
01-03 17:26 root         DEBUG    No ITS stop or start sites were identified for sequence M05836:9:000000000-BRTMF:1:1114:6528:4285, skipping.
01-03 17:26 root         DEBUG    No ITS stop or start sites were identified for sequence M05836:9:000000000-BRTMF:1:1114:24376:9343, skipping.
01-03 17:26 root         DEBUG    No ITS stop or start sites were identified for sequence M05836:9:000000000-BRTMF:1:1114:25588:15137, skipping.
01-03 17:26 root         DEBUG    No ITS stop or start sites were identified for sequence M05836:9:000000000-BRTMF:1:1114:24497:16840, skipping.
01-03 17:26 root         DEBUG    No ITS stop or start sites were identified for sequence M05836:9:000000000-BRTMF:1:1114:17816:19083, skipping.
01-03 17:26 root         DEBUG    No ITS stop or start sites were identified for sequence M05836:9:000000000-BRTMF:1:1114:13832:22953, skipping.
01-03 17:26 root         DEBUG    No ITS stop or start sites were identified for sequence M05836:9:000000000-BRTMF:1:1114:19218:23878, skipping.
01-03 17:26 root         DEBUG    No ITS stop or start sites were identified for sequence M05836:9:000000000-BRTMF:1:1115:24099:4373, skipping.
01-03 17:26 root         DEBUG    No ITS stop or start sites were identified for sequence M05836:9:000000000-BRTMF:1:1115:8811:5504, skipping.
01-03 17:26 root         DEBUG    No ITS stop or start sites were identified for sequence M05836:9:000000000-BRTMF:1:1115:13118:6058, skipping.
01-03 17:26 root         DEBUG    No ITS stop or start sites were identified for sequence M05836:9:000000000-BRTMF:1:1115:20470:9178, skipping.
01-03 17:26 root         DEBUG    No ITS stop or start sites were identified for sequence M05836:9:000000000-BRTMF:1:1115:21714:13021, skipping.
01-03 17:26 root         DEBUG    No ITS stop or start sites were identified for sequence M05836:9:000000000-BRTMF:1:1115:15288:14855, skipping.
01-03 17:26 root         DEBUG    No ITS stop or start sites were identified for sequence M05836:9:000000000-BRTMF:1:1115:20700:14914, skipping.
01-03 17:26 root         DEBUG    No ITS stop or start sites were identified for sequence M05836:9:000000000-BRTMF:1:1115:14880:15492, skipping.
01-03 17:26 root         DEBUG    No ITS stop or start sites were identified for sequence M05836:9:000000000-BRTMF:1:1115:17389:17543, skipping.
01-03 17:26 root         DEBUG    No ITS stop or start sites were identified for sequence M05836:9:000000000-BRTMF:1:1111:16204:7898, skipping.
01-03 17:26 root         DEBUG    No ITS stop or start sites were identified for sequence M05836:9:000000000-BRTMF:1:1115:16717:24289, skipping.
01-03 17:26 root         DEBUG    No ITS stop or start sites were identified for sequence M05836:9:000000000-BRTMF:1:1116:17049:5558, skipping.
01-03 17:26 root         DEBUG    No ITS stop or start sites were identified for sequence M05836:9:000000000-BRTMF:1:1116:6179:5604, skipping.
01-03 17:26 root         DEBUG    No ITS stop or start sites were identified for sequence M05836:9:000000000-BRTMF:1:1116:19842:7807, skipping.
01-03 17:26 root         DEBUG    No ITS stop or start sites were identified for sequence M05836:9:000000000-BRTMF:1:1116:8148:8655, skipping.
01-03 17:26 root         DEBUG    No ITS stop or start sites were identified for sequence M05836:9:000000000-BRTMF:1:1111:16204:7898, skipping.
01-03 17:26 root         DEBUG    No ITS stop or start sites were identified for sequence M05836:9:000000000-BRTMF:1:1116:25430:16858, skipping.
01-03 17:26 root         DEBUG    No ITS stop or start sites were identified for sequence M05836:9:000000000-BRTMF:1:1116:8313:17698, skipping.
01-03 17:26 root         DEBUG    No ITS stop or start sites were identified for sequence M05836:9:000000000-BRTMF:1:1116:5988:21836, skipping.
01-03 17:26 root         DEBUG    No ITS stop or start sites were identified for sequence M05836:9:000000000-BRTMF:1:1116:5628:22258, skipping.
01-03 17:26 root         DEBUG    No ITS stop or start sites were identified for sequence M05836:9:000000000-BRTMF:1:1117:18755:3833, skipping.
01-03 17:26 root         DEBUG    No ITS stop or start sites were identified for sequence M05836:9:000000000-BRTMF:1:1111:16204:7898, skipping.
01-03 17:26 root         DEBUG    No ITS stop or start sites were identified for sequence M05836:9:000000000-BRTMF:1:1117:7364:5788, skipping.
01-03 17:26 root         DEBUG    No ITS stop or start sites were identified for sequence M05836:9:000000000-BRTMF:1:1117:13179:8123, skipping.
01-03 17:26 root         DEBUG    No ITS stop or start sites were identified for sequence M05836:9:000000000-BRTMF:1:1117:28544:9641, skipping.
01-03 17:26 root         DEBUG    No ITS stop or start sites were identified for sequence M05836:9:000000000-BRTMF:1:1117:16713:10927, skipping.
01-03 17:26 root         DEBUG    No ITS stop or start sites were identified for sequence M05836:9:000000000-BRTMF:1:1117:24229:14926, skipping.
01-03 17:26 root         DEBUG    No ITS stop or start sites were identified for sequence M05836:9:000000000-BRTMF:1:1117:6014:15071, skipping.
01-03 17:26 root         DEBUG    No ITS stop or start sites were identified for sequence M05836:9:000000000-BRTMF:1:1117:28923:17031, skipping.
01-03 17:26 root         DEBUG    No ITS stop or start sites were identified for sequence M05836:9:000000000-BRTMF:1:1117:6032:18424, skipping.
01-03 17:26 root         DEBUG    No ITS stop or start sites were identified for sequence M05836:9:000000000-BRTMF:1:1118:20069:2349, skipping.
01-03 17:26 root         DEBUG    No ITS stop or start sites were identified for sequence M05836:9:000000000-BRTMF:1:1118:5561:5697, skipping.
01-03 17:26 root         DEBUG    No ITS stop or start sites were identified for sequence M05836:9:000000000-BRTMF:1:1118:20350:6864, skipping.
01-03 17:26 root         DEBUG    No ITS stop or start sites were identified for sequence M05836:9:000000000-BRTMF:1:1111:16204:7898, skipping.
01-03 17:26 root         DEBUG    No ITS stop or start sites were identified for sequence M05836:9:000000000-BRTMF:1:1118:3445:10713, skipping.
01-03 17:26 root         DEBUG    No ITS stop or start sites were identified for sequence M05836:9:000000000-BRTMF:1:1118:25374:12306, skipping.
01-03 17:26 root         DEBUG    No ITS stop or start sites were identified for sequence M05836:9:000000000-BRTMF:1:1118:8822:12877, skipping.
01-03 17:26 root         DEBUG    No ITS stop or start sites were identified for sequence M05836:9:000000000-BRTMF:1:1118:21238:14056, skipping.
01-03 17:26 root         DEBUG    No ITS stop or start sites were identified for sequence M05836:9:000000000-BRTMF:1:1118:13621:15856, skipping.
01-03 17:26 root         DEBUG    No ITS stop or start sites were identified for sequence M05836:9:000000000-BRTMF:1:1118:27243:16393, skipping.
01-03 17:26 root         DEBUG    No ITS stop or start sites were identified for sequence M05836:9:000000000-BRTMF:1:1118:9543:18757, skipping.
01-03 17:26 root         DEBUG    No ITS stop or start sites were identified for sequence M05836:9:000000000-BRTMF:1:1118:9545:23918, skipping.
01-03 17:26 root         DEBUG    No ITS stop or start sites were identified for sequence M05836:9:000000000-BRTMF:1:1119:26588:7314, skipping.
01-03 17:26 root         DEBUG    No ITS stop or start sites were identified for sequence M05836:9:000000000-BRTMF:1:1119:27961:12667, skipping.
01-03 17:26 root         DEBUG    No ITS stop or start sites were identified for sequence M05836:9:000000000-BRTMF:1:1111:16204:7898, skipping.
01-03 17:26 root         DEBUG    No ITS stop or start sites were identified for sequence M05836:9:000000000-BRTMF:1:1119:10319:20079, skipping.
01-03 17:26 root         DEBUG    No ITS stop or start sites were identified for sequence M05836:9:000000000-BRTMF:1:1119:23394:22537, skipping.
01-03 17:26 root         DEBUG    No ITS stop or start sites were identified for sequence M05836:9:000000000-BRTMF:1:2101:9961:5256, skipping.
01-03 17:26 root         DEBUG    No ITS stop or start sites were identified for sequence M05836:9:000000000-BRTMF:1:2101:4342:5879, skipping.
01-03 17:26 root         DEBUG    No ITS stop or start sites were identified for sequence M05836:9:000000000-BRTMF:1:2101:19548:9019, skipping.
01-03 17:26 root         DEBUG    No ITS stop or start sites were identified for sequence M05836:9:000000000-BRTMF:1:2101:11499:9171, skipping.
01-03 17:26 root         DEBUG    No ITS stop or start sites were identified for sequence M05836:9:000000000-BRTMF:1:2101:9138:13451, skipping.
01-03 17:26 root         DEBUG    No ITS stop or start sites were identified for sequence M05836:9:000000000-BRTMF:1:2101:9138:13451, skipping.
01-03 17:26 root         DEBUG    No ITS stop or start sites were identified for sequence M05836:9:000000000-BRTMF:1:2101:11977:13814, skipping.
01-03 17:26 root         DEBUG    No ITS stop or start sites were identified for sequence M05836:9:000000000-BRTMF:1:2101:10273:18887, skipping.
01-03 17:26 root         DEBUG    No ITS stop or start sites were identified for sequence M05836:9:000000000-BRTMF:1:2101:14820:19314, skipping.
01-03 17:26 root         DEBUG    No ITS stop or start sites were identified for sequence M05836:9:000000000-BRTMF:1:2101:25786:20387, skipping.
01-03 17:26 root         DEBUG    No ITS stop or start sites were identified for sequence M05836:9:000000000-BRTMF:1:2101:14907:22501, skipping.
01-03 17:26 root         DEBUG    No ITS stop or start sites were identified for sequence M05836:9:000000000-BRTMF:1:2101:11627:22585, skipping.
01-03 17:26 root         DEBUG    No ITS stop or start sites were identified for sequence M05836:9:000000000-BRTMF:1:2101:14960:24152, skipping.
01-03 17:26 root         DEBUG    No ITS stop or start sites were identified for sequence M05836:9:000000000-BRTMF:1:2102:8693:3450, skipping.
01-03 17:26 root         DEBUG    No ITS stop or start sites were identified for sequence M05836:9:000000000-BRTMF:1:2102:8611:5947, skipping.
01-03 17:26 root         DEBUG    No ITS stop or start sites were identified for sequence M05836:9:000000000-BRTMF:1:2102:8595:5953, skipping.
01-03 17:26 root         DEBUG    No ITS stop or start sites were identified for sequence M05836:9:000000000-BRTMF:1:2102:8612:5965, skipping.
01-03 17:26 root         DEBUG    No ITS stop or start sites were identified for sequence M05836:9:000000000-BRTMF:1:2102:8612:5965, skipping.
01-03 17:26 root         DEBUG    No ITS stop or start sites were identified for sequence M05836:9:000000000-BRTMF:1:2102:10961:6323, skipping.
01-03 17:26 root         DEBUG    No ITS stop or start sites were identified for sequence M05836:9:000000000-BRTMF:1:2102:11020:11981, skipping.
01-03 17:26 root         DEBUG    No ITS stop or start sites were identified for sequence M05836:9:000000000-BRTMF:1:2102:28184:13307, skipping.
01-03 17:26 root         DEBUG    No ITS stop or start sites were identified for sequence M05836:9:000000000-BRTMF:1:2102:21799:15154, skipping.
01-03 17:26 root         DEBUG    No ITS stop or start sites were identified for sequence M05836:9:000000000-BRTMF:1:2102:22730:16274, skipping.
01-03 17:26 root         DEBUG    No ITS stop or start sites were identified for sequence M05836:9:000000000-BRTMF:1:2102:13842:17077, skipping.
01-03 17:26 root         DEBUG    No ITS stop or start sites were identified for sequence M05836:9:000000000-BRTMF:1:2102:15156:20243, skipping.
01-03 17:26 root         DEBUG    No ITS stop or start sites were identified for sequence M05836:9:000000000-BRTMF:1:2102:16611:21784, skipping.
01-03 17:26 root         DEBUG    No ITS stop or start sites were identified for sequence M05836:9:000000000-BRTMF:1:2103:12611:2350, skipping.
01-03 17:26 root         DEBUG    No ITS stop or start sites were identified for sequence M05836:9:000000000-BRTMF:1:2103:6636:13194, skipping.
01-03 17:26 root         DEBUG    No ITS stop or start sites were identified for sequence M05836:9:000000000-BRTMF:1:2103:27379:13940, skipping.
01-03 17:26 root         DEBUG    No ITS stop or start sites were identified for sequence M05836:9:000000000-BRTMF:1:2103:20836:15920, skipping.
01-03 17:26 root         DEBUG    No ITS stop or start sites were identified for sequence M05836:9:000000000-BRTMF:1:2103:19075:17713, skipping.
01-03 17:26 root         DEBUG    No ITS stop or start sites were identified for sequence M05836:9:000000000-BRTMF:1:2103:12793:19303, skipping.
01-03 17:26 root         DEBUG    No ITS stop or start sites were identified for sequence M05836:9:000000000-BRTMF:1:2103:6115:20691, skipping.
01-03 17:26 root         DEBUG    No ITS stop or start sites were identified for sequence M05836:9:000000000-BRTMF:1:2103:18851:21052, skipping.
01-03 17:26 root         DEBUG    No ITS stop or start sites were identified for sequence M05836:9:000000000-BRTMF:1:2103:9646:21208, skipping.
01-03 17:26 root         DEBUG    No ITS stop or start sites were identified for sequence M05836:9:000000000-BRTMF:1:2104:10754:4910, skipping.
01-03 17:26 root         DEBUG    No ITS stop or start sites were identified for sequence M05836:9:000000000-BRTMF:1:2104:17133:7634, skipping.
01-03 17:26 root         DEBUG    No ITS stop or start sites were identified for sequence M05836:9:000000000-BRTMF:1:2104:20796:9293, skipping.
01-03 17:26 root         DEBUG    No ITS stop or start sites were identified for sequence M05836:9:000000000-BRTMF:1:2104:19477:10106, skipping.
01-03 17:26 root         DEBUG    No ITS stop or start sites were identified for sequence M05836:9:000000000-BRTMF:1:2104:25271:14784, skipping.
01-03 17:26 root         DEBUG    No ITS stop or start sites were identified for sequence M05836:9:000000000-BRTMF:1:2104:12998:14898, skipping.
01-03 17:26 root         DEBUG    No ITS stop or start sites were identified for sequence M05836:9:000000000-BRTMF:1:2104:12018:17192, skipping.
01-03 17:26 root         DEBUG    No ITS stop or start sites were identified for sequence M05836:9:000000000-BRTMF:1:2104:12032:17204, skipping.
01-03 17:26 root         DEBUG    No ITS stop or start sites were identified for sequence M05836:9:000000000-BRTMF:1:2104:21628:18188, skipping.
01-03 17:26 root         DEBUG    No ITS stop or start sites were identified for sequence M05836:9:000000000-BRTMF:1:2104:22243:21584, skipping.
01-03 17:26 root         DEBUG    No ITS stop or start sites were identified for sequence M05836:9:000000000-BRTMF:1:2105:19200:3909, skipping.
01-03 17:26 root         DEBUG    No ITS stop or start sites were identified for sequence M05836:9:000000000-BRTMF:1:2105:20811:4654, skipping.
01-03 17:26 root         DEBUG    No ITS stop or start sites were identified for sequence M05836:9:000000000-BRTMF:1:2105:19926:5071, skipping.
01-03 17:26 root         DEBUG    No ITS stop or start sites were identified for sequence M05836:9:000000000-BRTMF:1:2105:7757:5257, skipping.
01-03 17:26 root         DEBUG    No ITS stop or start sites were identified for sequence M05836:9:000000000-BRTMF:1:2105:7109:6471, skipping.
01-03 17:26 root         DEBUG    No ITS stop or start sites were identified for sequence M05836:9:000000000-BRTMF:1:1110:27084:18117, skipping.
01-03 17:26 root         DEBUG    No ITS stop or start sites were identified for sequence M05836:9:000000000-BRTMF:1:2105:15039:6815, skipping.
01-03 17:26 root         DEBUG    No ITS stop or start sites were identified for sequence M05836:9:000000000-BRTMF:1:2105:13185:9888, skipping.
01-03 17:26 root         DEBUG    No ITS stop or start sites were identified for sequence M05836:9:000000000-BRTMF:1:2105:16529:11327, skipping.
01-03 17:26 root         DEBUG    No ITS stop or start sites were identified for sequence M05836:9:000000000-BRTMF:1:2105:4136:13342, skipping.
01-03 17:26 root         DEBUG    No ITS stop or start sites were identified for sequence M05836:9:000000000-BRTMF:1:2106:19867:6806, skipping.
01-03 17:26 root         DEBUG    No ITS stop or start sites were identified for sequence M05836:9:000000000-BRTMF:1:2106:18182:8895, skipping.
01-03 17:26 root         DEBUG    No ITS stop or start sites were identified for sequence M05836:9:000000000-BRTMF:1:2106:12999:13953, skipping.
01-03 17:26 root         DEBUG    No ITS stop or start sites were identified for sequence M05836:9:000000000-BRTMF:1:2106:22526:14365, skipping.
01-03 17:26 root         DEBUG    No ITS stop or start sites were identified for sequence M05836:9:000000000-BRTMF:1:1113:5896:5720, skipping.
01-03 17:26 root         DEBUG    No ITS stop or start sites were identified for sequence M05836:9:000000000-BRTMF:1:2106:6427:20076, skipping.
01-03 17:26 root         DEBUG    No ITS stop or start sites were identified for sequence M05836:9:000000000-BRTMF:1:2106:21791:21253, skipping.
01-03 17:26 root         DEBUG    No ITS stop or start sites were identified for sequence M05836:9:000000000-BRTMF:1:2107:24009:4857, skipping.
01-03 17:26 root         DEBUG    No ITS stop or start sites were identified for sequence M05836:9:000000000-BRTMF:1:2107:21990:5076, skipping.
01-03 17:26 root         DEBUG    No ITS stop or start sites were identified for sequence M05836:9:000000000-BRTMF:1:2107:14763:5270, skipping.
01-03 17:26 root         DEBUG    No ITS stop or start sites were identified for sequence M05836:9:000000000-BRTMF:1:2107:16334:7759, skipping.
01-03 17:26 root         DEBUG    No ITS stop or start sites were identified for sequence M05836:9:000000000-BRTMF:1:2107:10298:11522, skipping.
01-03 17:26 root         DEBUG    No ITS stop or start sites were identified for sequence M05836:9:000000000-BRTMF:1:2107:12960:12791, skipping.
01-03 17:26 root         DEBUG    No ITS stop or start sites were identified for sequence M05836:9:000000000-BRTMF:1:2107:26768:14336, skipping.
01-03 17:26 root         DEBUG    No ITS stop or start sites were identified for sequence M05836:9:000000000-BRTMF:1:2107:12098:14919, skipping.
01-03 17:26 root         DEBUG    No ITS stop or start sites were identified for sequence M05836:9:000000000-BRTMF:1:2107:27054:21009, skipping.
01-03 17:26 root         DEBUG    No ITS stop or start sites were identified for sequence M05836:9:000000000-BRTMF:1:2107:14905:21514, skipping.
01-03 17:26 root         DEBUG    No ITS stop or start sites were identified for sequence M05836:9:000000000-BRTMF:1:2108:8071:8907, skipping.
01-03 17:26 root         DEBUG    No ITS stop or start sites were identified for sequence M05836:9:000000000-BRTMF:1:2108:29040:9409, skipping.
01-03 17:26 root         DEBUG    No ITS stop or start sites were identified for sequence M05836:9:000000000-BRTMF:1:2108:10862:11094, skipping.
01-03 17:26 root         DEBUG    No ITS stop or start sites were identified for sequence M05836:9:000000000-BRTMF:1:2108:20478:11401, skipping.
01-03 17:26 root         DEBUG    No ITS stop or start sites were identified for sequence M05836:9:000000000-BRTMF:1:2108:29092:12638, skipping.
01-03 17:26 root         DEBUG    No ITS stop or start sites were identified for sequence M05836:9:000000000-BRTMF:1:2108:15479:15222, skipping.
01-03 17:26 root         DEBUG    No ITS stop or start sites were identified for sequence M05836:9:000000000-BRTMF:1:2108:9978:15292, skipping.
01-03 17:26 root         DEBUG    No ITS stop or start sites were identified for sequence M05836:9:000000000-BRTMF:1:2108:20868:18432, skipping.
01-03 17:26 root         DEBUG    No ITS stop or start sites were identified for sequence M05836:9:000000000-BRTMF:1:2108:7518:21247, skipping.
01-03 17:26 root         DEBUG    No ITS stop or start sites were identified for sequence M05836:9:000000000-BRTMF:1:2108:7504:21258, skipping.
01-03 17:26 root         DEBUG    No ITS stop or start sites were identified for sequence M05836:9:000000000-BRTMF:1:2109:25153:4302, skipping.
01-03 17:26 root         DEBUG    No ITS stop or start sites were identified for sequence M05836:9:000000000-BRTMF:1:2109:13040:5222, skipping.
01-03 17:26 root         DEBUG    No ITS stop or start sites were identified for sequence M05836:9:000000000-BRTMF:1:2109:5678:6251, skipping.
01-03 17:26 root         DEBUG    No ITS stop or start sites were identified for sequence M05836:9:000000000-BRTMF:1:2109:12164:6712, skipping.
01-03 17:26 root         DEBUG    No ITS stop or start sites were identified for sequence M05836:9:000000000-BRTMF:1:2109:8949:6783, skipping.
01-03 17:26 root         DEBUG    No ITS stop or start sites were identified for sequence M05836:9:000000000-BRTMF:1:2109:18442:11731, skipping.
01-03 17:26 root         DEBUG    No ITS stop or start sites were identified for sequence M05836:9:000000000-BRTMF:1:2109:18552:12042, skipping.
01-03 17:26 root         DEBUG    No ITS stop or start sites were identified for sequence M05836:9:000000000-BRTMF:1:2109:25247:12270, skipping.
01-03 17:26 root         DEBUG    No ITS stop or start sites were identified for sequence M05836:9:000000000-BRTMF:1:2109:24061:13258, skipping.
01-03 17:26 root         DEBUG    No ITS stop or start sites were identified for sequence M05836:9:000000000-BRTMF:1:2109:5935:13536, skipping.
01-03 17:26 root         DEBUG    No ITS stop or start sites were identified for sequence M05836:9:000000000-BRTMF:1:1111:16204:7898, skipping.
01-03 17:26 root         DEBUG    No ITS stop or start sites were identified for sequence M05836:9:000000000-BRTMF:1:1111:16204:7898, skipping.
01-03 17:26 root         DEBUG    No ITS stop or start sites were identified for sequence M05836:9:000000000-BRTMF:1:2109:8820:13720, skipping.
01-03 17:26 root         DEBUG    No ITS stop or start sites were identified for sequence M05836:9:000000000-BRTMF:1:2109:8801:13728, skipping.
01-03 17:26 root         DEBUG    No ITS stop or start sites were identified for sequence M05836:9:000000000-BRTMF:1:2109:15095:14486, skipping.
01-03 17:26 root         DEBUG    No ITS stop or start sites were identified for sequence M05836:9:000000000-BRTMF:1:2109:26346:16299, skipping.
01-03 17:26 root         DEBUG    No ITS stop or start sites were identified for sequence M05836:9:000000000-BRTMF:1:1116:8148:8655, skipping.
01-03 17:26 root         DEBUG    No ITS stop or start sites were identified for sequence M05836:9:000000000-BRTMF:1:2109:7380:18764, skipping.
01-03 17:26 root         DEBUG    No ITS stop or start sites were identified for sequence M05836:9:000000000-BRTMF:1:2109:13667:19229, skipping.
01-03 17:26 root         DEBUG    No ITS stop or start sites were identified for sequence M05836:9:000000000-BRTMF:1:2109:18409:20809, skipping.
01-03 17:26 root         DEBUG    No ITS stop or start sites were identified for sequence M05836:9:000000000-BRTMF:1:2109:10859:22175, skipping.
01-03 17:26 root         DEBUG    No ITS stop or start sites were identified for sequence M05836:9:000000000-BRTMF:1:2109:19351:22233, skipping.
01-03 17:26 root         DEBUG    No ITS stop or start sites were identified for sequence M05836:9:000000000-BRTMF:1:2109:7387:23876, skipping.
01-03 17:26 root         DEBUG    No ITS stop or start sites were identified for sequence M05836:9:000000000-BRTMF:1:2110:21283:1790, skipping.
01-03 17:26 root         DEBUG    No ITS stop or start sites were identified for sequence M05836:9:000000000-BRTMF:1:2110:23737:8899, skipping.
01-03 17:26 root         DEBUG    No ITS stop or start sites were identified for sequence M05836:9:000000000-BRTMF:1:2110:17360:9869, skipping.
01-03 17:26 root         DEBUG    No ITS stop or start sites were identified for sequence M05836:9:000000000-BRTMF:1:2110:6310:9908, skipping.
01-03 17:26 root         DEBUG    No ITS stop or start sites were identified for sequence M05836:9:000000000-BRTMF:1:2110:8366:13998, skipping.
01-03 17:26 root         DEBUG    No ITS stop or start sites were identified for sequence M05836:9:000000000-BRTMF:1:2110:22519:17112, skipping.
01-03 17:26 root         DEBUG    No ITS stop or start sites were identified for sequence M05836:9:000000000-BRTMF:1:2110:9690:18211, skipping.
01-03 17:26 root         DEBUG    No ITS stop or start sites were identified for sequence M05836:9:000000000-BRTMF:1:2110:26740:20214, skipping.
01-03 17:26 root         DEBUG    No ITS stop or start sites were identified for sequence M05836:9:000000000-BRTMF:1:2110:22185:23722, skipping.
01-03 17:26 root         DEBUG    No ITS stop or start sites were identified for sequence M05836:9:000000000-BRTMF:1:2111:22457:2788, skipping.
01-03 17:26 root         DEBUG    No ITS stop or start sites were identified for sequence M05836:9:000000000-BRTMF:1:2111:22467:2803, skipping.
01-03 17:26 root         DEBUG    No ITS stop or start sites were identified for sequence M05836:9:000000000-BRTMF:1:2109:13667:19229, skipping.
01-03 17:26 root         DEBUG    No ITS stop or start sites were identified for sequence M05836:9:000000000-BRTMF:1:2109:13667:19229, skipping.
01-03 17:26 root         DEBUG    No ITS stop or start sites were identified for sequence M05836:9:000000000-BRTMF:1:2111:9706:7041, skipping.
01-03 17:26 root         DEBUG    No ITS stop or start sites were identified for sequence M05836:9:000000000-BRTMF:1:2106:22526:14365, skipping.
01-03 17:26 root         DEBUG    No ITS stop or start sites were identified for sequence M05836:9:000000000-BRTMF:1:2111:24727:8239, skipping.
01-03 17:26 root         DEBUG    No ITS stop or start sites were identified for sequence M05836:9:000000000-BRTMF:1:2111:6997:9043, skipping.
01-03 17:26 root         DEBUG    No ITS stop or start sites were identified for sequence M05836:9:000000000-BRTMF:1:2111:16329:9308, skipping.
01-03 17:26 root         DEBUG    No ITS stop or start sites were identified for sequence M05836:9:000000000-BRTMF:1:2111:13273:10842, skipping.
01-03 17:26 root         DEBUG    No ITS stop or start sites were identified for sequence M05836:9:000000000-BRTMF:1:2111:8930:11136, skipping.
01-03 17:26 root         DEBUG    No ITS stop or start sites were identified for sequence M05836:9:000000000-BRTMF:1:2111:13359:12535, skipping.
01-03 17:26 root         DEBUG    No ITS stop or start sites were identified for sequence M05836:9:000000000-BRTMF:1:2111:11448:12588, skipping.
01-03 17:26 root         DEBUG    No ITS stop or start sites were identified for sequence M05836:9:000000000-BRTMF:1:1105:26143:19431, skipping.
01-03 17:26 root         DEBUG    No ITS stop or start sites were identified for sequence M05836:9:000000000-BRTMF:1:2111:14776:17269, skipping.
01-03 17:26 root         DEBUG    No ITS stop or start sites were identified for sequence M05836:9:000000000-BRTMF:1:2111:8203:18842, skipping.
01-03 17:26 root         DEBUG    No ITS stop or start sites were identified for sequence M05836:9:000000000-BRTMF:1:2111:10460:25044, skipping.
01-03 17:26 root         DEBUG    No ITS stop or start sites were identified for sequence M05836:9:000000000-BRTMF:1:2112:23219:3357, skipping.
01-03 17:26 root         DEBUG    No ITS stop or start sites were identified for sequence M05836:9:000000000-BRTMF:1:2112:13147:9562, skipping.
01-03 17:26 root         DEBUG    No ITS stop or start sites were identified for sequence M05836:9:000000000-BRTMF:1:2112:13784:10513, skipping.
01-03 17:26 root         DEBUG    No ITS stop or start sites were identified for sequence M05836:9:000000000-BRTMF:1:2112:9234:13076, skipping.
01-03 17:26 root         DEBUG    No ITS stop or start sites were identified for sequence M05836:9:000000000-BRTMF:1:2112:3657:13376, skipping.
01-03 17:26 root         DEBUG    No ITS stop or start sites were identified for sequence M05836:9:000000000-BRTMF:1:2112:26266:13454, skipping.
01-03 17:26 root         DEBUG    No ITS stop or start sites were identified for sequence M05836:9:000000000-BRTMF:1:2112:5565:15418, skipping.
01-03 17:26 root         DEBUG    No ITS stop or start sites were identified for sequence M05836:9:000000000-BRTMF:1:2107:14763:5270, skipping.
01-03 17:26 root         DEBUG    No ITS stop or start sites were identified for sequence M05836:9:000000000-BRTMF:1:2112:10002:16300, skipping.
01-03 17:26 root         DEBUG    No ITS stop or start sites were identified for sequence M05836:9:000000000-BRTMF:1:2112:22005:19619, skipping.
01-03 17:26 root         DEBUG    No ITS stop or start sites were identified for sequence M05836:9:000000000-BRTMF:1:2112:19290:21216, skipping.
01-03 17:26 root         DEBUG    No ITS stop or start sites were identified for sequence M05836:9:000000000-BRTMF:1:2112:23777:23826, skipping.
01-03 17:26 root         DEBUG    No ITS stop or start sites were identified for sequence M05836:9:000000000-BRTMF:1:2112:23454:24462, skipping.
01-03 17:26 root         DEBUG    No ITS stop or start sites were identified for sequence M05836:9:000000000-BRTMF:1:2112:11479:24479, skipping.
01-03 17:26 root         DEBUG    No ITS stop or start sites were identified for sequence M05836:9:000000000-BRTMF:1:2113:17602:5137, skipping.
01-03 17:26 root         DEBUG    No ITS stop or start sites were identified for sequence M05836:9:000000000-BRTMF:1:2113:9004:7037, skipping.
01-03 17:26 root         DEBUG    No ITS stop or start sites were identified for sequence M05836:9:000000000-BRTMF:1:1113:3719:13405, skipping.
01-03 17:26 root         DEBUG    No ITS stop or start sites were identified for sequence M05836:9:000000000-BRTMF:1:2113:8726:9688, skipping.
01-03 17:26 root         DEBUG    No ITS stop or start sites were identified for sequence M05836:9:000000000-BRTMF:1:2113:8971:12498, skipping.
01-03 17:26 root         DEBUG    No ITS stop or start sites were identified for sequence M05836:9:000000000-BRTMF:1:2111:6997:9043, skipping.
01-03 17:26 root         DEBUG    No ITS stop or start sites were identified for sequence M05836:9:000000000-BRTMF:1:2113:2650:18165, skipping.
01-03 17:26 root         DEBUG    No ITS stop or start sites were identified for sequence M05836:9:000000000-BRTMF:1:2113:23585:20895, skipping.
01-03 17:26 root         DEBUG    No ITS stop or start sites were identified for sequence M05836:9:000000000-BRTMF:1:1102:9843:3877, skipping.
01-03 17:26 root         DEBUG    No ITS stop or start sites were identified for sequence M05836:9:000000000-BRTMF:1:2114:13742:3138, skipping.
01-03 17:26 root         DEBUG    No ITS stop or start sites were identified for sequence M05836:9:000000000-BRTMF:1:2114:13738:3157, skipping.
01-03 17:26 root         DEBUG    No ITS stop or start sites were identified for sequence M05836:9:000000000-BRTMF:1:2114:26745:9262, skipping.
01-03 17:26 root         DEBUG    No ITS stop or start sites were identified for sequence M05836:9:000000000-BRTMF:1:2114:14688:9721, skipping.
01-03 17:26 root         DEBUG    No ITS stop or start sites were identified for sequence M05836:9:000000000-BRTMF:1:2114:12948:10070, skipping.
01-03 17:26 root         DEBUG    No ITS stop or start sites were identified for sequence M05836:9:000000000-BRTMF:1:2114:11385:10122, skipping.
01-03 17:26 root         DEBUG    No ITS stop or start sites were identified for sequence M05836:9:000000000-BRTMF:1:2114:13402:10553, skipping.
01-03 17:26 root         DEBUG    No ITS stop or start sites were identified for sequence M05836:9:000000000-BRTMF:1:2114:6482:14496, skipping.
01-03 17:26 root         DEBUG    No ITS stop or start sites were identified for sequence M05836:9:000000000-BRTMF:1:2114:7286:15467, skipping.
01-03 17:26 root         DEBUG    No ITS stop or start sites were identified for sequence M05836:9:000000000-BRTMF:1:2114:20596:16153, skipping.
01-03 17:26 root         DEBUG    No ITS stop or start sites were identified for sequence M05836:9:000000000-BRTMF:1:2114:19421:17532, skipping.
01-03 17:26 root         DEBUG    No ITS stop or start sites were identified for sequence M05836:9:000000000-BRTMF:1:2114:8183:22904, skipping.
01-03 17:26 root         DEBUG    No ITS stop or start sites were identified for sequence M05836:9:000000000-BRTMF:1:2114:22590:23518, skipping.
01-03 17:26 root         DEBUG    No ITS stop or start sites were identified for sequence M05836:9:000000000-BRTMF:1:2115:27923:8067, skipping.
01-03 17:26 root         DEBUG    No ITS stop or start sites were identified for sequence M05836:9:000000000-BRTMF:1:2115:26195:8565, skipping.
01-03 17:26 root         DEBUG    No ITS stop or start sites were identified for sequence M05836:9:000000000-BRTMF:1:2115:3812:8731, skipping.
01-03 17:26 root         DEBUG    No ITS stop or start sites were identified for sequence M05836:9:000000000-BRTMF:1:2115:21989:9889, skipping.
01-03 17:26 root         DEBUG    No ITS stop or start sites were identified for sequence M05836:9:000000000-BRTMF:1:2115:9787:10052, skipping.
01-03 17:26 root         DEBUG    No ITS stop or start sites were identified for sequence M05836:9:000000000-BRTMF:1:2115:18624:11337, skipping.
01-03 17:26 root         DEBUG    No ITS stop or start sites were identified for sequence M05836:9:000000000-BRTMF:1:2115:22631:15365, skipping.
01-03 17:26 root         DEBUG    No ITS stop or start sites were identified for sequence M05836:9:000000000-BRTMF:1:2115:7054:18804, skipping.
01-03 17:26 root         DEBUG    No ITS stop or start sites were identified for sequence M05836:9:000000000-BRTMF:1:2115:8157:23343, skipping.
01-03 17:26 root         DEBUG    No ITS stop or start sites were identified for sequence M05836:9:000000000-BRTMF:1:2115:13132:23550, skipping.
01-03 17:26 root         DEBUG    No ITS stop or start sites were identified for sequence M05836:9:000000000-BRTMF:1:2116:20694:4736, skipping.
01-03 17:26 root         DEBUG    No ITS stop or start sites were identified for sequence M05836:9:000000000-BRTMF:1:2116:27118:8890, skipping.
01-03 17:26 root         DEBUG    No ITS stop or start sites were identified for sequence M05836:9:000000000-BRTMF:1:2116:21248:10118, skipping.
01-03 17:26 root         DEBUG    No ITS stop or start sites were identified for sequence M05836:9:000000000-BRTMF:1:2116:4239:10772, skipping.
01-03 17:26 root         DEBUG    No ITS stop or start sites were identified for sequence M05836:9:000000000-BRTMF:1:2116:13708:12604, skipping.
01-03 17:26 root         DEBUG    No ITS stop or start sites were identified for sequence M05836:9:000000000-BRTMF:1:2116:19451:14002, skipping.
01-03 17:26 root         DEBUG    No ITS stop or start sites were identified for sequence M05836:9:000000000-BRTMF:1:2116:26263:14853, skipping.
01-03 17:26 root         DEBUG    No ITS stop or start sites were identified for sequence M05836:9:000000000-BRTMF:1:2116:23866:14926, skipping.
01-03 17:26 root         DEBUG    No ITS stop or start sites were identified for sequence M05836:9:000000000-BRTMF:1:2116:27027:15778, skipping.
01-03 17:26 root         DEBUG    No ITS stop or start sites were identified for sequence M05836:9:000000000-BRTMF:1:1111:16204:7898, skipping.
01-03 17:26 root         DEBUG    No ITS stop or start sites were identified for sequence M05836:9:000000000-BRTMF:1:2116:10792:17251, skipping.
01-03 17:26 root         DEBUG    No ITS stop or start sites were identified for sequence M05836:9:000000000-BRTMF:1:2116:17292:24527, skipping.
01-03 17:26 root         DEBUG    No ITS stop or start sites were identified for sequence M05836:9:000000000-BRTMF:1:2116:17289:24553, skipping.
01-03 17:26 root         DEBUG    No ITS stop or start sites were identified for sequence M05836:9:000000000-BRTMF:1:2117:8807:6980, skipping.
01-03 17:26 root         DEBUG    No ITS stop or start sites were identified for sequence M05836:9:000000000-BRTMF:1:2117:18569:7673, skipping.
01-03 17:26 root         DEBUG    No ITS stop or start sites were identified for sequence M05836:9:000000000-BRTMF:1:2117:24658:10060, skipping.
01-03 17:26 root         DEBUG    No ITS stop or start sites were identified for sequence M05836:9:000000000-BRTMF:1:2117:20507:10138, skipping.
01-03 17:26 root         DEBUG    No ITS stop or start sites were identified for sequence M05836:9:000000000-BRTMF:1:2117:8265:12017, skipping.
01-03 17:26 root         DEBUG    No ITS stop or start sites were identified for sequence M05836:9:000000000-BRTMF:1:2117:8245:12022, skipping.
01-03 17:26 root         DEBUG    No ITS stop or start sites were identified for sequence M05836:9:000000000-BRTMF:1:2117:14697:21377, skipping.
01-03 17:26 root         DEBUG    No ITS stop or start sites were identified for sequence M05836:9:000000000-BRTMF:1:2118:11711:2071, skipping.
01-03 17:26 root         DEBUG    No ITS stop or start sites were identified for sequence M05836:9:000000000-BRTMF:1:2118:24883:3127, skipping.
01-03 17:26 root         DEBUG    No ITS stop or start sites were identified for sequence M05836:9:000000000-BRTMF:1:1111:16204:7898, skipping.
01-03 17:26 root         DEBUG    No ITS stop or start sites were identified for sequence M05836:9:000000000-BRTMF:1:2118:22393:7733, skipping.
01-03 17:26 root         DEBUG    No ITS stop or start sites were identified for sequence M05836:9:000000000-BRTMF:1:2118:24481:8121, skipping.
01-03 17:26 root         DEBUG    No ITS stop or start sites were identified for sequence M05836:9:000000000-BRTMF:1:2118:2570:9726, skipping.
01-03 17:26 root         DEBUG    No ITS stop or start sites were identified for sequence M05836:9:000000000-BRTMF:1:2118:20883:10432, skipping.
01-03 17:26 root         DEBUG    No ITS stop or start sites were identified for sequence M05836:9:000000000-BRTMF:1:2118:15562:10641, skipping.
01-03 17:26 root         DEBUG    No ITS stop or start sites were identified for sequence M05836:9:000000000-BRTMF:1:2118:18693:10959, skipping.
01-03 17:26 root         DEBUG    No ITS stop or start sites were identified for sequence M05836:9:000000000-BRTMF:1:2118:4887:13908, skipping.
01-03 17:26 root         DEBUG    No ITS stop or start sites were identified for sequence M05836:9:000000000-BRTMF:1:2118:10738:14861, skipping.
01-03 17:26 root         DEBUG    No ITS stop or start sites were identified for sequence M05836:9:000000000-BRTMF:1:2118:12137:15739, skipping.
01-03 17:26 root         DEBUG    No ITS stop or start sites were identified for sequence M05836:9:000000000-BRTMF:1:2118:28843:18019, skipping.
01-03 17:26 root         DEBUG    No ITS stop or start sites were identified for sequence M05836:9:000000000-BRTMF:1:2115:22631:15365, skipping.
01-03 17:26 root         DEBUG    No ITS stop or start sites were identified for sequence M05836:9:000000000-BRTMF:1:2118:13979:23371, skipping.
01-03 17:26 root         DEBUG    No ITS stop or start sites were identified for sequence M05836:9:000000000-BRTMF:1:1105:18494:11984, skipping.
01-03 17:26 root         DEBUG    No ITS stop or start sites were identified for sequence M05836:9:000000000-BRTMF:1:2119:22770:9401, skipping.
01-03 17:26 root         DEBUG    No ITS stop or start sites were identified for sequence M05836:9:000000000-BRTMF:1:2119:17908:9774, skipping.
01-03 17:26 root         DEBUG    No ITS stop or start sites were identified for sequence M05836:9:000000000-BRTMF:1:2119:27213:10125, skipping.
01-03 17:26 root         DEBUG    No ITS stop or start sites were identified for sequence M05836:9:000000000-BRTMF:1:2119:27291:11539, skipping.
01-03 17:26 root         DEBUG    No ITS stop or start sites were identified for sequence M05836:9:000000000-BRTMF:1:2119:17419:13046, skipping.
01-03 17:26 root         DEBUG    No ITS stop or start sites were identified for sequence M05836:9:000000000-BRTMF:1:2119:28800:13101, skipping.
01-03 17:26 root         DEBUG    No ITS stop or start sites were identified for sequence M05836:9:000000000-BRTMF:1:2119:28800:13101, skipping.
01-03 17:26 root         DEBUG    No ITS stop or start sites were identified for sequence M05836:9:000000000-BRTMF:1:2119:14284:13330, skipping.
01-03 17:26 root         DEBUG    No ITS stop or start sites were identified for sequence M05836:9:000000000-BRTMF:1:2119:28322:13450, skipping.
01-03 17:26 root         DEBUG    No ITS stop or start sites were identified for sequence M05836:9:000000000-BRTMF:1:1111:16204:7898, skipping.
01-03 17:26 root         DEBUG    No ITS stop or start sites were identified for sequence M05836:9:000000000-BRTMF:1:1111:16204:7898, skipping.
01-03 17:26 root         DEBUG    No ITS stop or start sites were identified for sequence M05836:9:000000000-BRTMF:1:2119:26782:20098, skipping.
01-03 17:26 root         DEBUG    No ITS stop or start sites were identified for sequence M05836:9:000000000-BRTMF:1:2119:21790:21583, skipping.
01-03 17:26 root         DEBUG    No ITS stop or start sites were identified for sequence M05836:9:000000000-BRTMF:1:2119:6455:21806, skipping.
01-03 17:26 root         DEBUG    No ITS stop or start sites were identified for sequence M05836:9:000000000-BRTMF:1:2119:7151:23883, skipping.
01-03 17:26 root         DEBUG    No ITS stop or start sites were identified for sequence M05836:9:000000000-BRTMF:1:2119:7134:23899, skipping.
01-03 17:26 root         DEBUG    No ITS stop or start sites were identified for sequence M05836:9:000000000-BRTMF:1:2119:19409:24916, skipping.
01-03 17:26 root         INFO     ITSxpress ran in 00:01:34
