01-03 17:22 root         INFO     Verifying the input sequences.
01-03 17:22 root         INFO     Sequences are assumed to be single-end.
01-03 17:22 root         INFO     Temporary directory is: /tmp/itsxpress_0wodyu_p
01-03 17:22 root         INFO     Unique sequences are being written to a temporary FASTA file with Vsearch.
01-03 17:22 root         INFO     vsearch v2.7.1_linux_x86_64, 15.6GB RAM, 4 cores
https://github.com/torognes/vsearch

Reading file DNA.CAC.CR3.ITS_S16_L001_R1_001.fastq 100%
6336378 nt in 24866 seqs, min 37, max 301, avg 255
minseqlength 32: 30 sequences discarded.
Dereplicating 100%
Sorting 100%
12222 unique sequences, avg cluster 2.0, median 1, max 1571
Writing output file 100%
Writing uc file, first part 100%
Writing uc file, second part 100%

01-03 17:22 root         INFO     Searching for ITS start and stop sites using HMMSearch. This step takes a while.
01-03 17:24 root         INFO     Parsing HMM results.
01-03 17:24 root         INFO     Writing out sequences
01-03 17:24 root         DEBUG    No ITS stop or start sites were identified for sequence M05836:9:000000000-BRTMF:1:1101:19344:3117, skipping.
01-03 17:24 root         DEBUG    No ITS stop or start sites were identified for sequence M05836:9:000000000-BRTMF:1:1101:13486:3846, skipping.
01-03 17:24 root         DEBUG    No ITS stop or start sites were identified for sequence M05836:9:000000000-BRTMF:1:1101:13192:8864, skipping.
01-03 17:24 root         DEBUG    No ITS stop or start sites were identified for sequence M05836:9:000000000-BRTMF:1:1101:26629:10644, skipping.
01-03 17:24 root         DEBUG    No ITS stop or start sites were identified for sequence M05836:9:000000000-BRTMF:1:1101:7604:11205, skipping.
01-03 17:24 root         DEBUG    No ITS stop or start sites were identified for sequence M05836:9:000000000-BRTMF:1:1101:13887:14861, skipping.
01-03 17:24 root         DEBUG    No ITS stop or start sites were identified for sequence M05836:9:000000000-BRTMF:1:1101:10186:18510, skipping.
01-03 17:24 root         DEBUG    No ITS stop or start sites were identified for sequence M05836:9:000000000-BRTMF:1:1101:22439:18603, skipping.
01-03 17:24 root         DEBUG    No ITS stop or start sites were identified for sequence M05836:9:000000000-BRTMF:1:1101:21374:18645, skipping.
01-03 17:24 root         DEBUG    No ITS stop or start sites were identified for sequence M05836:9:000000000-BRTMF:1:1101:3699:19961, skipping.
01-03 17:24 root         DEBUG    No ITS stop or start sites were identified for sequence M05836:9:000000000-BRTMF:1:1101:20789:20019, skipping.
01-03 17:24 root         DEBUG    No ITS stop or start sites were identified for sequence M05836:9:000000000-BRTMF:1:1101:13051:20698, skipping.
01-03 17:24 root         DEBUG    No ITS stop or start sites were identified for sequence M05836:9:000000000-BRTMF:1:1101:18172:20840, skipping.
01-03 17:24 root         DEBUG    No ITS stop or start sites were identified for sequence M05836:9:000000000-BRTMF:1:1101:27057:20956, skipping.
01-03 17:24 root         DEBUG    No ITS stop or start sites were identified for sequence M05836:9:000000000-BRTMF:1:1102:16348:2130, skipping.
01-03 17:24 root         DEBUG    No ITS stop or start sites were identified for sequence M05836:9:000000000-BRTMF:1:1102:14522:3154, skipping.
01-03 17:24 root         DEBUG    No ITS stop or start sites were identified for sequence M05836:9:000000000-BRTMF:1:1102:22655:3695, skipping.
01-03 17:24 root         DEBUG    No ITS stop or start sites were identified for sequence M05836:9:000000000-BRTMF:1:1102:8261:5003, skipping.
01-03 17:24 root         DEBUG    No ITS stop or start sites were identified for sequence M05836:9:000000000-BRTMF:1:1102:16006:5811, skipping.
01-03 17:24 root         DEBUG    No ITS stop or start sites were identified for sequence M05836:9:000000000-BRTMF:1:1102:7862:6437, skipping.
01-03 17:24 root         DEBUG    No ITS stop or start sites were identified for sequence M05836:9:000000000-BRTMF:1:1102:20285:10850, skipping.
01-03 17:24 root         DEBUG    No ITS stop or start sites were identified for sequence M05836:9:000000000-BRTMF:1:1102:14996:11293, skipping.
01-03 17:24 root         DEBUG    No ITS stop or start sites were identified for sequence M05836:9:000000000-BRTMF:1:1102:20409:14427, skipping.
01-03 17:24 root         DEBUG    No ITS stop or start sites were identified for sequence M05836:9:000000000-BRTMF:1:1102:23598:14718, skipping.
01-03 17:24 root         DEBUG    No ITS stop or start sites were identified for sequence M05836:9:000000000-BRTMF:1:1102:9757:15789, skipping.
01-03 17:24 root         DEBUG    No ITS stop or start sites were identified for sequence M05836:9:000000000-BRTMF:1:1102:16107:17143, skipping.
01-03 17:24 root         DEBUG    No ITS stop or start sites were identified for sequence M05836:9:000000000-BRTMF:1:1102:25565:19608, skipping.
01-03 17:24 root         DEBUG    No ITS stop or start sites were identified for sequence M05836:9:000000000-BRTMF:1:1102:8319:20893, skipping.
01-03 17:24 root         DEBUG    No ITS stop or start sites were identified for sequence M05836:9:000000000-BRTMF:1:1103:11263:6708, skipping.
01-03 17:24 root         DEBUG    No ITS stop or start sites were identified for sequence M05836:9:000000000-BRTMF:1:1103:22311:8158, skipping.
01-03 17:24 root         DEBUG    No ITS stop or start sites were identified for sequence M05836:9:000000000-BRTMF:1:1103:26626:8346, skipping.
01-03 17:24 root         DEBUG    No ITS stop or start sites were identified for sequence M05836:9:000000000-BRTMF:1:1103:21401:9612, skipping.
01-03 17:24 root         DEBUG    No ITS stop or start sites were identified for sequence M05836:9:000000000-BRTMF:1:1103:25847:11214, skipping.
01-03 17:24 root         DEBUG    No ITS stop or start sites were identified for sequence M05836:9:000000000-BRTMF:1:1103:13195:12959, skipping.
01-03 17:24 root         DEBUG    No ITS stop or start sites were identified for sequence M05836:9:000000000-BRTMF:1:1103:23893:13155, skipping.
01-03 17:24 root         DEBUG    No ITS stop or start sites were identified for sequence M05836:9:000000000-BRTMF:1:1103:26418:14095, skipping.
01-03 17:24 root         DEBUG    No ITS stop or start sites were identified for sequence M05836:9:000000000-BRTMF:1:1103:15189:15445, skipping.
01-03 17:24 root         DEBUG    No ITS stop or start sites were identified for sequence M05836:9:000000000-BRTMF:1:1103:13457:15714, skipping.
01-03 17:24 root         DEBUG    No ITS stop or start sites were identified for sequence M05836:9:000000000-BRTMF:1:1103:10830:17928, skipping.
01-03 17:24 root         DEBUG    No ITS stop or start sites were identified for sequence M05836:9:000000000-BRTMF:1:1103:9228:20131, skipping.
01-03 17:24 root         DEBUG    No ITS stop or start sites were identified for sequence M05836:9:000000000-BRTMF:1:1103:14014:22041, skipping.
01-03 17:24 root         DEBUG    No ITS stop or start sites were identified for sequence M05836:9:000000000-BRTMF:1:1104:19593:2414, skipping.
01-03 17:24 root         DEBUG    No ITS stop or start sites were identified for sequence M05836:9:000000000-BRTMF:1:1104:10547:2584, skipping.
01-03 17:24 root         DEBUG    No ITS stop or start sites were identified for sequence M05836:9:000000000-BRTMF:1:1104:20687:3949, skipping.
01-03 17:24 root         DEBUG    No ITS stop or start sites were identified for sequence M05836:9:000000000-BRTMF:1:1104:17765:8791, skipping.
01-03 17:24 root         DEBUG    No ITS stop or start sites were identified for sequence M05836:9:000000000-BRTMF:1:1104:9355:10355, skipping.
01-03 17:24 root         DEBUG    No ITS stop or start sites were identified for sequence M05836:9:000000000-BRTMF:1:1104:3707:10462, skipping.
01-03 17:24 root         DEBUG    No ITS stop or start sites were identified for sequence M05836:9:000000000-BRTMF:1:1104:23853:11516, skipping.
01-03 17:24 root         DEBUG    No ITS stop or start sites were identified for sequence M05836:9:000000000-BRTMF:1:1104:5833:12533, skipping.
01-03 17:24 root         DEBUG    No ITS stop or start sites were identified for sequence M05836:9:000000000-BRTMF:1:1104:2376:13812, skipping.
01-03 17:24 root         DEBUG    No ITS stop or start sites were identified for sequence M05836:9:000000000-BRTMF:1:1104:5383:14045, skipping.
01-03 17:24 root         DEBUG    No ITS stop or start sites were identified for sequence M05836:9:000000000-BRTMF:1:1104:24464:14546, skipping.
01-03 17:24 root         DEBUG    No ITS stop or start sites were identified for sequence M05836:9:000000000-BRTMF:1:1104:14695:19950, skipping.
01-03 17:24 root         DEBUG    No ITS stop or start sites were identified for sequence M05836:9:000000000-BRTMF:1:1104:18450:20148, skipping.
01-03 17:24 root         DEBUG    No ITS stop or start sites were identified for sequence M05836:9:000000000-BRTMF:1:1104:24493:20820, skipping.
01-03 17:24 root         DEBUG    No ITS stop or start sites were identified for sequence M05836:9:000000000-BRTMF:1:1104:25561:21632, skipping.
01-03 17:24 root         DEBUG    No ITS stop or start sites were identified for sequence M05836:9:000000000-BRTMF:1:1104:18318:22839, skipping.
01-03 17:24 root         DEBUG    No ITS stop or start sites were identified for sequence M05836:9:000000000-BRTMF:1:1104:8956:23440, skipping.
01-03 17:24 root         DEBUG    No ITS stop or start sites were identified for sequence M05836:9:000000000-BRTMF:1:1105:13247:2011, skipping.
01-03 17:24 root         DEBUG    No ITS stop or start sites were identified for sequence M05836:9:000000000-BRTMF:1:1105:15068:2990, skipping.
01-03 17:24 root         DEBUG    No ITS stop or start sites were identified for sequence M05836:9:000000000-BRTMF:1:1105:7635:4497, skipping.
01-03 17:24 root         DEBUG    No ITS stop or start sites were identified for sequence M05836:9:000000000-BRTMF:1:1105:26051:7213, skipping.
01-03 17:24 root         DEBUG    No ITS stop or start sites were identified for sequence M05836:9:000000000-BRTMF:1:1105:15795:7781, skipping.
01-03 17:24 root         DEBUG    No ITS stop or start sites were identified for sequence M05836:9:000000000-BRTMF:1:1105:6012:8766, skipping.
01-03 17:24 root         DEBUG    No ITS stop or start sites were identified for sequence M05836:9:000000000-BRTMF:1:1105:4500:9964, skipping.
01-03 17:24 root         DEBUG    No ITS stop or start sites were identified for sequence M05836:9:000000000-BRTMF:1:1105:17576:10087, skipping.
01-03 17:24 root         DEBUG    No ITS stop or start sites were identified for sequence M05836:9:000000000-BRTMF:1:1105:26982:10752, skipping.
01-03 17:24 root         DEBUG    No ITS stop or start sites were identified for sequence M05836:9:000000000-BRTMF:1:1105:14031:11279, skipping.
01-03 17:24 root         DEBUG    No ITS stop or start sites were identified for sequence M05836:9:000000000-BRTMF:1:1105:11926:12988, skipping.
01-03 17:24 root         DEBUG    No ITS stop or start sites were identified for sequence M05836:9:000000000-BRTMF:1:1105:8006:14018, skipping.
01-03 17:24 root         DEBUG    No ITS stop or start sites were identified for sequence M05836:9:000000000-BRTMF:1:1105:14098:14803, skipping.
01-03 17:24 root         DEBUG    No ITS stop or start sites were identified for sequence M05836:9:000000000-BRTMF:1:1105:24281:14907, skipping.
01-03 17:24 root         DEBUG    No ITS stop or start sites were identified for sequence M05836:9:000000000-BRTMF:1:1105:14154:15178, skipping.
01-03 17:24 root         DEBUG    No ITS stop or start sites were identified for sequence M05836:9:000000000-BRTMF:1:1105:28299:15979, skipping.
01-03 17:24 root         DEBUG    No ITS stop or start sites were identified for sequence M05836:9:000000000-BRTMF:1:1105:15729:16064, skipping.
01-03 17:24 root         DEBUG    No ITS stop or start sites were identified for sequence M05836:9:000000000-BRTMF:1:1105:10632:16420, skipping.
01-03 17:24 root         DEBUG    No ITS stop or start sites were identified for sequence M05836:9:000000000-BRTMF:1:1105:8371:16920, skipping.
01-03 17:24 root         DEBUG    No ITS stop or start sites were identified for sequence M05836:9:000000000-BRTMF:1:1102:16348:2130, skipping.
01-03 17:24 root         DEBUG    No ITS stop or start sites were identified for sequence M05836:9:000000000-BRTMF:1:1105:18280:17383, skipping.
01-03 17:24 root         DEBUG    No ITS stop or start sites were identified for sequence M05836:9:000000000-BRTMF:1:1106:20599:4485, skipping.
01-03 17:24 root         DEBUG    No ITS stop or start sites were identified for sequence M05836:9:000000000-BRTMF:1:1106:9009:4497, skipping.
01-03 17:24 root         DEBUG    No ITS stop or start sites were identified for sequence M05836:9:000000000-BRTMF:1:1106:19507:8885, skipping.
01-03 17:24 root         DEBUG    No ITS stop or start sites were identified for sequence M05836:9:000000000-BRTMF:1:1106:22392:8905, skipping.
01-03 17:24 root         DEBUG    No ITS stop or start sites were identified for sequence M05836:9:000000000-BRTMF:1:1106:13766:9154, skipping.
01-03 17:24 root         DEBUG    No ITS stop or start sites were identified for sequence M05836:9:000000000-BRTMF:1:1106:12579:10110, skipping.
01-03 17:24 root         DEBUG    No ITS stop or start sites were identified for sequence M05836:9:000000000-BRTMF:1:1105:7635:4497, skipping.
01-03 17:24 root         DEBUG    No ITS stop or start sites were identified for sequence M05836:9:000000000-BRTMF:1:1105:7635:4497, skipping.
01-03 17:24 root         DEBUG    No ITS stop or start sites were identified for sequence M05836:9:000000000-BRTMF:1:1106:23555:11089, skipping.
01-03 17:24 root         DEBUG    No ITS stop or start sites were identified for sequence M05836:9:000000000-BRTMF:1:1106:23553:11173, skipping.
01-03 17:24 root         DEBUG    No ITS stop or start sites were identified for sequence M05836:9:000000000-BRTMF:1:1106:15016:11838, skipping.
01-03 17:24 root         DEBUG    No ITS stop or start sites were identified for sequence M05836:9:000000000-BRTMF:1:1106:14786:14463, skipping.
01-03 17:24 root         DEBUG    No ITS stop or start sites were identified for sequence M05836:9:000000000-BRTMF:1:1106:23761:15955, skipping.
01-03 17:24 root         DEBUG    No ITS stop or start sites were identified for sequence M05836:9:000000000-BRTMF:1:1106:25800:16587, skipping.
01-03 17:24 root         DEBUG    No ITS stop or start sites were identified for sequence M05836:9:000000000-BRTMF:1:1106:12035:17672, skipping.
01-03 17:24 root         DEBUG    No ITS stop or start sites were identified for sequence M05836:9:000000000-BRTMF:1:1106:22250:17785, skipping.
01-03 17:24 root         DEBUG    No ITS stop or start sites were identified for sequence M05836:9:000000000-BRTMF:1:1106:7735:18511, skipping.
01-03 17:24 root         DEBUG    No ITS stop or start sites were identified for sequence M05836:9:000000000-BRTMF:1:1106:7747:18524, skipping.
01-03 17:24 root         DEBUG    No ITS stop or start sites were identified for sequence M05836:9:000000000-BRTMF:1:1106:11582:20287, skipping.
01-03 17:24 root         DEBUG    No ITS stop or start sites were identified for sequence M05836:9:000000000-BRTMF:1:1106:8746:20603, skipping.
01-03 17:24 root         DEBUG    No ITS stop or start sites were identified for sequence M05836:9:000000000-BRTMF:1:1106:13385:20942, skipping.
01-03 17:24 root         DEBUG    No ITS stop or start sites were identified for sequence M05836:9:000000000-BRTMF:1:1106:18974:23613, skipping.
01-03 17:24 root         DEBUG    No ITS stop or start sites were identified for sequence M05836:9:000000000-BRTMF:1:1107:27217:6247, skipping.
01-03 17:24 root         DEBUG    No ITS stop or start sites were identified for sequence M05836:9:000000000-BRTMF:1:1107:16374:6458, skipping.
01-03 17:24 root         DEBUG    No ITS stop or start sites were identified for sequence M05836:9:000000000-BRTMF:1:1107:11028:10051, skipping.
01-03 17:24 root         DEBUG    No ITS stop or start sites were identified for sequence M05836:9:000000000-BRTMF:1:1107:8064:11538, skipping.
01-03 17:24 root         DEBUG    No ITS stop or start sites were identified for sequence M05836:9:000000000-BRTMF:1:1107:26393:12564, skipping.
01-03 17:24 root         DEBUG    No ITS stop or start sites were identified for sequence M05836:9:000000000-BRTMF:1:1107:22875:13663, skipping.
01-03 17:24 root         DEBUG    No ITS stop or start sites were identified for sequence M05836:9:000000000-BRTMF:1:1107:21251:18874, skipping.
01-03 17:24 root         DEBUG    No ITS stop or start sites were identified for sequence M05836:9:000000000-BRTMF:1:1107:21247:18900, skipping.
01-03 17:24 root         DEBUG    No ITS stop or start sites were identified for sequence M05836:9:000000000-BRTMF:1:1107:5657:19454, skipping.
01-03 17:24 root         DEBUG    No ITS stop or start sites were identified for sequence M05836:9:000000000-BRTMF:1:1107:5657:19454, skipping.
01-03 17:24 root         DEBUG    No ITS stop or start sites were identified for sequence M05836:9:000000000-BRTMF:1:1107:8862:20231, skipping.
01-03 17:24 root         DEBUG    No ITS stop or start sites were identified for sequence M05836:9:000000000-BRTMF:1:1107:9905:20781, skipping.
01-03 17:24 root         DEBUG    No ITS stop or start sites were identified for sequence M05836:9:000000000-BRTMF:1:1107:12964:23105, skipping.
01-03 17:24 root         DEBUG    No ITS stop or start sites were identified for sequence M05836:9:000000000-BRTMF:1:1108:22242:1866, skipping.
01-03 17:24 root         DEBUG    No ITS stop or start sites were identified for sequence M05836:9:000000000-BRTMF:1:1108:8344:3730, skipping.
01-03 17:24 root         DEBUG    No ITS stop or start sites were identified for sequence M05836:9:000000000-BRTMF:1:1108:10670:4282, skipping.
01-03 17:24 root         DEBUG    No ITS stop or start sites were identified for sequence M05836:9:000000000-BRTMF:1:1108:15819:5644, skipping.
01-03 17:24 root         DEBUG    No ITS stop or start sites were identified for sequence M05836:9:000000000-BRTMF:1:1108:10106:6582, skipping.
01-03 17:24 root         DEBUG    No ITS stop or start sites were identified for sequence M05836:9:000000000-BRTMF:1:1108:21316:7491, skipping.
01-03 17:24 root         DEBUG    No ITS stop or start sites were identified for sequence M05836:9:000000000-BRTMF:1:1108:9383:8401, skipping.
01-03 17:24 root         DEBUG    No ITS stop or start sites were identified for sequence M05836:9:000000000-BRTMF:1:1108:28491:10067, skipping.
01-03 17:24 root         DEBUG    No ITS stop or start sites were identified for sequence M05836:9:000000000-BRTMF:1:1108:13662:11104, skipping.
01-03 17:24 root         DEBUG    No ITS stop or start sites were identified for sequence M05836:9:000000000-BRTMF:1:1105:7635:4497, skipping.
01-03 17:24 root         DEBUG    No ITS stop or start sites were identified for sequence M05836:9:000000000-BRTMF:1:1108:19258:12901, skipping.
01-03 17:24 root         DEBUG    No ITS stop or start sites were identified for sequence M05836:9:000000000-BRTMF:1:1108:29181:13223, skipping.
01-03 17:24 root         DEBUG    No ITS stop or start sites were identified for sequence M05836:9:000000000-BRTMF:1:1108:23371:15545, skipping.
01-03 17:24 root         DEBUG    No ITS stop or start sites were identified for sequence M05836:9:000000000-BRTMF:1:1105:7635:4497, skipping.
01-03 17:24 root         DEBUG    No ITS stop or start sites were identified for sequence M05836:9:000000000-BRTMF:1:1108:27224:18399, skipping.
01-03 17:24 root         DEBUG    No ITS stop or start sites were identified for sequence M05836:9:000000000-BRTMF:1:1108:26426:18921, skipping.
01-03 17:24 root         DEBUG    No ITS stop or start sites were identified for sequence M05836:9:000000000-BRTMF:1:1108:13984:19348, skipping.
01-03 17:24 root         DEBUG    No ITS stop or start sites were identified for sequence M05836:9:000000000-BRTMF:1:1108:5678:19832, skipping.
01-03 17:24 root         DEBUG    No ITS stop or start sites were identified for sequence M05836:9:000000000-BRTMF:1:1108:14297:21969, skipping.
01-03 17:24 root         DEBUG    No ITS stop or start sites were identified for sequence M05836:9:000000000-BRTMF:1:1108:25328:21976, skipping.
01-03 17:24 root         DEBUG    No ITS stop or start sites were identified for sequence M05836:9:000000000-BRTMF:1:1108:20365:22114, skipping.
01-03 17:24 root         DEBUG    No ITS stop or start sites were identified for sequence M05836:9:000000000-BRTMF:1:1108:7203:22769, skipping.
01-03 17:24 root         DEBUG    No ITS stop or start sites were identified for sequence M05836:9:000000000-BRTMF:1:1108:7186:23141, skipping.
01-03 17:24 root         DEBUG    No ITS stop or start sites were identified for sequence M05836:9:000000000-BRTMF:1:1109:13931:2754, skipping.
01-03 17:24 root         DEBUG    No ITS stop or start sites were identified for sequence M05836:9:000000000-BRTMF:1:1109:9034:5042, skipping.
01-03 17:24 root         DEBUG    No ITS stop or start sites were identified for sequence M05836:9:000000000-BRTMF:1:1109:18871:5719, skipping.
01-03 17:24 root         DEBUG    No ITS stop or start sites were identified for sequence M05836:9:000000000-BRTMF:1:1109:13297:7199, skipping.
01-03 17:24 root         DEBUG    No ITS stop or start sites were identified for sequence M05836:9:000000000-BRTMF:1:1109:3138:8366, skipping.
01-03 17:24 root         DEBUG    No ITS stop or start sites were identified for sequence M05836:9:000000000-BRTMF:1:1109:10637:8928, skipping.
01-03 17:24 root         DEBUG    No ITS stop or start sites were identified for sequence M05836:9:000000000-BRTMF:1:1109:9767:10312, skipping.
01-03 17:24 root         DEBUG    No ITS stop or start sites were identified for sequence M05836:9:000000000-BRTMF:1:1109:15759:17571, skipping.
01-03 17:24 root         DEBUG    No ITS stop or start sites were identified for sequence M05836:9:000000000-BRTMF:1:1109:13581:18148, skipping.
01-03 17:24 root         DEBUG    No ITS stop or start sites were identified for sequence M05836:9:000000000-BRTMF:1:1109:4576:18281, skipping.
01-03 17:24 root         DEBUG    No ITS stop or start sites were identified for sequence M05836:9:000000000-BRTMF:1:1109:23250:19328, skipping.
01-03 17:24 root         DEBUG    No ITS stop or start sites were identified for sequence M05836:9:000000000-BRTMF:1:1109:18747:19979, skipping.
01-03 17:24 root         DEBUG    No ITS stop or start sites were identified for sequence M05836:9:000000000-BRTMF:1:1109:9008:21403, skipping.
01-03 17:24 root         DEBUG    No ITS stop or start sites were identified for sequence M05836:9:000000000-BRTMF:1:1109:12110:22130, skipping.
01-03 17:24 root         DEBUG    No ITS stop or start sites were identified for sequence M05836:9:000000000-BRTMF:1:1109:6975:22862, skipping.
01-03 17:24 root         DEBUG    No ITS stop or start sites were identified for sequence M05836:9:000000000-BRTMF:1:1110:21112:3250, skipping.
01-03 17:24 root         DEBUG    No ITS stop or start sites were identified for sequence M05836:9:000000000-BRTMF:1:1110:14347:6031, skipping.
01-03 17:24 root         DEBUG    No ITS stop or start sites were identified for sequence M05836:9:000000000-BRTMF:1:1110:7872:9184, skipping.
01-03 17:24 root         DEBUG    No ITS stop or start sites were identified for sequence M05836:9:000000000-BRTMF:1:1110:15510:9455, skipping.
01-03 17:24 root         DEBUG    No ITS stop or start sites were identified for sequence M05836:9:000000000-BRTMF:1:1110:18374:9824, skipping.
01-03 17:24 root         DEBUG    No ITS stop or start sites were identified for sequence M05836:9:000000000-BRTMF:1:1110:5336:10894, skipping.
01-03 17:24 root         DEBUG    No ITS stop or start sites were identified for sequence M05836:9:000000000-BRTMF:1:1110:8689:12083, skipping.
01-03 17:24 root         DEBUG    No ITS stop or start sites were identified for sequence M05836:9:000000000-BRTMF:1:1110:24401:15388, skipping.
01-03 17:24 root         DEBUG    No ITS stop or start sites were identified for sequence M05836:9:000000000-BRTMF:1:1110:3881:15493, skipping.
01-03 17:24 root         DEBUG    No ITS stop or start sites were identified for sequence M05836:9:000000000-BRTMF:1:1110:23446:15670, skipping.
01-03 17:24 root         DEBUG    No ITS stop or start sites were identified for sequence M05836:9:000000000-BRTMF:1:1110:23429:15678, skipping.
01-03 17:24 root         DEBUG    No ITS stop or start sites were identified for sequence M05836:9:000000000-BRTMF:1:1110:3271:15705, skipping.
01-03 17:24 root         DEBUG    No ITS stop or start sites were identified for sequence M05836:9:000000000-BRTMF:1:1110:6646:16484, skipping.
01-03 17:24 root         DEBUG    No ITS stop or start sites were identified for sequence M05836:9:000000000-BRTMF:1:1110:9583:16676, skipping.
01-03 17:24 root         DEBUG    No ITS stop or start sites were identified for sequence M05836:9:000000000-BRTMF:1:1110:26697:17151, skipping.
01-03 17:24 root         DEBUG    No ITS stop or start sites were identified for sequence M05836:9:000000000-BRTMF:1:1110:10097:17242, skipping.
01-03 17:24 root         DEBUG    No ITS stop or start sites were identified for sequence M05836:9:000000000-BRTMF:1:1110:18101:17617, skipping.
01-03 17:24 root         DEBUG    No ITS stop or start sites were identified for sequence M05836:9:000000000-BRTMF:1:1110:12734:17885, skipping.
01-03 17:24 root         DEBUG    No ITS stop or start sites were identified for sequence M05836:9:000000000-BRTMF:1:1110:24853:18835, skipping.
01-03 17:24 root         DEBUG    No ITS stop or start sites were identified for sequence M05836:9:000000000-BRTMF:1:1110:4659:18930, skipping.
01-03 17:24 root         DEBUG    No ITS stop or start sites were identified for sequence M05836:9:000000000-BRTMF:1:1110:7970:19750, skipping.
01-03 17:24 root         DEBUG    No ITS stop or start sites were identified for sequence M05836:9:000000000-BRTMF:1:1110:27971:19761, skipping.
01-03 17:24 root         DEBUG    No ITS stop or start sites were identified for sequence M05836:9:000000000-BRTMF:1:1110:17485:23703, skipping.
01-03 17:24 root         DEBUG    No ITS stop or start sites were identified for sequence M05836:9:000000000-BRTMF:1:1110:20278:24176, skipping.
01-03 17:24 root         DEBUG    No ITS stop or start sites were identified for sequence M05836:9:000000000-BRTMF:1:1111:10012:1726, skipping.
01-03 17:24 root         DEBUG    No ITS stop or start sites were identified for sequence M05836:9:000000000-BRTMF:1:1111:10491:4166, skipping.
01-03 17:24 root         DEBUG    No ITS stop or start sites were identified for sequence M05836:9:000000000-BRTMF:1:1111:13290:8927, skipping.
01-03 17:24 root         DEBUG    No ITS stop or start sites were identified for sequence M05836:9:000000000-BRTMF:1:1111:2386:9460, skipping.
01-03 17:24 root         DEBUG    No ITS stop or start sites were identified for sequence M05836:9:000000000-BRTMF:1:1111:4244:11496, skipping.
01-03 17:24 root         DEBUG    No ITS stop or start sites were identified for sequence M05836:9:000000000-BRTMF:1:1111:27059:12914, skipping.
01-03 17:24 root         DEBUG    No ITS stop or start sites were identified for sequence M05836:9:000000000-BRTMF:1:1111:2648:14049, skipping.
01-03 17:24 root         DEBUG    No ITS stop or start sites were identified for sequence M05836:9:000000000-BRTMF:1:1111:12290:17695, skipping.
01-03 17:24 root         DEBUG    No ITS stop or start sites were identified for sequence M05836:9:000000000-BRTMF:1:1105:7635:4497, skipping.
01-03 17:24 root         DEBUG    No ITS stop or start sites were identified for sequence M05836:9:000000000-BRTMF:1:1111:14092:20443, skipping.
01-03 17:24 root         DEBUG    No ITS stop or start sites were identified for sequence M05836:9:000000000-BRTMF:1:1111:19547:21654, skipping.
01-03 17:24 root         DEBUG    No ITS stop or start sites were identified for sequence M05836:9:000000000-BRTMF:1:1111:19536:21668, skipping.
01-03 17:24 root         DEBUG    No ITS stop or start sites were identified for sequence M05836:9:000000000-BRTMF:1:1111:13440:22750, skipping.
01-03 17:24 root         DEBUG    No ITS stop or start sites were identified for sequence M05836:9:000000000-BRTMF:1:1111:23407:23033, skipping.
01-03 17:24 root         DEBUG    No ITS stop or start sites were identified for sequence M05836:9:000000000-BRTMF:1:1111:23392:23047, skipping.
01-03 17:24 root         DEBUG    No ITS stop or start sites were identified for sequence M05836:9:000000000-BRTMF:1:1111:19555:24312, skipping.
01-03 17:24 root         DEBUG    No ITS stop or start sites were identified for sequence M05836:9:000000000-BRTMF:1:1112:13344:3632, skipping.
01-03 17:24 root         DEBUG    No ITS stop or start sites were identified for sequence M05836:9:000000000-BRTMF:1:1112:14933:5653, skipping.
01-03 17:24 root         DEBUG    No ITS stop or start sites were identified for sequence M05836:9:000000000-BRTMF:1:1112:23100:5961, skipping.
01-03 17:24 root         DEBUG    No ITS stop or start sites were identified for sequence M05836:9:000000000-BRTMF:1:1112:27094:10753, skipping.
01-03 17:24 root         DEBUG    No ITS stop or start sites were identified for sequence M05836:9:000000000-BRTMF:1:1112:25602:11859, skipping.
01-03 17:24 root         DEBUG    No ITS stop or start sites were identified for sequence M05836:9:000000000-BRTMF:1:1112:17733:17092, skipping.
01-03 17:24 root         DEBUG    No ITS stop or start sites were identified for sequence M05836:9:000000000-BRTMF:1:1112:25794:17099, skipping.
01-03 17:24 root         DEBUG    No ITS stop or start sites were identified for sequence M05836:9:000000000-BRTMF:1:1112:19242:17426, skipping.
01-03 17:24 root         DEBUG    No ITS stop or start sites were identified for sequence M05836:9:000000000-BRTMF:1:1112:25056:19390, skipping.
01-03 17:24 root         DEBUG    No ITS stop or start sites were identified for sequence M05836:9:000000000-BRTMF:1:1112:15157:19564, skipping.
01-03 17:24 root         DEBUG    No ITS stop or start sites were identified for sequence M05836:9:000000000-BRTMF:1:1112:17697:19868, skipping.
01-03 17:24 root         DEBUG    No ITS stop or start sites were identified for sequence M05836:9:000000000-BRTMF:1:1112:22315:24204, skipping.
01-03 17:24 root         DEBUG    No ITS stop or start sites were identified for sequence M05836:9:000000000-BRTMF:1:1113:9453:1902, skipping.
01-03 17:24 root         DEBUG    No ITS stop or start sites were identified for sequence M05836:9:000000000-BRTMF:1:1113:22459:4242, skipping.
01-03 17:24 root         DEBUG    No ITS stop or start sites were identified for sequence M05836:9:000000000-BRTMF:1:1113:9076:6018, skipping.
01-03 17:24 root         DEBUG    No ITS stop or start sites were identified for sequence M05836:9:000000000-BRTMF:1:1113:15321:7835, skipping.
01-03 17:24 root         DEBUG    No ITS stop or start sites were identified for sequence M05836:9:000000000-BRTMF:1:1113:9007:8010, skipping.
01-03 17:24 root         DEBUG    No ITS stop or start sites were identified for sequence M05836:9:000000000-BRTMF:1:1113:22736:9486, skipping.
01-03 17:24 root         DEBUG    No ITS stop or start sites were identified for sequence M05836:9:000000000-BRTMF:1:1113:9769:9805, skipping.
01-03 17:24 root         DEBUG    No ITS stop or start sites were identified for sequence M05836:9:000000000-BRTMF:1:1113:20370:14993, skipping.
01-03 17:24 root         DEBUG    No ITS stop or start sites were identified for sequence M05836:9:000000000-BRTMF:1:1107:8862:20231, skipping.
01-03 17:24 root         DEBUG    No ITS stop or start sites were identified for sequence M05836:9:000000000-BRTMF:1:1113:12603:16136, skipping.
01-03 17:24 root         DEBUG    No ITS stop or start sites were identified for sequence M05836:9:000000000-BRTMF:1:1113:8558:16268, skipping.
01-03 17:24 root         DEBUG    No ITS stop or start sites were identified for sequence M05836:9:000000000-BRTMF:1:1113:17282:18143, skipping.
01-03 17:24 root         DEBUG    No ITS stop or start sites were identified for sequence M05836:9:000000000-BRTMF:1:1113:22561:18667, skipping.
01-03 17:24 root         DEBUG    No ITS stop or start sites were identified for sequence M05836:9:000000000-BRTMF:1:1113:17065:19623, skipping.
01-03 17:24 root         DEBUG    No ITS stop or start sites were identified for sequence M05836:9:000000000-BRTMF:1:1113:9165:21648, skipping.
01-03 17:24 root         DEBUG    No ITS stop or start sites were identified for sequence M05836:9:000000000-BRTMF:1:1114:11592:2652, skipping.
01-03 17:24 root         DEBUG    No ITS stop or start sites were identified for sequence M05836:9:000000000-BRTMF:1:1114:14380:3121, skipping.
01-03 17:24 root         DEBUG    No ITS stop or start sites were identified for sequence M05836:9:000000000-BRTMF:1:1114:18753:3293, skipping.
01-03 17:24 root         DEBUG    No ITS stop or start sites were identified for sequence M05836:9:000000000-BRTMF:1:1114:23229:4801, skipping.
01-03 17:24 root         DEBUG    No ITS stop or start sites were identified for sequence M05836:9:000000000-BRTMF:1:1114:23197:5521, skipping.
01-03 17:24 root         DEBUG    No ITS stop or start sites were identified for sequence M05836:9:000000000-BRTMF:1:1114:25384:6190, skipping.
01-03 17:24 root         DEBUG    No ITS stop or start sites were identified for sequence M05836:9:000000000-BRTMF:1:1114:9140:6908, skipping.
01-03 17:24 root         DEBUG    No ITS stop or start sites were identified for sequence M05836:9:000000000-BRTMF:1:1114:11238:10323, skipping.
01-03 17:24 root         DEBUG    No ITS stop or start sites were identified for sequence M05836:9:000000000-BRTMF:1:1114:9776:10440, skipping.
01-03 17:24 root         DEBUG    No ITS stop or start sites were identified for sequence M05836:9:000000000-BRTMF:1:1114:8027:15808, skipping.
01-03 17:24 root         DEBUG    No ITS stop or start sites were identified for sequence M05836:9:000000000-BRTMF:1:1114:23092:21495, skipping.
01-03 17:24 root         DEBUG    No ITS stop or start sites were identified for sequence M05836:9:000000000-BRTMF:1:1115:10733:3490, skipping.
01-03 17:24 root         DEBUG    No ITS stop or start sites were identified for sequence M05836:9:000000000-BRTMF:1:1115:22922:3896, skipping.
01-03 17:24 root         DEBUG    No ITS stop or start sites were identified for sequence M05836:9:000000000-BRTMF:1:1115:24351:5534, skipping.
01-03 17:24 root         DEBUG    No ITS stop or start sites were identified for sequence M05836:9:000000000-BRTMF:1:1115:17799:7782, skipping.
01-03 17:24 root         DEBUG    No ITS stop or start sites were identified for sequence M05836:9:000000000-BRTMF:1:1115:4359:7857, skipping.
01-03 17:24 root         DEBUG    No ITS stop or start sites were identified for sequence M05836:9:000000000-BRTMF:1:1115:7233:9036, skipping.
01-03 17:24 root         DEBUG    No ITS stop or start sites were identified for sequence M05836:9:000000000-BRTMF:1:1115:17976:10439, skipping.
01-03 17:24 root         DEBUG    No ITS stop or start sites were identified for sequence M05836:9:000000000-BRTMF:1:1115:15148:11526, skipping.
01-03 17:24 root         DEBUG    No ITS stop or start sites were identified for sequence M05836:9:000000000-BRTMF:1:1115:29435:12213, skipping.
01-03 17:24 root         DEBUG    No ITS stop or start sites were identified for sequence M05836:9:000000000-BRTMF:1:1115:21872:13525, skipping.
01-03 17:24 root         DEBUG    No ITS stop or start sites were identified for sequence M05836:9:000000000-BRTMF:1:1115:16653:13605, skipping.
01-03 17:24 root         DEBUG    No ITS stop or start sites were identified for sequence M05836:9:000000000-BRTMF:1:1115:8681:14710, skipping.
01-03 17:24 root         DEBUG    No ITS stop or start sites were identified for sequence M05836:9:000000000-BRTMF:1:1110:4659:18930, skipping.
01-03 17:24 root         DEBUG    No ITS stop or start sites were identified for sequence M05836:9:000000000-BRTMF:1:1115:5891:18721, skipping.
01-03 17:24 root         DEBUG    No ITS stop or start sites were identified for sequence M05836:9:000000000-BRTMF:1:1115:13106:19037, skipping.
01-03 17:24 root         DEBUG    No ITS stop or start sites were identified for sequence M05836:9:000000000-BRTMF:1:1115:10248:22527, skipping.
01-03 17:24 root         DEBUG    No ITS stop or start sites were identified for sequence M05836:9:000000000-BRTMF:1:1115:15906:24491, skipping.
01-03 17:24 root         DEBUG    No ITS stop or start sites were identified for sequence M05836:9:000000000-BRTMF:1:1116:7990:2116, skipping.
01-03 17:24 root         DEBUG    No ITS stop or start sites were identified for sequence M05836:9:000000000-BRTMF:1:1116:18643:4726, skipping.
01-03 17:24 root         DEBUG    No ITS stop or start sites were identified for sequence M05836:9:000000000-BRTMF:1:1116:4339:7847, skipping.
01-03 17:24 root         DEBUG    No ITS stop or start sites were identified for sequence M05836:9:000000000-BRTMF:1:1116:27855:9879, skipping.
01-03 17:24 root         DEBUG    No ITS stop or start sites were identified for sequence M05836:9:000000000-BRTMF:1:1116:7505:12036, skipping.
01-03 17:24 root         DEBUG    No ITS stop or start sites were identified for sequence M05836:9:000000000-BRTMF:1:1116:25302:12917, skipping.
01-03 17:24 root         DEBUG    No ITS stop or start sites were identified for sequence M05836:9:000000000-BRTMF:1:1116:23782:15413, skipping.
01-03 17:24 root         DEBUG    No ITS stop or start sites were identified for sequence M05836:9:000000000-BRTMF:1:1116:20840:19131, skipping.
01-03 17:24 root         DEBUG    No ITS stop or start sites were identified for sequence M05836:9:000000000-BRTMF:1:1116:23798:21691, skipping.
01-03 17:24 root         DEBUG    No ITS stop or start sites were identified for sequence M05836:9:000000000-BRTMF:1:1116:11899:22533, skipping.
01-03 17:24 root         DEBUG    No ITS stop or start sites were identified for sequence M05836:9:000000000-BRTMF:1:1117:8628:2511, skipping.
01-03 17:24 root         DEBUG    No ITS stop or start sites were identified for sequence M05836:9:000000000-BRTMF:1:1117:21986:3942, skipping.
01-03 17:24 root         DEBUG    No ITS stop or start sites were identified for sequence M05836:9:000000000-BRTMF:1:1117:26701:4806, skipping.
01-03 17:24 root         DEBUG    No ITS stop or start sites were identified for sequence M05836:9:000000000-BRTMF:1:1117:4994:4818, skipping.
01-03 17:24 root         DEBUG    No ITS stop or start sites were identified for sequence M05836:9:000000000-BRTMF:1:1117:22708:5184, skipping.
01-03 17:24 root         DEBUG    No ITS stop or start sites were identified for sequence M05836:9:000000000-BRTMF:1:1117:12088:7184, skipping.
01-03 17:24 root         DEBUG    No ITS stop or start sites were identified for sequence M05836:9:000000000-BRTMF:1:1117:12088:7202, skipping.
01-03 17:24 root         DEBUG    No ITS stop or start sites were identified for sequence M05836:9:000000000-BRTMF:1:1117:12939:7965, skipping.
01-03 17:24 root         DEBUG    No ITS stop or start sites were identified for sequence M05836:9:000000000-BRTMF:1:1117:28145:8476, skipping.
01-03 17:24 root         DEBUG    No ITS stop or start sites were identified for sequence M05836:9:000000000-BRTMF:1:1117:14991:10450, skipping.
01-03 17:24 root         DEBUG    No ITS stop or start sites were identified for sequence M05836:9:000000000-BRTMF:1:1117:22641:11222, skipping.
01-03 17:24 root         DEBUG    No ITS stop or start sites were identified for sequence M05836:9:000000000-BRTMF:1:1117:9362:12713, skipping.
01-03 17:24 root         DEBUG    No ITS stop or start sites were identified for sequence M05836:9:000000000-BRTMF:1:1117:20992:17309, skipping.
01-03 17:24 root         DEBUG    No ITS stop or start sites were identified for sequence M05836:9:000000000-BRTMF:1:1117:18451:17563, skipping.
01-03 17:24 root         DEBUG    No ITS stop or start sites were identified for sequence M05836:9:000000000-BRTMF:1:1117:9357:18263, skipping.
01-03 17:24 root         DEBUG    No ITS stop or start sites were identified for sequence M05836:9:000000000-BRTMF:1:1117:15973:18998, skipping.
01-03 17:24 root         DEBUG    No ITS stop or start sites were identified for sequence M05836:9:000000000-BRTMF:1:1117:13944:19030, skipping.
01-03 17:24 root         DEBUG    No ITS stop or start sites were identified for sequence M05836:9:000000000-BRTMF:1:1117:22810:19987, skipping.
01-03 17:24 root         DEBUG    No ITS stop or start sites were identified for sequence M05836:9:000000000-BRTMF:1:1117:17003:20467, skipping.
01-03 17:24 root         DEBUG    No ITS stop or start sites were identified for sequence M05836:9:000000000-BRTMF:1:1117:6467:20986, skipping.
01-03 17:24 root         DEBUG    No ITS stop or start sites were identified for sequence M05836:9:000000000-BRTMF:1:1118:16692:6590, skipping.
01-03 17:24 root         DEBUG    No ITS stop or start sites were identified for sequence M05836:9:000000000-BRTMF:1:1118:26060:6668, skipping.
01-03 17:24 root         DEBUG    No ITS stop or start sites were identified for sequence M05836:9:000000000-BRTMF:1:1118:25718:12378, skipping.
01-03 17:24 root         DEBUG    No ITS stop or start sites were identified for sequence M05836:9:000000000-BRTMF:1:1118:11267:13176, skipping.
01-03 17:24 root         DEBUG    No ITS stop or start sites were identified for sequence M05836:9:000000000-BRTMF:1:1118:3605:13935, skipping.
01-03 17:24 root         DEBUG    No ITS stop or start sites were identified for sequence M05836:9:000000000-BRTMF:1:1118:21751:16611, skipping.
01-03 17:24 root         DEBUG    No ITS stop or start sites were identified for sequence M05836:9:000000000-BRTMF:1:1118:4189:16653, skipping.
01-03 17:24 root         DEBUG    No ITS stop or start sites were identified for sequence M05836:9:000000000-BRTMF:1:1118:6793:18093, skipping.
01-03 17:24 root         DEBUG    No ITS stop or start sites were identified for sequence M05836:9:000000000-BRTMF:1:1118:19392:18165, skipping.
01-03 17:24 root         DEBUG    No ITS stop or start sites were identified for sequence M05836:9:000000000-BRTMF:1:1118:5639:18559, skipping.
01-03 17:24 root         DEBUG    No ITS stop or start sites were identified for sequence M05836:9:000000000-BRTMF:1:1118:18271:19218, skipping.
01-03 17:24 root         DEBUG    No ITS stop or start sites were identified for sequence M05836:9:000000000-BRTMF:1:1119:20621:1856, skipping.
01-03 17:24 root         DEBUG    No ITS stop or start sites were identified for sequence M05836:9:000000000-BRTMF:1:1119:22124:2024, skipping.
01-03 17:24 root         DEBUG    No ITS stop or start sites were identified for sequence M05836:9:000000000-BRTMF:1:1119:13807:4137, skipping.
01-03 17:24 root         DEBUG    No ITS stop or start sites were identified for sequence M05836:9:000000000-BRTMF:1:1119:19349:4555, skipping.
01-03 17:24 root         DEBUG    No ITS stop or start sites were identified for sequence M05836:9:000000000-BRTMF:1:1119:17204:5664, skipping.
01-03 17:24 root         DEBUG    No ITS stop or start sites were identified for sequence M05836:9:000000000-BRTMF:1:1119:9226:6416, skipping.
01-03 17:24 root         DEBUG    No ITS stop or start sites were identified for sequence M05836:9:000000000-BRTMF:1:1119:13056:8388, skipping.
01-03 17:24 root         DEBUG    No ITS stop or start sites were identified for sequence M05836:9:000000000-BRTMF:1:1119:20044:8513, skipping.
01-03 17:24 root         DEBUG    No ITS stop or start sites were identified for sequence M05836:9:000000000-BRTMF:1:1119:19403:10395, skipping.
01-03 17:24 root         DEBUG    No ITS stop or start sites were identified for sequence M05836:9:000000000-BRTMF:1:1119:11466:10562, skipping.
01-03 17:24 root         DEBUG    No ITS stop or start sites were identified for sequence M05836:9:000000000-BRTMF:1:1119:3778:11197, skipping.
01-03 17:24 root         DEBUG    No ITS stop or start sites were identified for sequence M05836:9:000000000-BRTMF:1:1119:21613:13663, skipping.
01-03 17:24 root         DEBUG    No ITS stop or start sites were identified for sequence M05836:9:000000000-BRTMF:1:1119:25924:14250, skipping.
01-03 17:24 root         DEBUG    No ITS stop or start sites were identified for sequence M05836:9:000000000-BRTMF:1:1119:13190:15365, skipping.
01-03 17:24 root         DEBUG    No ITS stop or start sites were identified for sequence M05836:9:000000000-BRTMF:1:1119:13582:16186, skipping.
01-03 17:24 root         DEBUG    No ITS stop or start sites were identified for sequence M05836:9:000000000-BRTMF:1:1119:4210:16553, skipping.
01-03 17:24 root         DEBUG    No ITS stop or start sites were identified for sequence M05836:9:000000000-BRTMF:1:1119:21279:17184, skipping.
01-03 17:24 root         DEBUG    No ITS stop or start sites were identified for sequence M05836:9:000000000-BRTMF:1:1119:25020:17289, skipping.
01-03 17:24 root         DEBUG    No ITS stop or start sites were identified for sequence M05836:9:000000000-BRTMF:1:1119:6379:17506, skipping.
01-03 17:24 root         DEBUG    No ITS stop or start sites were identified for sequence M05836:9:000000000-BRTMF:1:1119:26716:18426, skipping.
01-03 17:24 root         DEBUG    No ITS stop or start sites were identified for sequence M05836:9:000000000-BRTMF:1:1119:20262:18563, skipping.
01-03 17:24 root         DEBUG    No ITS stop or start sites were identified for sequence M05836:9:000000000-BRTMF:1:2101:18829:4283, skipping.
01-03 17:24 root         DEBUG    No ITS stop or start sites were identified for sequence M05836:9:000000000-BRTMF:1:2101:10132:4418, skipping.
01-03 17:24 root         DEBUG    No ITS stop or start sites were identified for sequence M05836:9:000000000-BRTMF:1:2101:14015:4991, skipping.
01-03 17:24 root         DEBUG    No ITS stop or start sites were identified for sequence M05836:9:000000000-BRTMF:1:2101:26594:6456, skipping.
01-03 17:24 root         DEBUG    No ITS stop or start sites were identified for sequence M05836:9:000000000-BRTMF:1:2101:19688:6720, skipping.
01-03 17:24 root         DEBUG    No ITS stop or start sites were identified for sequence M05836:9:000000000-BRTMF:1:2101:10105:6769, skipping.
01-03 17:24 root         DEBUG    No ITS stop or start sites were identified for sequence M05836:9:000000000-BRTMF:1:2101:25831:7432, skipping.
01-03 17:24 root         DEBUG    No ITS stop or start sites were identified for sequence M05836:9:000000000-BRTMF:1:1110:4659:18930, skipping.
01-03 17:24 root         DEBUG    No ITS stop or start sites were identified for sequence M05836:9:000000000-BRTMF:1:2101:28261:8582, skipping.
01-03 17:24 root         DEBUG    No ITS stop or start sites were identified for sequence M05836:9:000000000-BRTMF:1:2101:17135:9091, skipping.
01-03 17:24 root         DEBUG    No ITS stop or start sites were identified for sequence M05836:9:000000000-BRTMF:1:2101:16586:12940, skipping.
01-03 17:24 root         DEBUG    No ITS stop or start sites were identified for sequence M05836:9:000000000-BRTMF:1:2101:17378:14170, skipping.
01-03 17:24 root         DEBUG    No ITS stop or start sites were identified for sequence M05836:9:000000000-BRTMF:1:2101:17360:14170, skipping.
01-03 17:24 root         DEBUG    No ITS stop or start sites were identified for sequence M05836:9:000000000-BRTMF:1:2101:10728:18290, skipping.
01-03 17:24 root         DEBUG    No ITS stop or start sites were identified for sequence M05836:9:000000000-BRTMF:1:2101:11673:19408, skipping.
01-03 17:24 root         DEBUG    No ITS stop or start sites were identified for sequence M05836:9:000000000-BRTMF:1:2101:24941:21423, skipping.
01-03 17:24 root         DEBUG    No ITS stop or start sites were identified for sequence M05836:9:000000000-BRTMF:1:2101:9439:21490, skipping.
01-03 17:24 root         DEBUG    No ITS stop or start sites were identified for sequence M05836:9:000000000-BRTMF:1:2101:6009:21689, skipping.
01-03 17:24 root         DEBUG    No ITS stop or start sites were identified for sequence M05836:9:000000000-BRTMF:1:2102:20369:2095, skipping.
01-03 17:24 root         DEBUG    No ITS stop or start sites were identified for sequence M05836:9:000000000-BRTMF:1:2102:18163:3479, skipping.
01-03 17:24 root         DEBUG    No ITS stop or start sites were identified for sequence M05836:9:000000000-BRTMF:1:2102:6992:3844, skipping.
01-03 17:24 root         DEBUG    No ITS stop or start sites were identified for sequence M05836:9:000000000-BRTMF:1:2102:19560:4978, skipping.
01-03 17:24 root         DEBUG    No ITS stop or start sites were identified for sequence M05836:9:000000000-BRTMF:1:2102:24644:9096, skipping.
01-03 17:24 root         DEBUG    No ITS stop or start sites were identified for sequence M05836:9:000000000-BRTMF:1:2102:6011:9260, skipping.
01-03 17:24 root         DEBUG    No ITS stop or start sites were identified for sequence M05836:9:000000000-BRTMF:1:2102:7501:9532, skipping.
01-03 17:24 root         DEBUG    No ITS stop or start sites were identified for sequence M05836:9:000000000-BRTMF:1:2102:26730:10732, skipping.
01-03 17:24 root         DEBUG    No ITS stop or start sites were identified for sequence M05836:9:000000000-BRTMF:1:2102:29090:11734, skipping.
01-03 17:24 root         DEBUG    No ITS stop or start sites were identified for sequence M05836:9:000000000-BRTMF:1:2102:22344:13035, skipping.
01-03 17:24 root         DEBUG    No ITS stop or start sites were identified for sequence M05836:9:000000000-BRTMF:1:2102:26171:16981, skipping.
01-03 17:24 root         DEBUG    No ITS stop or start sites were identified for sequence M05836:9:000000000-BRTMF:1:2102:24540:18436, skipping.
01-03 17:24 root         DEBUG    No ITS stop or start sites were identified for sequence M05836:9:000000000-BRTMF:1:2102:26648:19200, skipping.
01-03 17:24 root         DEBUG    No ITS stop or start sites were identified for sequence M05836:9:000000000-BRTMF:1:2102:14992:23301, skipping.
01-03 17:24 root         DEBUG    No ITS stop or start sites were identified for sequence M05836:9:000000000-BRTMF:1:2102:15812:23796, skipping.
01-03 17:24 root         DEBUG    No ITS stop or start sites were identified for sequence M05836:9:000000000-BRTMF:1:2103:17212:3688, skipping.
01-03 17:24 root         DEBUG    No ITS stop or start sites were identified for sequence M05836:9:000000000-BRTMF:1:2103:21543:5177, skipping.
01-03 17:24 root         DEBUG    No ITS stop or start sites were identified for sequence M05836:9:000000000-BRTMF:1:2103:24273:7125, skipping.
01-03 17:24 root         DEBUG    No ITS stop or start sites were identified for sequence M05836:9:000000000-BRTMF:1:2103:23141:8922, skipping.
01-03 17:24 root         DEBUG    No ITS stop or start sites were identified for sequence M05836:9:000000000-BRTMF:1:2103:21934:10184, skipping.
01-03 17:24 root         DEBUG    No ITS stop or start sites were identified for sequence M05836:9:000000000-BRTMF:1:2103:26387:11069, skipping.
01-03 17:24 root         DEBUG    No ITS stop or start sites were identified for sequence M05836:9:000000000-BRTMF:1:2103:15759:11138, skipping.
01-03 17:24 root         DEBUG    No ITS stop or start sites were identified for sequence M05836:9:000000000-BRTMF:1:2103:6696:13694, skipping.
01-03 17:24 root         DEBUG    No ITS stop or start sites were identified for sequence M05836:9:000000000-BRTMF:1:2103:7593:14242, skipping.
01-03 17:24 root         DEBUG    No ITS stop or start sites were identified for sequence M05836:9:000000000-BRTMF:1:1110:4659:18930, skipping.
01-03 17:24 root         DEBUG    No ITS stop or start sites were identified for sequence M05836:9:000000000-BRTMF:1:2103:3029:17767, skipping.
01-03 17:24 root         DEBUG    No ITS stop or start sites were identified for sequence M05836:9:000000000-BRTMF:1:2103:14704:19022, skipping.
01-03 17:24 root         DEBUG    No ITS stop or start sites were identified for sequence M05836:9:000000000-BRTMF:1:2103:7526:20641, skipping.
01-03 17:24 root         DEBUG    No ITS stop or start sites were identified for sequence M05836:9:000000000-BRTMF:1:2103:14754:21223, skipping.
01-03 17:24 root         DEBUG    No ITS stop or start sites were identified for sequence M05836:9:000000000-BRTMF:1:2103:15643:22271, skipping.
01-03 17:24 root         DEBUG    No ITS stop or start sites were identified for sequence M05836:9:000000000-BRTMF:1:2104:17842:2614, skipping.
01-03 17:24 root         DEBUG    No ITS stop or start sites were identified for sequence M05836:9:000000000-BRTMF:1:2104:11501:4101, skipping.
01-03 17:24 root         DEBUG    No ITS stop or start sites were identified for sequence M05836:9:000000000-BRTMF:1:2104:12721:4160, skipping.
01-03 17:24 root         DEBUG    No ITS stop or start sites were identified for sequence M05836:9:000000000-BRTMF:1:2104:14569:4470, skipping.
01-03 17:24 root         DEBUG    No ITS stop or start sites were identified for sequence M05836:9:000000000-BRTMF:1:2104:19095:5495, skipping.
01-03 17:24 root         DEBUG    No ITS stop or start sites were identified for sequence M05836:9:000000000-BRTMF:1:2104:19217:7258, skipping.
01-03 17:24 root         DEBUG    No ITS stop or start sites were identified for sequence M05836:9:000000000-BRTMF:1:2104:3014:8784, skipping.
01-03 17:24 root         DEBUG    No ITS stop or start sites were identified for sequence M05836:9:000000000-BRTMF:1:2104:23509:9632, skipping.
01-03 17:24 root         DEBUG    No ITS stop or start sites were identified for sequence M05836:9:000000000-BRTMF:1:2104:9870:10275, skipping.
01-03 17:24 root         DEBUG    No ITS stop or start sites were identified for sequence M05836:9:000000000-BRTMF:1:2104:10175:10322, skipping.
01-03 17:24 root         DEBUG    No ITS stop or start sites were identified for sequence M05836:9:000000000-BRTMF:1:2104:11325:10740, skipping.
01-03 17:24 root         DEBUG    No ITS stop or start sites were identified for sequence M05836:9:000000000-BRTMF:1:2104:27695:11333, skipping.
01-03 17:24 root         DEBUG    No ITS stop or start sites were identified for sequence M05836:9:000000000-BRTMF:1:2104:26685:13720, skipping.
01-03 17:24 root         DEBUG    No ITS stop or start sites were identified for sequence M05836:9:000000000-BRTMF:1:2104:19411:14050, skipping.
01-03 17:24 root         DEBUG    No ITS stop or start sites were identified for sequence M05836:9:000000000-BRTMF:1:2104:7057:15973, skipping.
01-03 17:24 root         DEBUG    No ITS stop or start sites were identified for sequence M05836:9:000000000-BRTMF:1:2104:21840:16710, skipping.
01-03 17:24 root         DEBUG    No ITS stop or start sites were identified for sequence M05836:9:000000000-BRTMF:1:2104:24694:18546, skipping.
01-03 17:24 root         DEBUG    No ITS stop or start sites were identified for sequence M05836:9:000000000-BRTMF:1:2104:5118:20771, skipping.
01-03 17:24 root         DEBUG    No ITS stop or start sites were identified for sequence M05836:9:000000000-BRTMF:1:2104:22121:22159, skipping.
01-03 17:24 root         DEBUG    No ITS stop or start sites were identified for sequence M05836:9:000000000-BRTMF:1:2104:22103:22164, skipping.
01-03 17:24 root         DEBUG    No ITS stop or start sites were identified for sequence M05836:9:000000000-BRTMF:1:2104:13570:25278, skipping.
01-03 17:24 root         DEBUG    No ITS stop or start sites were identified for sequence M05836:9:000000000-BRTMF:1:2105:8810:2009, skipping.
01-03 17:24 root         DEBUG    No ITS stop or start sites were identified for sequence M05836:9:000000000-BRTMF:1:2105:15942:3367, skipping.
01-03 17:24 root         DEBUG    No ITS stop or start sites were identified for sequence M05836:9:000000000-BRTMF:1:2105:22441:7102, skipping.
01-03 17:24 root         DEBUG    No ITS stop or start sites were identified for sequence M05836:9:000000000-BRTMF:1:2105:8277:7884, skipping.
01-03 17:24 root         DEBUG    No ITS stop or start sites were identified for sequence M05836:9:000000000-BRTMF:1:2105:24936:8847, skipping.
01-03 17:24 root         DEBUG    No ITS stop or start sites were identified for sequence M05836:9:000000000-BRTMF:1:2105:24936:8847, skipping.
01-03 17:24 root         DEBUG    No ITS stop or start sites were identified for sequence M05836:9:000000000-BRTMF:1:2105:4213:10095, skipping.
01-03 17:24 root         DEBUG    No ITS stop or start sites were identified for sequence M05836:9:000000000-BRTMF:1:2105:4230:10108, skipping.
01-03 17:24 root         DEBUG    No ITS stop or start sites were identified for sequence M05836:9:000000000-BRTMF:1:2105:22105:11600, skipping.
01-03 17:24 root         DEBUG    No ITS stop or start sites were identified for sequence M05836:9:000000000-BRTMF:1:2105:8630:12439, skipping.
01-03 17:24 root         DEBUG    No ITS stop or start sites were identified for sequence M05836:9:000000000-BRTMF:1:2105:22100:12982, skipping.
01-03 17:24 root         DEBUG    No ITS stop or start sites were identified for sequence M05836:9:000000000-BRTMF:1:2105:22620:13400, skipping.
01-03 17:24 root         DEBUG    No ITS stop or start sites were identified for sequence M05836:9:000000000-BRTMF:1:2105:29252:13946, skipping.
01-03 17:24 root         DEBUG    No ITS stop or start sites were identified for sequence M05836:9:000000000-BRTMF:1:2105:2970:18821, skipping.
01-03 17:24 root         DEBUG    No ITS stop or start sites were identified for sequence M05836:9:000000000-BRTMF:1:2105:14115:19442, skipping.
01-03 17:24 root         DEBUG    No ITS stop or start sites were identified for sequence M05836:9:000000000-BRTMF:1:2105:27657:20169, skipping.
01-03 17:24 root         DEBUG    No ITS stop or start sites were identified for sequence M05836:9:000000000-BRTMF:1:2105:25564:20509, skipping.
01-03 17:24 root         DEBUG    No ITS stop or start sites were identified for sequence M05836:9:000000000-BRTMF:1:2105:17956:22766, skipping.
01-03 17:24 root         DEBUG    No ITS stop or start sites were identified for sequence M05836:9:000000000-BRTMF:1:2106:15210:6501, skipping.
01-03 17:24 root         DEBUG    No ITS stop or start sites were identified for sequence M05836:9:000000000-BRTMF:1:2106:4831:6904, skipping.
01-03 17:24 root         DEBUG    No ITS stop or start sites were identified for sequence M05836:9:000000000-BRTMF:1:2106:18300:7526, skipping.
01-03 17:24 root         DEBUG    No ITS stop or start sites were identified for sequence M05836:9:000000000-BRTMF:1:2106:9046:7778, skipping.
01-03 17:24 root         DEBUG    No ITS stop or start sites were identified for sequence M05836:9:000000000-BRTMF:1:2106:13542:8749, skipping.
01-03 17:24 root         DEBUG    No ITS stop or start sites were identified for sequence M05836:9:000000000-BRTMF:1:2106:19555:8858, skipping.
01-03 17:24 root         DEBUG    No ITS stop or start sites were identified for sequence M05836:9:000000000-BRTMF:1:2106:17663:10295, skipping.
01-03 17:24 root         DEBUG    No ITS stop or start sites were identified for sequence M05836:9:000000000-BRTMF:1:2106:25364:12895, skipping.
01-03 17:24 root         DEBUG    No ITS stop or start sites were identified for sequence M05836:9:000000000-BRTMF:1:2106:7100:12896, skipping.
01-03 17:24 root         DEBUG    No ITS stop or start sites were identified for sequence M05836:9:000000000-BRTMF:1:2106:21495:13503, skipping.
01-03 17:24 root         DEBUG    No ITS stop or start sites were identified for sequence M05836:9:000000000-BRTMF:1:2106:9231:13871, skipping.
01-03 17:24 root         DEBUG    No ITS stop or start sites were identified for sequence M05836:9:000000000-BRTMF:1:2106:20833:14051, skipping.
01-03 17:24 root         DEBUG    No ITS stop or start sites were identified for sequence M05836:9:000000000-BRTMF:1:2106:13609:15167, skipping.
01-03 17:24 root         DEBUG    No ITS stop or start sites were identified for sequence M05836:9:000000000-BRTMF:1:2106:5670:16761, skipping.
01-03 17:24 root         DEBUG    No ITS stop or start sites were identified for sequence M05836:9:000000000-BRTMF:1:1115:13106:19037, skipping.
01-03 17:24 root         DEBUG    No ITS stop or start sites were identified for sequence M05836:9:000000000-BRTMF:1:2106:5655:21110, skipping.
01-03 17:24 root         DEBUG    No ITS stop or start sites were identified for sequence M05836:9:000000000-BRTMF:1:2106:18226:23262, skipping.
01-03 17:24 root         DEBUG    No ITS stop or start sites were identified for sequence M05836:9:000000000-BRTMF:1:2107:15434:4570, skipping.
01-03 17:24 root         DEBUG    No ITS stop or start sites were identified for sequence M05836:9:000000000-BRTMF:1:2107:16963:4989, skipping.
01-03 17:24 root         DEBUG    No ITS stop or start sites were identified for sequence M05836:9:000000000-BRTMF:1:2107:11858:6449, skipping.
01-03 17:24 root         DEBUG    No ITS stop or start sites were identified for sequence M05836:9:000000000-BRTMF:1:2107:4442:7401, skipping.
01-03 17:24 root         DEBUG    No ITS stop or start sites were identified for sequence M05836:9:000000000-BRTMF:1:2107:7282:8304, skipping.
01-03 17:24 root         DEBUG    No ITS stop or start sites were identified for sequence M05836:9:000000000-BRTMF:1:2107:8840:9001, skipping.
01-03 17:24 root         DEBUG    No ITS stop or start sites were identified for sequence M05836:9:000000000-BRTMF:1:2107:17495:10527, skipping.
01-03 17:24 root         DEBUG    No ITS stop or start sites were identified for sequence M05836:9:000000000-BRTMF:1:2107:19171:10784, skipping.
01-03 17:24 root         DEBUG    No ITS stop or start sites were identified for sequence M05836:9:000000000-BRTMF:1:2107:7671:11327, skipping.
01-03 17:24 root         DEBUG    No ITS stop or start sites were identified for sequence M05836:9:000000000-BRTMF:1:2107:10218:13650, skipping.
01-03 17:24 root         DEBUG    No ITS stop or start sites were identified for sequence M05836:9:000000000-BRTMF:1:2107:8598:13683, skipping.
01-03 17:24 root         DEBUG    No ITS stop or start sites were identified for sequence M05836:9:000000000-BRTMF:1:2107:6764:16082, skipping.
01-03 17:24 root         DEBUG    No ITS stop or start sites were identified for sequence M05836:9:000000000-BRTMF:1:2107:28226:17729, skipping.
01-03 17:24 root         DEBUG    No ITS stop or start sites were identified for sequence M05836:9:000000000-BRTMF:1:2107:16970:18034, skipping.
01-03 17:24 root         DEBUG    No ITS stop or start sites were identified for sequence M05836:9:000000000-BRTMF:1:2107:10405:18129, skipping.
01-03 17:24 root         DEBUG    No ITS stop or start sites were identified for sequence M05836:9:000000000-BRTMF:1:2107:9916:18632, skipping.
01-03 17:24 root         DEBUG    No ITS stop or start sites were identified for sequence M05836:9:000000000-BRTMF:1:2107:4621:18701, skipping.
01-03 17:24 root         DEBUG    No ITS stop or start sites were identified for sequence M05836:9:000000000-BRTMF:1:2107:4077:19238, skipping.
01-03 17:24 root         DEBUG    No ITS stop or start sites were identified for sequence M05836:9:000000000-BRTMF:1:2107:18133:23004, skipping.
01-03 17:24 root         DEBUG    No ITS stop or start sites were identified for sequence M05836:9:000000000-BRTMF:1:2108:19287:3778, skipping.
01-03 17:24 root         DEBUG    No ITS stop or start sites were identified for sequence M05836:9:000000000-BRTMF:1:2108:21476:4229, skipping.
01-03 17:24 root         DEBUG    No ITS stop or start sites were identified for sequence M05836:9:000000000-BRTMF:1:2108:24603:4260, skipping.
01-03 17:24 root         DEBUG    No ITS stop or start sites were identified for sequence M05836:9:000000000-BRTMF:1:2108:22129:4530, skipping.
01-03 17:24 root         DEBUG    No ITS stop or start sites were identified for sequence M05836:9:000000000-BRTMF:1:2108:22293:5911, skipping.
01-03 17:24 root         DEBUG    No ITS stop or start sites were identified for sequence M05836:9:000000000-BRTMF:1:2108:4432:6088, skipping.
01-03 17:24 root         DEBUG    No ITS stop or start sites were identified for sequence M05836:9:000000000-BRTMF:1:2108:4610:6116, skipping.
01-03 17:24 root         DEBUG    No ITS stop or start sites were identified for sequence M05836:9:000000000-BRTMF:1:2108:22094:6627, skipping.
01-03 17:24 root         DEBUG    No ITS stop or start sites were identified for sequence M05836:9:000000000-BRTMF:1:2108:23253:8069, skipping.
01-03 17:24 root         DEBUG    No ITS stop or start sites were identified for sequence M05836:9:000000000-BRTMF:1:2108:2161:9754, skipping.
01-03 17:24 root         DEBUG    No ITS stop or start sites were identified for sequence M05836:9:000000000-BRTMF:1:2108:11604:9806, skipping.
01-03 17:24 root         DEBUG    No ITS stop or start sites were identified for sequence M05836:9:000000000-BRTMF:1:2108:8196:11193, skipping.
01-03 17:24 root         DEBUG    No ITS stop or start sites were identified for sequence M05836:9:000000000-BRTMF:1:2108:13628:16242, skipping.
01-03 17:24 root         DEBUG    No ITS stop or start sites were identified for sequence M05836:9:000000000-BRTMF:1:2108:12226:16356, skipping.
01-03 17:24 root         DEBUG    No ITS stop or start sites were identified for sequence M05836:9:000000000-BRTMF:1:2108:15913:16763, skipping.
01-03 17:24 root         DEBUG    No ITS stop or start sites were identified for sequence M05836:9:000000000-BRTMF:1:2108:23598:16880, skipping.
01-03 17:24 root         DEBUG    No ITS stop or start sites were identified for sequence M05836:9:000000000-BRTMF:1:2108:20765:18667, skipping.
01-03 17:24 root         DEBUG    No ITS stop or start sites were identified for sequence M05836:9:000000000-BRTMF:1:2108:4659:19434, skipping.
01-03 17:24 root         DEBUG    No ITS stop or start sites were identified for sequence M05836:9:000000000-BRTMF:1:2108:4652:19451, skipping.
01-03 17:24 root         DEBUG    No ITS stop or start sites were identified for sequence M05836:9:000000000-BRTMF:1:2108:4634:19458, skipping.
01-03 17:24 root         DEBUG    No ITS stop or start sites were identified for sequence M05836:9:000000000-BRTMF:1:2108:10540:19992, skipping.
01-03 17:24 root         DEBUG    No ITS stop or start sites were identified for sequence M05836:9:000000000-BRTMF:1:2108:19577:21915, skipping.
01-03 17:24 root         DEBUG    No ITS stop or start sites were identified for sequence M05836:9:000000000-BRTMF:1:2108:23989:22213, skipping.
01-03 17:24 root         DEBUG    No ITS stop or start sites were identified for sequence M05836:9:000000000-BRTMF:1:2108:16114:23181, skipping.
01-03 17:24 root         DEBUG    No ITS stop or start sites were identified for sequence M05836:9:000000000-BRTMF:1:2108:23663:24408, skipping.
01-03 17:24 root         DEBUG    No ITS stop or start sites were identified for sequence M05836:9:000000000-BRTMF:1:2108:10622:24635, skipping.
01-03 17:24 root         DEBUG    No ITS stop or start sites were identified for sequence M05836:9:000000000-BRTMF:1:2109:15046:1947, skipping.
01-03 17:24 root         DEBUG    No ITS stop or start sites were identified for sequence M05836:9:000000000-BRTMF:1:2109:16584:2036, skipping.
01-03 17:24 root         DEBUG    No ITS stop or start sites were identified for sequence M05836:9:000000000-BRTMF:1:2109:24332:3210, skipping.
01-03 17:24 root         DEBUG    No ITS stop or start sites were identified for sequence M05836:9:000000000-BRTMF:1:2109:19280:4559, skipping.
01-03 17:24 root         DEBUG    No ITS stop or start sites were identified for sequence M05836:9:000000000-BRTMF:1:2109:6155:4583, skipping.
01-03 17:24 root         DEBUG    No ITS stop or start sites were identified for sequence M05836:9:000000000-BRTMF:1:2109:16706:4913, skipping.
01-03 17:24 root         DEBUG    No ITS stop or start sites were identified for sequence M05836:9:000000000-BRTMF:1:2109:10366:6327, skipping.
01-03 17:24 root         DEBUG    No ITS stop or start sites were identified for sequence M05836:9:000000000-BRTMF:1:2109:21822:7494, skipping.
01-03 17:24 root         DEBUG    No ITS stop or start sites were identified for sequence M05836:9:000000000-BRTMF:1:2109:8882:7936, skipping.
01-03 17:24 root         DEBUG    No ITS stop or start sites were identified for sequence M05836:9:000000000-BRTMF:1:2109:24102:12845, skipping.
01-03 17:24 root         DEBUG    No ITS stop or start sites were identified for sequence M05836:9:000000000-BRTMF:1:2109:16003:13871, skipping.
01-03 17:24 root         DEBUG    No ITS stop or start sites were identified for sequence M05836:9:000000000-BRTMF:1:2109:10017:14452, skipping.
01-03 17:24 root         DEBUG    No ITS stop or start sites were identified for sequence M05836:9:000000000-BRTMF:1:1117:9357:18263, skipping.
01-03 17:24 root         DEBUG    No ITS stop or start sites were identified for sequence M05836:9:000000000-BRTMF:1:2109:19527:15051, skipping.
01-03 17:24 root         DEBUG    No ITS stop or start sites were identified for sequence M05836:9:000000000-BRTMF:1:2109:19527:15051, skipping.
01-03 17:24 root         DEBUG    No ITS stop or start sites were identified for sequence M05836:9:000000000-BRTMF:1:2109:26969:17969, skipping.
01-03 17:24 root         DEBUG    No ITS stop or start sites were identified for sequence M05836:9:000000000-BRTMF:1:2109:25184:18409, skipping.
01-03 17:24 root         DEBUG    No ITS stop or start sites were identified for sequence M05836:9:000000000-BRTMF:1:2109:18252:20097, skipping.
01-03 17:24 root         DEBUG    No ITS stop or start sites were identified for sequence M05836:9:000000000-BRTMF:1:2109:14172:22759, skipping.
01-03 17:24 root         DEBUG    No ITS stop or start sites were identified for sequence M05836:9:000000000-BRTMF:1:2109:10756:24146, skipping.
01-03 17:24 root         DEBUG    No ITS stop or start sites were identified for sequence M05836:9:000000000-BRTMF:1:2110:17620:3758, skipping.
01-03 17:24 root         DEBUG    No ITS stop or start sites were identified for sequence M05836:9:000000000-BRTMF:1:2110:25166:3798, skipping.
01-03 17:24 root         DEBUG    No ITS stop or start sites were identified for sequence M05836:9:000000000-BRTMF:1:2110:20143:4158, skipping.
01-03 17:24 root         DEBUG    No ITS stop or start sites were identified for sequence M05836:9:000000000-BRTMF:1:2110:8358:4771, skipping.
01-03 17:24 root         DEBUG    No ITS stop or start sites were identified for sequence M05836:9:000000000-BRTMF:1:2110:21940:5267, skipping.
01-03 17:24 root         DEBUG    No ITS stop or start sites were identified for sequence M05836:9:000000000-BRTMF:1:2110:26549:6686, skipping.
01-03 17:24 root         DEBUG    No ITS stop or start sites were identified for sequence M05836:9:000000000-BRTMF:1:2110:16174:8009, skipping.
01-03 17:24 root         DEBUG    No ITS stop or start sites were identified for sequence M05836:9:000000000-BRTMF:1:2110:21661:8195, skipping.
01-03 17:24 root         DEBUG    No ITS stop or start sites were identified for sequence M05836:9:000000000-BRTMF:1:2110:8634:9285, skipping.
01-03 17:24 root         DEBUG    No ITS stop or start sites were identified for sequence M05836:9:000000000-BRTMF:1:2110:5099:10062, skipping.
01-03 17:24 root         DEBUG    No ITS stop or start sites were identified for sequence M05836:9:000000000-BRTMF:1:2110:14179:11229, skipping.
01-03 17:24 root         DEBUG    No ITS stop or start sites were identified for sequence M05836:9:000000000-BRTMF:1:2110:4168:11421, skipping.
01-03 17:24 root         DEBUG    No ITS stop or start sites were identified for sequence M05836:9:000000000-BRTMF:1:2110:29027:12322, skipping.
01-03 17:24 root         DEBUG    No ITS stop or start sites were identified for sequence M05836:9:000000000-BRTMF:1:2110:7341:13818, skipping.
01-03 17:24 root         DEBUG    No ITS stop or start sites were identified for sequence M05836:9:000000000-BRTMF:1:1110:4659:18930, skipping.
01-03 17:24 root         DEBUG    No ITS stop or start sites were identified for sequence M05836:9:000000000-BRTMF:1:2110:12195:18012, skipping.
01-03 17:24 root         DEBUG    No ITS stop or start sites were identified for sequence M05836:9:000000000-BRTMF:1:2110:27829:18486, skipping.
01-03 17:24 root         DEBUG    No ITS stop or start sites were identified for sequence M05836:9:000000000-BRTMF:1:2110:26397:18859, skipping.
01-03 17:24 root         DEBUG    No ITS stop or start sites were identified for sequence M05836:9:000000000-BRTMF:1:2110:3875:19303, skipping.
01-03 17:24 root         DEBUG    No ITS stop or start sites were identified for sequence M05836:9:000000000-BRTMF:1:2110:14748:19542, skipping.
01-03 17:24 root         DEBUG    No ITS stop or start sites were identified for sequence M05836:9:000000000-BRTMF:1:2110:24376:20583, skipping.
01-03 17:24 root         DEBUG    No ITS stop or start sites were identified for sequence M05836:9:000000000-BRTMF:1:2110:23449:22863, skipping.
01-03 17:24 root         DEBUG    No ITS stop or start sites were identified for sequence M05836:9:000000000-BRTMF:1:2110:9010:23018, skipping.
01-03 17:24 root         DEBUG    No ITS stop or start sites were identified for sequence M05836:9:000000000-BRTMF:1:2110:20552:23368, skipping.
01-03 17:24 root         DEBUG    No ITS stop or start sites were identified for sequence M05836:9:000000000-BRTMF:1:2110:12142:24608, skipping.
01-03 17:24 root         DEBUG    No ITS stop or start sites were identified for sequence M05836:9:000000000-BRTMF:1:2110:22171:25059, skipping.
01-03 17:24 root         DEBUG    No ITS stop or start sites were identified for sequence M05836:9:000000000-BRTMF:1:2111:24584:2704, skipping.
01-03 17:24 root         DEBUG    No ITS stop or start sites were identified for sequence M05836:9:000000000-BRTMF:1:2111:14500:4412, skipping.
01-03 17:24 root         DEBUG    No ITS stop or start sites were identified for sequence M05836:9:000000000-BRTMF:1:2111:14476:4438, skipping.
01-03 17:24 root         DEBUG    No ITS stop or start sites were identified for sequence M05836:9:000000000-BRTMF:1:2111:16652:6427, skipping.
01-03 17:24 root         DEBUG    No ITS stop or start sites were identified for sequence M05836:9:000000000-BRTMF:1:2111:8987:6836, skipping.
01-03 17:24 root         DEBUG    No ITS stop or start sites were identified for sequence M05836:9:000000000-BRTMF:1:2111:4385:8750, skipping.
01-03 17:24 root         DEBUG    No ITS stop or start sites were identified for sequence M05836:9:000000000-BRTMF:1:2111:17533:11188, skipping.
01-03 17:24 root         DEBUG    No ITS stop or start sites were identified for sequence M05836:9:000000000-BRTMF:1:2111:20190:13917, skipping.
01-03 17:24 root         DEBUG    No ITS stop or start sites were identified for sequence M05836:9:000000000-BRTMF:1:2111:4066:17338, skipping.
01-03 17:24 root         DEBUG    No ITS stop or start sites were identified for sequence M05836:9:000000000-BRTMF:1:2111:28600:17389, skipping.
01-03 17:24 root         DEBUG    No ITS stop or start sites were identified for sequence M05836:9:000000000-BRTMF:1:2111:5274:17456, skipping.
01-03 17:24 root         DEBUG    No ITS stop or start sites were identified for sequence M05836:9:000000000-BRTMF:1:2111:5295:17456, skipping.
01-03 17:24 root         DEBUG    No ITS stop or start sites were identified for sequence M05836:9:000000000-BRTMF:1:2111:9646:18289, skipping.
01-03 17:24 root         DEBUG    No ITS stop or start sites were identified for sequence M05836:9:000000000-BRTMF:1:2111:18398:19103, skipping.
01-03 17:24 root         DEBUG    No ITS stop or start sites were identified for sequence M05836:9:000000000-BRTMF:1:1110:4659:18930, skipping.
01-03 17:24 root         DEBUG    No ITS stop or start sites were identified for sequence M05836:9:000000000-BRTMF:1:2111:5831:22064, skipping.
01-03 17:24 root         DEBUG    No ITS stop or start sites were identified for sequence M05836:9:000000000-BRTMF:1:2111:25563:22675, skipping.
01-03 17:24 root         DEBUG    No ITS stop or start sites were identified for sequence M05836:9:000000000-BRTMF:1:2111:7781:23342, skipping.
01-03 17:24 root         DEBUG    No ITS stop or start sites were identified for sequence M05836:9:000000000-BRTMF:1:2112:14911:1995, skipping.
01-03 17:24 root         DEBUG    No ITS stop or start sites were identified for sequence M05836:9:000000000-BRTMF:1:2112:11474:3023, skipping.
01-03 17:24 root         DEBUG    No ITS stop or start sites were identified for sequence M05836:9:000000000-BRTMF:1:2112:19555:4782, skipping.
01-03 17:24 root         DEBUG    No ITS stop or start sites were identified for sequence M05836:9:000000000-BRTMF:1:2112:21424:5747, skipping.
01-03 17:24 root         DEBUG    No ITS stop or start sites were identified for sequence M05836:9:000000000-BRTMF:1:2112:19864:6746, skipping.
01-03 17:24 root         DEBUG    No ITS stop or start sites were identified for sequence M05836:9:000000000-BRTMF:1:2112:11330:6982, skipping.
01-03 17:24 root         DEBUG    No ITS stop or start sites were identified for sequence M05836:9:000000000-BRTMF:1:2112:4670:8826, skipping.
01-03 17:24 root         DEBUG    No ITS stop or start sites were identified for sequence M05836:9:000000000-BRTMF:1:2112:16567:8936, skipping.
01-03 17:24 root         DEBUG    No ITS stop or start sites were identified for sequence M05836:9:000000000-BRTMF:1:1118:6793:18093, skipping.
01-03 17:24 root         DEBUG    No ITS stop or start sites were identified for sequence M05836:9:000000000-BRTMF:1:2112:11648:12157, skipping.
01-03 17:24 root         DEBUG    No ITS stop or start sites were identified for sequence M05836:9:000000000-BRTMF:1:2112:3248:12250, skipping.
01-03 17:24 root         DEBUG    No ITS stop or start sites were identified for sequence M05836:9:000000000-BRTMF:1:2112:3295:13217, skipping.
01-03 17:24 root         DEBUG    No ITS stop or start sites were identified for sequence M05836:9:000000000-BRTMF:1:1104:24493:20820, skipping.
01-03 17:24 root         DEBUG    No ITS stop or start sites were identified for sequence M05836:9:000000000-BRTMF:1:2112:15474:14123, skipping.
01-03 17:24 root         DEBUG    No ITS stop or start sites were identified for sequence M05836:9:000000000-BRTMF:1:2112:27421:14945, skipping.
01-03 17:24 root         DEBUG    No ITS stop or start sites were identified for sequence M05836:9:000000000-BRTMF:1:2112:28007:15580, skipping.
01-03 17:24 root         DEBUG    No ITS stop or start sites were identified for sequence M05836:9:000000000-BRTMF:1:2112:8552:16628, skipping.
01-03 17:24 root         DEBUG    No ITS stop or start sites were identified for sequence M05836:9:000000000-BRTMF:1:2112:3476:17408, skipping.
01-03 17:24 root         DEBUG    No ITS stop or start sites were identified for sequence M05836:9:000000000-BRTMF:1:2112:13656:19368, skipping.
01-03 17:24 root         DEBUG    No ITS stop or start sites were identified for sequence M05836:9:000000000-BRTMF:1:2112:14873:21072, skipping.
01-03 17:24 root         DEBUG    No ITS stop or start sites were identified for sequence M05836:9:000000000-BRTMF:1:2112:17114:24700, skipping.
01-03 17:24 root         DEBUG    No ITS stop or start sites were identified for sequence M05836:9:000000000-BRTMF:1:2112:17119:24720, skipping.
01-03 17:24 root         DEBUG    No ITS stop or start sites were identified for sequence M05836:9:000000000-BRTMF:1:2112:12123:24926, skipping.
01-03 17:24 root         DEBUG    No ITS stop or start sites were identified for sequence M05836:9:000000000-BRTMF:1:2112:12117:24944, skipping.
01-03 17:24 root         DEBUG    No ITS stop or start sites were identified for sequence M05836:9:000000000-BRTMF:1:2113:24923:3301, skipping.
01-03 17:24 root         DEBUG    No ITS stop or start sites were identified for sequence M05836:9:000000000-BRTMF:1:2113:8494:3760, skipping.
01-03 17:24 root         DEBUG    No ITS stop or start sites were identified for sequence M05836:9:000000000-BRTMF:1:2113:19283:8052, skipping.
01-03 17:24 root         DEBUG    No ITS stop or start sites were identified for sequence M05836:9:000000000-BRTMF:1:2113:20340:8230, skipping.
01-03 17:24 root         DEBUG    No ITS stop or start sites were identified for sequence M05836:9:000000000-BRTMF:1:2113:19116:10799, skipping.
01-03 17:24 root         DEBUG    No ITS stop or start sites were identified for sequence M05836:9:000000000-BRTMF:1:2113:19116:10799, skipping.
01-03 17:24 root         DEBUG    No ITS stop or start sites were identified for sequence M05836:9:000000000-BRTMF:1:2113:3047:10840, skipping.
01-03 17:24 root         DEBUG    No ITS stop or start sites were identified for sequence M05836:9:000000000-BRTMF:1:2113:15083:11296, skipping.
01-03 17:24 root         DEBUG    No ITS stop or start sites were identified for sequence M05836:9:000000000-BRTMF:1:2113:24856:13404, skipping.
01-03 17:24 root         DEBUG    No ITS stop or start sites were identified for sequence M05836:9:000000000-BRTMF:1:2113:18657:13636, skipping.
01-03 17:24 root         DEBUG    No ITS stop or start sites were identified for sequence M05836:9:000000000-BRTMF:1:2113:4406:14507, skipping.
01-03 17:24 root         DEBUG    No ITS stop or start sites were identified for sequence M05836:9:000000000-BRTMF:1:2113:20152:15985, skipping.
01-03 17:24 root         DEBUG    No ITS stop or start sites were identified for sequence M05836:9:000000000-BRTMF:1:2113:24079:16505, skipping.
01-03 17:24 root         DEBUG    No ITS stop or start sites were identified for sequence M05836:9:000000000-BRTMF:1:2113:12430:16666, skipping.
01-03 17:24 root         DEBUG    No ITS stop or start sites were identified for sequence M05836:9:000000000-BRTMF:1:2113:28839:17306, skipping.
01-03 17:24 root         DEBUG    No ITS stop or start sites were identified for sequence M05836:9:000000000-BRTMF:1:2113:27036:17640, skipping.
01-03 17:24 root         DEBUG    No ITS stop or start sites were identified for sequence M05836:9:000000000-BRTMF:1:2113:6037:20371, skipping.
01-03 17:24 root         DEBUG    No ITS stop or start sites were identified for sequence M05836:9:000000000-BRTMF:1:2113:6055:20382, skipping.
01-03 17:24 root         DEBUG    No ITS stop or start sites were identified for sequence M05836:9:000000000-BRTMF:1:2113:6037:20389, skipping.
01-03 17:24 root         DEBUG    No ITS stop or start sites were identified for sequence M05836:9:000000000-BRTMF:1:2113:9925:23950, skipping.
01-03 17:24 root         DEBUG    No ITS stop or start sites were identified for sequence M05836:9:000000000-BRTMF:1:2114:6117:3450, skipping.
01-03 17:24 root         DEBUG    No ITS stop or start sites were identified for sequence M05836:9:000000000-BRTMF:1:2114:24553:4436, skipping.
01-03 17:24 root         DEBUG    No ITS stop or start sites were identified for sequence M05836:9:000000000-BRTMF:1:2114:15725:4750, skipping.
01-03 17:24 root         DEBUG    No ITS stop or start sites were identified for sequence M05836:9:000000000-BRTMF:1:2114:10082:5960, skipping.
01-03 17:24 root         DEBUG    No ITS stop or start sites were identified for sequence M05836:9:000000000-BRTMF:1:2114:19791:6032, skipping.
01-03 17:24 root         DEBUG    No ITS stop or start sites were identified for sequence M05836:9:000000000-BRTMF:1:2114:3957:6446, skipping.
01-03 17:24 root         DEBUG    No ITS stop or start sites were identified for sequence M05836:9:000000000-BRTMF:1:2114:3963:6463, skipping.
01-03 17:24 root         DEBUG    No ITS stop or start sites were identified for sequence M05836:9:000000000-BRTMF:1:2114:14937:7683, skipping.
01-03 17:24 root         DEBUG    No ITS stop or start sites were identified for sequence M05836:9:000000000-BRTMF:1:2114:3337:8834, skipping.
01-03 17:24 root         DEBUG    No ITS stop or start sites were identified for sequence M05836:9:000000000-BRTMF:1:2114:5300:9678, skipping.
01-03 17:24 root         DEBUG    No ITS stop or start sites were identified for sequence M05836:9:000000000-BRTMF:1:2114:12464:14225, skipping.
01-03 17:24 root         DEBUG    No ITS stop or start sites were identified for sequence M05836:9:000000000-BRTMF:1:2114:14271:14251, skipping.
01-03 17:24 root         DEBUG    No ITS stop or start sites were identified for sequence M05836:9:000000000-BRTMF:1:2114:25727:14959, skipping.
01-03 17:24 root         DEBUG    No ITS stop or start sites were identified for sequence M05836:9:000000000-BRTMF:1:2114:24760:19933, skipping.
01-03 17:24 root         DEBUG    No ITS stop or start sites were identified for sequence M05836:9:000000000-BRTMF:1:2114:26319:20029, skipping.
01-03 17:24 root         DEBUG    No ITS stop or start sites were identified for sequence M05836:9:000000000-BRTMF:1:2115:18462:2003, skipping.
01-03 17:24 root         DEBUG    No ITS stop or start sites were identified for sequence M05836:9:000000000-BRTMF:1:2115:25344:3144, skipping.
01-03 17:24 root         DEBUG    No ITS stop or start sites were identified for sequence M05836:9:000000000-BRTMF:1:2115:13363:4174, skipping.
01-03 17:24 root         DEBUG    No ITS stop or start sites were identified for sequence M05836:9:000000000-BRTMF:1:2115:22426:8404, skipping.
01-03 17:24 root         DEBUG    No ITS stop or start sites were identified for sequence M05836:9:000000000-BRTMF:1:2115:14067:9064, skipping.
01-03 17:24 root         DEBUG    No ITS stop or start sites were identified for sequence M05836:9:000000000-BRTMF:1:2115:22588:10669, skipping.
01-03 17:24 root         DEBUG    No ITS stop or start sites were identified for sequence M05836:9:000000000-BRTMF:1:2115:26128:13089, skipping.
01-03 17:24 root         DEBUG    No ITS stop or start sites were identified for sequence M05836:9:000000000-BRTMF:1:2115:16670:15451, skipping.
01-03 17:24 root         DEBUG    No ITS stop or start sites were identified for sequence M05836:9:000000000-BRTMF:1:2115:19223:16645, skipping.
01-03 17:24 root         DEBUG    No ITS stop or start sites were identified for sequence M05836:9:000000000-BRTMF:1:2115:22749:17618, skipping.
01-03 17:24 root         DEBUG    No ITS stop or start sites were identified for sequence M05836:9:000000000-BRTMF:1:2115:20673:23553, skipping.
01-03 17:24 root         DEBUG    No ITS stop or start sites were identified for sequence M05836:9:000000000-BRTMF:1:2115:11700:24029, skipping.
01-03 17:24 root         DEBUG    No ITS stop or start sites were identified for sequence M05836:9:000000000-BRTMF:1:2116:10401:3415, skipping.
01-03 17:24 root         DEBUG    No ITS stop or start sites were identified for sequence M05836:9:000000000-BRTMF:1:2116:8704:3712, skipping.
01-03 17:24 root         DEBUG    No ITS stop or start sites were identified for sequence M05836:9:000000000-BRTMF:1:2116:16266:4157, skipping.
01-03 17:24 root         DEBUG    No ITS stop or start sites were identified for sequence M05836:9:000000000-BRTMF:1:1105:7635:4497, skipping.
01-03 17:24 root         DEBUG    No ITS stop or start sites were identified for sequence M05836:9:000000000-BRTMF:1:2116:7215:8068, skipping.
01-03 17:24 root         DEBUG    No ITS stop or start sites were identified for sequence M05836:9:000000000-BRTMF:1:2116:12789:8629, skipping.
01-03 17:24 root         DEBUG    No ITS stop or start sites were identified for sequence M05836:9:000000000-BRTMF:1:2116:8299:8993, skipping.
01-03 17:24 root         DEBUG    No ITS stop or start sites were identified for sequence M05836:9:000000000-BRTMF:1:2116:7033:10096, skipping.
01-03 17:24 root         DEBUG    No ITS stop or start sites were identified for sequence M05836:9:000000000-BRTMF:1:2116:7040:10116, skipping.
01-03 17:24 root         DEBUG    No ITS stop or start sites were identified for sequence M05836:9:000000000-BRTMF:1:2116:14901:11022, skipping.
01-03 17:24 root         DEBUG    No ITS stop or start sites were identified for sequence M05836:9:000000000-BRTMF:1:2116:26406:13317, skipping.
01-03 17:24 root         DEBUG    No ITS stop or start sites were identified for sequence M05836:9:000000000-BRTMF:1:2116:23334:13822, skipping.
01-03 17:24 root         DEBUG    No ITS stop or start sites were identified for sequence M05836:9:000000000-BRTMF:1:1105:7635:4497, skipping.
01-03 17:24 root         DEBUG    No ITS stop or start sites were identified for sequence M05836:9:000000000-BRTMF:1:2116:2249:15865, skipping.
01-03 17:24 root         DEBUG    No ITS stop or start sites were identified for sequence M05836:9:000000000-BRTMF:1:2116:19957:19131, skipping.
01-03 17:24 root         DEBUG    No ITS stop or start sites were identified for sequence M05836:9:000000000-BRTMF:1:2116:3406:19522, skipping.
01-03 17:24 root         DEBUG    No ITS stop or start sites were identified for sequence M05836:9:000000000-BRTMF:1:2116:7049:21691, skipping.
01-03 17:24 root         DEBUG    No ITS stop or start sites were identified for sequence M05836:9:000000000-BRTMF:1:2116:15849:23834, skipping.
01-03 17:24 root         DEBUG    No ITS stop or start sites were identified for sequence M05836:9:000000000-BRTMF:1:1107:8064:11538, skipping.
01-03 17:24 root         DEBUG    No ITS stop or start sites were identified for sequence M05836:9:000000000-BRTMF:1:2117:14282:8446, skipping.
01-03 17:24 root         DEBUG    No ITS stop or start sites were identified for sequence M05836:9:000000000-BRTMF:1:2117:26457:10084, skipping.
01-03 17:24 root         DEBUG    No ITS stop or start sites were identified for sequence M05836:9:000000000-BRTMF:1:2117:26452:10103, skipping.
01-03 17:24 root         DEBUG    No ITS stop or start sites were identified for sequence M05836:9:000000000-BRTMF:1:2117:13789:10163, skipping.
01-03 17:24 root         DEBUG    No ITS stop or start sites were identified for sequence M05836:9:000000000-BRTMF:1:2117:10434:10211, skipping.
01-03 17:24 root         DEBUG    No ITS stop or start sites were identified for sequence M05836:9:000000000-BRTMF:1:2117:23084:11208, skipping.
01-03 17:24 root         DEBUG    No ITS stop or start sites were identified for sequence M05836:9:000000000-BRTMF:1:2117:12585:14590, skipping.
01-03 17:24 root         DEBUG    No ITS stop or start sites were identified for sequence M05836:9:000000000-BRTMF:1:2117:11469:15528, skipping.
01-03 17:24 root         DEBUG    No ITS stop or start sites were identified for sequence M05836:9:000000000-BRTMF:1:2117:20442:16503, skipping.
01-03 17:24 root         DEBUG    No ITS stop or start sites were identified for sequence M05836:9:000000000-BRTMF:1:2117:14078:17417, skipping.
01-03 17:24 root         DEBUG    No ITS stop or start sites were identified for sequence M05836:9:000000000-BRTMF:1:2117:16747:18101, skipping.
01-03 17:24 root         DEBUG    No ITS stop or start sites were identified for sequence M05836:9:000000000-BRTMF:1:2117:13580:18528, skipping.
01-03 17:24 root         DEBUG    No ITS stop or start sites were identified for sequence M05836:9:000000000-BRTMF:1:2117:8256:23077, skipping.
01-03 17:24 root         DEBUG    No ITS stop or start sites were identified for sequence M05836:9:000000000-BRTMF:1:2117:21816:24404, skipping.
01-03 17:24 root         DEBUG    No ITS stop or start sites were identified for sequence M05836:9:000000000-BRTMF:1:2118:16681:5175, skipping.
01-03 17:24 root         DEBUG    No ITS stop or start sites were identified for sequence M05836:9:000000000-BRTMF:1:2118:24420:5701, skipping.
01-03 17:24 root         DEBUG    No ITS stop or start sites were identified for sequence M05836:9:000000000-BRTMF:1:2118:22005:7668, skipping.
01-03 17:24 root         DEBUG    No ITS stop or start sites were identified for sequence M05836:9:000000000-BRTMF:1:2118:20239:10568, skipping.
01-03 17:24 root         DEBUG    No ITS stop or start sites were identified for sequence M05836:9:000000000-BRTMF:1:2118:7065:10703, skipping.
01-03 17:24 root         DEBUG    No ITS stop or start sites were identified for sequence M05836:9:000000000-BRTMF:1:2118:27480:11306, skipping.
01-03 17:24 root         DEBUG    No ITS stop or start sites were identified for sequence M05836:9:000000000-BRTMF:1:2118:2951:12402, skipping.
01-03 17:24 root         DEBUG    No ITS stop or start sites were identified for sequence M05836:9:000000000-BRTMF:1:2118:8899:13023, skipping.
01-03 17:24 root         DEBUG    No ITS stop or start sites were identified for sequence M05836:9:000000000-BRTMF:1:2118:6439:13377, skipping.
01-03 17:24 root         DEBUG    No ITS stop or start sites were identified for sequence M05836:9:000000000-BRTMF:1:2118:29647:13738, skipping.
01-03 17:24 root         DEBUG    No ITS stop or start sites were identified for sequence M05836:9:000000000-BRTMF:1:2118:20279:14175, skipping.
01-03 17:24 root         DEBUG    No ITS stop or start sites were identified for sequence M05836:9:000000000-BRTMF:1:2118:2589:14828, skipping.
01-03 17:24 root         DEBUG    No ITS stop or start sites were identified for sequence M05836:9:000000000-BRTMF:1:2118:28558:16012, skipping.
01-03 17:24 root         DEBUG    No ITS stop or start sites were identified for sequence M05836:9:000000000-BRTMF:1:2118:7933:16490, skipping.
01-03 17:24 root         DEBUG    No ITS stop or start sites were identified for sequence M05836:9:000000000-BRTMF:1:2118:16666:16758, skipping.
01-03 17:24 root         DEBUG    No ITS stop or start sites were identified for sequence M05836:9:000000000-BRTMF:1:2118:22034:18626, skipping.
01-03 17:24 root         DEBUG    No ITS stop or start sites were identified for sequence M05836:9:000000000-BRTMF:1:2118:19441:22143, skipping.
01-03 17:24 root         DEBUG    No ITS stop or start sites were identified for sequence M05836:9:000000000-BRTMF:1:2118:25086:22295, skipping.
01-03 17:24 root         DEBUG    No ITS stop or start sites were identified for sequence M05836:9:000000000-BRTMF:1:2119:9738:5247, skipping.
01-03 17:24 root         DEBUG    No ITS stop or start sites were identified for sequence M05836:9:000000000-BRTMF:1:2119:17845:6397, skipping.
01-03 17:24 root         DEBUG    No ITS stop or start sites were identified for sequence M05836:9:000000000-BRTMF:1:2119:14961:7312, skipping.
01-03 17:24 root         DEBUG    No ITS stop or start sites were identified for sequence M05836:9:000000000-BRTMF:1:2119:14239:8340, skipping.
01-03 17:24 root         DEBUG    No ITS stop or start sites were identified for sequence M05836:9:000000000-BRTMF:1:2119:18461:9627, skipping.
01-03 17:24 root         DEBUG    No ITS stop or start sites were identified for sequence M05836:9:000000000-BRTMF:1:2119:25312:10800, skipping.
01-03 17:24 root         DEBUG    No ITS stop or start sites were identified for sequence M05836:9:000000000-BRTMF:1:2119:22611:10917, skipping.
01-03 17:24 root         DEBUG    No ITS stop or start sites were identified for sequence M05836:9:000000000-BRTMF:1:2119:20145:11517, skipping.
01-03 17:24 root         DEBUG    No ITS stop or start sites were identified for sequence M05836:9:000000000-BRTMF:1:2115:13363:4174, skipping.
01-03 17:24 root         DEBUG    No ITS stop or start sites were identified for sequence M05836:9:000000000-BRTMF:1:2119:15436:14049, skipping.
01-03 17:24 root         DEBUG    No ITS stop or start sites were identified for sequence M05836:9:000000000-BRTMF:1:2119:23300:14575, skipping.
01-03 17:24 root         DEBUG    No ITS stop or start sites were identified for sequence M05836:9:000000000-BRTMF:1:2119:17469:15117, skipping.
01-03 17:24 root         DEBUG    No ITS stop or start sites were identified for sequence M05836:9:000000000-BRTMF:1:2119:17625:15600, skipping.
01-03 17:24 root         DEBUG    No ITS stop or start sites were identified for sequence M05836:9:000000000-BRTMF:1:2119:2322:15630, skipping.
01-03 17:24 root         DEBUG    No ITS stop or start sites were identified for sequence M05836:9:000000000-BRTMF:1:2119:14262:15996, skipping.
01-03 17:24 root         DEBUG    No ITS stop or start sites were identified for sequence M05836:9:000000000-BRTMF:1:2119:15536:17493, skipping.
01-03 17:24 root         DEBUG    No ITS stop or start sites were identified for sequence M05836:9:000000000-BRTMF:1:2119:13965:17506, skipping.
01-03 17:24 root         DEBUG    No ITS stop or start sites were identified for sequence M05836:9:000000000-BRTMF:1:2119:15287:17954, skipping.
01-03 17:24 root         DEBUG    No ITS stop or start sites were identified for sequence M05836:9:000000000-BRTMF:1:2119:6232:18470, skipping.
01-03 17:24 root         DEBUG    No ITS stop or start sites were identified for sequence M05836:9:000000000-BRTMF:1:2119:5567:19466, skipping.
01-03 17:24 root         DEBUG    No ITS stop or start sites were identified for sequence M05836:9:000000000-BRTMF:1:2119:11123:21138, skipping.
01-03 17:24 root         DEBUG    No ITS stop or start sites were identified for sequence M05836:9:000000000-BRTMF:1:2119:11384:23256, skipping.
01-03 17:24 root         DEBUG    No ITS stop or start sites were identified for sequence M05836:9:000000000-BRTMF:1:2119:22577:23276, skipping.
01-03 17:24 root         DEBUG    No ITS stop or start sites were identified for sequence M05836:9:000000000-BRTMF:1:2119:9174:24480, skipping.
01-03 17:24 root         DEBUG    No ITS stop or start sites were identified for sequence M05836:9:000000000-BRTMF:1:2119:9817:24512, skipping.
01-03 17:24 root         DEBUG    No ITS stop or start sites were identified for sequence M05836:9:000000000-BRTMF:1:2119:9802:24520, skipping.
01-03 17:24 root         DEBUG    No ITS stop or start sites were identified for sequence M05836:9:000000000-BRTMF:1:2119:12398:24665, skipping.
01-03 17:24 root         INFO     ITSxpress ran in 00:02:23
