01-03 17:13 root         INFO     Verifying the input sequences.
01-03 17:13 root         INFO     Sequences are assumed to be single-end.
01-03 17:13 root         INFO     Temporary directory is: /tmp/itsxpress_ky0watuf
01-03 17:13 root         INFO     Unique sequences are being written to a temporary FASTA file with Vsearch.
01-03 17:13 root         INFO     vsearch v2.7.1_linux_x86_64, 15.6GB RAM, 4 cores
https://github.com/torognes/vsearch

Reading file DNA.CAC.CC2.ITS_S4_L001_R1_001.fastq 100%
1746912 nt in 6780 seqs, min 56, max 301, avg 258
minseqlength 32: 11 sequences discarded.
Dereplicating 100%
Sorting 100%
3489 unique sequences, avg cluster 1.9, median 1, max 493
Writing output file 100%
Writing uc file, first part 100%
Writing uc file, second part 100%

01-03 17:13 root         INFO     Searching for ITS start and stop sites using HMMSearch. This step takes a while.
01-03 17:14 root         INFO     Parsing HMM results.
01-03 17:14 root         INFO     Writing out sequences
01-03 17:14 root         DEBUG    No ITS stop or start sites were identified for sequence M05836:9:000000000-BRTMF:1:1101:6912:2852, skipping.
01-03 17:14 root         DEBUG    No ITS stop or start sites were identified for sequence M05836:9:000000000-BRTMF:1:1101:6260:5152, skipping.
01-03 17:14 root         DEBUG    No ITS stop or start sites were identified for sequence M05836:9:000000000-BRTMF:1:1101:9214:7236, skipping.
01-03 17:14 root         DEBUG    No ITS stop or start sites were identified for sequence M05836:9:000000000-BRTMF:1:1101:20278:10346, skipping.
01-03 17:14 root         DEBUG    No ITS stop or start sites were identified for sequence M05836:9:000000000-BRTMF:1:1101:29332:15717, skipping.
01-03 17:14 root         DEBUG    No ITS stop or start sites were identified for sequence M05836:9:000000000-BRTMF:1:1101:16578:15935, skipping.
01-03 17:14 root         DEBUG    No ITS stop or start sites were identified for sequence M05836:9:000000000-BRTMF:1:1102:14885:2603, skipping.
01-03 17:14 root         DEBUG    No ITS stop or start sites were identified for sequence M05836:9:000000000-BRTMF:1:1102:7489:2999, skipping.
01-03 17:14 root         DEBUG    No ITS stop or start sites were identified for sequence M05836:9:000000000-BRTMF:1:1102:22381:5792, skipping.
01-03 17:14 root         DEBUG    No ITS stop or start sites were identified for sequence M05836:9:000000000-BRTMF:1:1102:26686:9148, skipping.
01-03 17:14 root         DEBUG    No ITS stop or start sites were identified for sequence M05836:9:000000000-BRTMF:1:1101:6912:2852, skipping.
01-03 17:14 root         DEBUG    No ITS stop or start sites were identified for sequence M05836:9:000000000-BRTMF:1:1102:2987:16692, skipping.
01-03 17:14 root         DEBUG    No ITS stop or start sites were identified for sequence M05836:9:000000000-BRTMF:1:1102:16585:21597, skipping.
01-03 17:14 root         DEBUG    No ITS stop or start sites were identified for sequence M05836:9:000000000-BRTMF:1:1102:14204:25000, skipping.
01-03 17:14 root         DEBUG    No ITS stop or start sites were identified for sequence M05836:9:000000000-BRTMF:1:1103:28348:7931, skipping.
01-03 17:14 root         DEBUG    No ITS stop or start sites were identified for sequence M05836:9:000000000-BRTMF:1:1103:18787:8141, skipping.
01-03 17:14 root         DEBUG    No ITS stop or start sites were identified for sequence M05836:9:000000000-BRTMF:1:1103:15071:24045, skipping.
01-03 17:14 root         DEBUG    No ITS stop or start sites were identified for sequence M05836:9:000000000-BRTMF:1:1104:29421:11427, skipping.
01-03 17:14 root         DEBUG    No ITS stop or start sites were identified for sequence M05836:9:000000000-BRTMF:1:1104:14559:14767, skipping.
01-03 17:14 root         DEBUG    No ITS stop or start sites were identified for sequence M05836:9:000000000-BRTMF:1:1104:16780:22654, skipping.
01-03 17:14 root         DEBUG    No ITS stop or start sites were identified for sequence M05836:9:000000000-BRTMF:1:1105:16104:3411, skipping.
01-03 17:14 root         DEBUG    No ITS stop or start sites were identified for sequence M05836:9:000000000-BRTMF:1:1105:18061:5807, skipping.
01-03 17:14 root         DEBUG    No ITS stop or start sites were identified for sequence M05836:9:000000000-BRTMF:1:1105:5442:10459, skipping.
01-03 17:14 root         DEBUG    No ITS stop or start sites were identified for sequence M05836:9:000000000-BRTMF:1:1105:5974:14365, skipping.
01-03 17:14 root         DEBUG    No ITS stop or start sites were identified for sequence M05836:9:000000000-BRTMF:1:1105:13219:17144, skipping.
01-03 17:14 root         DEBUG    No ITS stop or start sites were identified for sequence M05836:9:000000000-BRTMF:1:1106:10774:3684, skipping.
01-03 17:14 root         DEBUG    No ITS stop or start sites were identified for sequence M05836:9:000000000-BRTMF:1:1101:6912:2852, skipping.
01-03 17:14 root         DEBUG    No ITS stop or start sites were identified for sequence M05836:9:000000000-BRTMF:1:1106:10445:10272, skipping.
01-03 17:14 root         DEBUG    No ITS stop or start sites were identified for sequence M05836:9:000000000-BRTMF:1:1106:14440:12720, skipping.
01-03 17:14 root         DEBUG    No ITS stop or start sites were identified for sequence M05836:9:000000000-BRTMF:1:1107:23586:2235, skipping.
01-03 17:14 root         DEBUG    No ITS stop or start sites were identified for sequence M05836:9:000000000-BRTMF:1:1107:6165:3105, skipping.
01-03 17:14 root         DEBUG    No ITS stop or start sites were identified for sequence M05836:9:000000000-BRTMF:1:1107:11693:3464, skipping.
01-03 17:14 root         DEBUG    No ITS stop or start sites were identified for sequence M05836:9:000000000-BRTMF:1:1107:7722:11102, skipping.
01-03 17:14 root         DEBUG    No ITS stop or start sites were identified for sequence M05836:9:000000000-BRTMF:1:1107:21203:21785, skipping.
01-03 17:14 root         DEBUG    No ITS stop or start sites were identified for sequence M05836:9:000000000-BRTMF:1:1107:21084:24076, skipping.
01-03 17:14 root         DEBUG    No ITS stop or start sites were identified for sequence M05836:9:000000000-BRTMF:1:1108:4788:5292, skipping.
01-03 17:14 root         DEBUG    No ITS stop or start sites were identified for sequence M05836:9:000000000-BRTMF:1:1108:17292:5676, skipping.
01-03 17:14 root         DEBUG    No ITS stop or start sites were identified for sequence M05836:9:000000000-BRTMF:1:1108:9620:6958, skipping.
01-03 17:14 root         DEBUG    No ITS stop or start sites were identified for sequence M05836:9:000000000-BRTMF:1:1108:26480:19818, skipping.
01-03 17:14 root         DEBUG    No ITS stop or start sites were identified for sequence M05836:9:000000000-BRTMF:1:1108:19404:23750, skipping.
01-03 17:14 root         DEBUG    No ITS stop or start sites were identified for sequence M05836:9:000000000-BRTMF:1:1109:22293:11870, skipping.
01-03 17:14 root         DEBUG    No ITS stop or start sites were identified for sequence M05836:9:000000000-BRTMF:1:1109:23374:14094, skipping.
01-03 17:14 root         DEBUG    No ITS stop or start sites were identified for sequence M05836:9:000000000-BRTMF:1:1109:22844:14380, skipping.
01-03 17:14 root         DEBUG    No ITS stop or start sites were identified for sequence M05836:9:000000000-BRTMF:1:1109:22118:17310, skipping.
01-03 17:14 root         DEBUG    No ITS stop or start sites were identified for sequence M05836:9:000000000-BRTMF:1:1110:13755:6710, skipping.
01-03 17:14 root         DEBUG    No ITS stop or start sites were identified for sequence M05836:9:000000000-BRTMF:1:1110:6788:8761, skipping.
01-03 17:14 root         DEBUG    No ITS stop or start sites were identified for sequence M05836:9:000000000-BRTMF:1:1110:25428:10817, skipping.
01-03 17:14 root         DEBUG    No ITS stop or start sites were identified for sequence M05836:9:000000000-BRTMF:1:1110:11991:14363, skipping.
01-03 17:14 root         DEBUG    No ITS stop or start sites were identified for sequence M05836:9:000000000-BRTMF:1:1110:20189:17932, skipping.
01-03 17:14 root         DEBUG    No ITS stop or start sites were identified for sequence M05836:9:000000000-BRTMF:1:1110:23728:23121, skipping.
01-03 17:14 root         DEBUG    No ITS stop or start sites were identified for sequence M05836:9:000000000-BRTMF:1:1111:9969:3292, skipping.
01-03 17:14 root         DEBUG    No ITS stop or start sites were identified for sequence M05836:9:000000000-BRTMF:1:1111:19836:7737, skipping.
01-03 17:14 root         DEBUG    No ITS stop or start sites were identified for sequence M05836:9:000000000-BRTMF:1:1111:2335:10401, skipping.
01-03 17:14 root         DEBUG    No ITS stop or start sites were identified for sequence M05836:9:000000000-BRTMF:1:1111:7648:10996, skipping.
01-03 17:14 root         DEBUG    No ITS stop or start sites were identified for sequence M05836:9:000000000-BRTMF:1:1111:11802:11599, skipping.
01-03 17:14 root         DEBUG    No ITS stop or start sites were identified for sequence M05836:9:000000000-BRTMF:1:1111:25858:15111, skipping.
01-03 17:14 root         DEBUG    No ITS stop or start sites were identified for sequence M05836:9:000000000-BRTMF:1:1112:19064:8633, skipping.
01-03 17:14 root         DEBUG    No ITS stop or start sites were identified for sequence M05836:9:000000000-BRTMF:1:1112:24967:10253, skipping.
01-03 17:14 root         DEBUG    No ITS stop or start sites were identified for sequence M05836:9:000000000-BRTMF:1:1112:28029:18795, skipping.
01-03 17:14 root         DEBUG    No ITS stop or start sites were identified for sequence M05836:9:000000000-BRTMF:1:1112:14656:21831, skipping.
01-03 17:14 root         DEBUG    No ITS stop or start sites were identified for sequence M05836:9:000000000-BRTMF:1:1113:10066:5073, skipping.
01-03 17:14 root         DEBUG    No ITS stop or start sites were identified for sequence M05836:9:000000000-BRTMF:1:1113:10077:9470, skipping.
01-03 17:14 root         DEBUG    No ITS stop or start sites were identified for sequence M05836:9:000000000-BRTMF:1:1113:21262:16375, skipping.
01-03 17:14 root         DEBUG    No ITS stop or start sites were identified for sequence M05836:9:000000000-BRTMF:1:1113:10229:17456, skipping.
01-03 17:14 root         DEBUG    No ITS stop or start sites were identified for sequence M05836:9:000000000-BRTMF:1:1113:26600:17712, skipping.
01-03 17:14 root         DEBUG    No ITS stop or start sites were identified for sequence M05836:9:000000000-BRTMF:1:1113:27375:20462, skipping.
01-03 17:14 root         DEBUG    No ITS stop or start sites were identified for sequence M05836:9:000000000-BRTMF:1:1113:17732:23696, skipping.
01-03 17:14 root         DEBUG    No ITS stop or start sites were identified for sequence M05836:9:000000000-BRTMF:1:1114:17322:4287, skipping.
01-03 17:14 root         DEBUG    No ITS stop or start sites were identified for sequence M05836:9:000000000-BRTMF:1:1114:13420:7658, skipping.
01-03 17:14 root         DEBUG    No ITS stop or start sites were identified for sequence M05836:9:000000000-BRTMF:1:1114:15245:7851, skipping.
01-03 17:14 root         DEBUG    No ITS stop or start sites were identified for sequence M05836:9:000000000-BRTMF:1:1114:25850:16368, skipping.
01-03 17:14 root         DEBUG    No ITS stop or start sites were identified for sequence M05836:9:000000000-BRTMF:1:1114:12322:17571, skipping.
01-03 17:14 root         DEBUG    No ITS stop or start sites were identified for sequence M05836:9:000000000-BRTMF:1:1114:12533:19803, skipping.
01-03 17:14 root         DEBUG    No ITS stop or start sites were identified for sequence M05836:9:000000000-BRTMF:1:1101:6912:2852, skipping.
01-03 17:14 root         DEBUG    No ITS stop or start sites were identified for sequence M05836:9:000000000-BRTMF:1:1116:20531:1955, skipping.
01-03 17:14 root         DEBUG    No ITS stop or start sites were identified for sequence M05836:9:000000000-BRTMF:1:1116:9746:7548, skipping.
01-03 17:14 root         DEBUG    No ITS stop or start sites were identified for sequence M05836:9:000000000-BRTMF:1:1116:20056:7593, skipping.
01-03 17:14 root         DEBUG    No ITS stop or start sites were identified for sequence M05836:9:000000000-BRTMF:1:1116:22506:8996, skipping.
01-03 17:14 root         DEBUG    No ITS stop or start sites were identified for sequence M05836:9:000000000-BRTMF:1:1116:11285:14639, skipping.
01-03 17:14 root         DEBUG    No ITS stop or start sites were identified for sequence M05836:9:000000000-BRTMF:1:1116:23757:14975, skipping.
01-03 17:14 root         DEBUG    No ITS stop or start sites were identified for sequence M05836:9:000000000-BRTMF:1:1116:12108:15288, skipping.
01-03 17:14 root         DEBUG    No ITS stop or start sites were identified for sequence M05836:9:000000000-BRTMF:1:1116:13558:21007, skipping.
01-03 17:14 root         DEBUG    No ITS stop or start sites were identified for sequence M05836:9:000000000-BRTMF:1:1118:4929:4909, skipping.
01-03 17:14 root         DEBUG    No ITS stop or start sites were identified for sequence M05836:9:000000000-BRTMF:1:1118:7159:6628, skipping.
01-03 17:14 root         DEBUG    No ITS stop or start sites were identified for sequence M05836:9:000000000-BRTMF:1:1118:10487:13884, skipping.
01-03 17:14 root         DEBUG    No ITS stop or start sites were identified for sequence M05836:9:000000000-BRTMF:1:1118:13752:16741, skipping.
01-03 17:14 root         DEBUG    No ITS stop or start sites were identified for sequence M05836:9:000000000-BRTMF:1:1119:29092:11871, skipping.
01-03 17:14 root         DEBUG    No ITS stop or start sites were identified for sequence M05836:9:000000000-BRTMF:1:1119:28496:12831, skipping.
01-03 17:14 root         DEBUG    No ITS stop or start sites were identified for sequence M05836:9:000000000-BRTMF:1:1119:17543:15957, skipping.
01-03 17:14 root         DEBUG    No ITS stop or start sites were identified for sequence M05836:9:000000000-BRTMF:1:1119:22883:24250, skipping.
01-03 17:14 root         DEBUG    No ITS stop or start sites were identified for sequence M05836:9:000000000-BRTMF:1:2101:11771:5088, skipping.
01-03 17:14 root         DEBUG    No ITS stop or start sites were identified for sequence M05836:9:000000000-BRTMF:1:2101:6793:10061, skipping.
01-03 17:14 root         DEBUG    No ITS stop or start sites were identified for sequence M05836:9:000000000-BRTMF:1:2101:27232:19336, skipping.
01-03 17:14 root         DEBUG    No ITS stop or start sites were identified for sequence M05836:9:000000000-BRTMF:1:2102:20545:5665, skipping.
01-03 17:14 root         DEBUG    No ITS stop or start sites were identified for sequence M05836:9:000000000-BRTMF:1:2102:6141:18233, skipping.
01-03 17:14 root         DEBUG    No ITS stop or start sites were identified for sequence M05836:9:000000000-BRTMF:1:2102:7807:22341, skipping.
01-03 17:14 root         DEBUG    No ITS stop or start sites were identified for sequence M05836:9:000000000-BRTMF:1:2103:13628:8715, skipping.
01-03 17:14 root         DEBUG    No ITS stop or start sites were identified for sequence M05836:9:000000000-BRTMF:1:2103:6278:11747, skipping.
01-03 17:14 root         DEBUG    No ITS stop or start sites were identified for sequence M05836:9:000000000-BRTMF:1:2103:12876:19565, skipping.
01-03 17:14 root         DEBUG    No ITS stop or start sites were identified for sequence M05836:9:000000000-BRTMF:1:2104:15611:2129, skipping.
01-03 17:14 root         DEBUG    No ITS stop or start sites were identified for sequence M05836:9:000000000-BRTMF:1:2104:7830:4118, skipping.
01-03 17:14 root         DEBUG    No ITS stop or start sites were identified for sequence M05836:9:000000000-BRTMF:1:2104:25102:6049, skipping.
01-03 17:14 root         DEBUG    No ITS stop or start sites were identified for sequence M05836:9:000000000-BRTMF:1:2104:8457:6839, skipping.
01-03 17:14 root         DEBUG    No ITS stop or start sites were identified for sequence M05836:9:000000000-BRTMF:1:2104:14649:7076, skipping.
01-03 17:14 root         DEBUG    No ITS stop or start sites were identified for sequence M05836:9:000000000-BRTMF:1:1101:6912:2852, skipping.
01-03 17:14 root         DEBUG    No ITS stop or start sites were identified for sequence M05836:9:000000000-BRTMF:1:2104:7765:12349, skipping.
01-03 17:14 root         DEBUG    No ITS stop or start sites were identified for sequence M05836:9:000000000-BRTMF:1:2104:7443:18988, skipping.
01-03 17:14 root         DEBUG    No ITS stop or start sites were identified for sequence M05836:9:000000000-BRTMF:1:2104:25027:19340, skipping.
01-03 17:14 root         DEBUG    No ITS stop or start sites were identified for sequence M05836:9:000000000-BRTMF:1:2104:16755:21736, skipping.
01-03 17:14 root         DEBUG    No ITS stop or start sites were identified for sequence M05836:9:000000000-BRTMF:1:2105:6871:7052, skipping.
01-03 17:14 root         DEBUG    No ITS stop or start sites were identified for sequence M05836:9:000000000-BRTMF:1:2105:17779:8698, skipping.
01-03 17:14 root         DEBUG    No ITS stop or start sites were identified for sequence M05836:9:000000000-BRTMF:1:2105:9639:10353, skipping.
01-03 17:14 root         DEBUG    No ITS stop or start sites were identified for sequence M05836:9:000000000-BRTMF:1:2105:26888:13169, skipping.
01-03 17:14 root         DEBUG    No ITS stop or start sites were identified for sequence M05836:9:000000000-BRTMF:1:2105:9550:14768, skipping.
01-03 17:14 root         DEBUG    No ITS stop or start sites were identified for sequence M05836:9:000000000-BRTMF:1:2106:23710:4429, skipping.
01-03 17:14 root         DEBUG    No ITS stop or start sites were identified for sequence M05836:9:000000000-BRTMF:1:2106:9861:9307, skipping.
01-03 17:14 root         DEBUG    No ITS stop or start sites were identified for sequence M05836:9:000000000-BRTMF:1:2106:26675:21733, skipping.
01-03 17:14 root         DEBUG    No ITS stop or start sites were identified for sequence M05836:9:000000000-BRTMF:1:2106:18813:24239, skipping.
01-03 17:14 root         DEBUG    No ITS stop or start sites were identified for sequence M05836:9:000000000-BRTMF:1:2107:13011:2413, skipping.
01-03 17:14 root         DEBUG    No ITS stop or start sites were identified for sequence M05836:9:000000000-BRTMF:1:2107:13777:11498, skipping.
01-03 17:14 root         DEBUG    No ITS stop or start sites were identified for sequence M05836:9:000000000-BRTMF:1:2107:13795:11509, skipping.
01-03 17:14 root         DEBUG    No ITS stop or start sites were identified for sequence M05836:9:000000000-BRTMF:1:2107:8323:15213, skipping.
01-03 17:14 root         DEBUG    No ITS stop or start sites were identified for sequence M05836:9:000000000-BRTMF:1:2107:17054:15322, skipping.
01-03 17:14 root         DEBUG    No ITS stop or start sites were identified for sequence M05836:9:000000000-BRTMF:1:2107:9720:22215, skipping.
01-03 17:14 root         DEBUG    No ITS stop or start sites were identified for sequence M05836:9:000000000-BRTMF:1:2108:20142:4524, skipping.
01-03 17:14 root         DEBUG    No ITS stop or start sites were identified for sequence M05836:9:000000000-BRTMF:1:2108:7894:6795, skipping.
01-03 17:14 root         DEBUG    No ITS stop or start sites were identified for sequence M05836:9:000000000-BRTMF:1:2108:23192:7226, skipping.
01-03 17:14 root         DEBUG    No ITS stop or start sites were identified for sequence M05836:9:000000000-BRTMF:1:2108:17299:8436, skipping.
01-03 17:14 root         DEBUG    No ITS stop or start sites were identified for sequence M05836:9:000000000-BRTMF:1:2108:11674:9348, skipping.
01-03 17:14 root         DEBUG    No ITS stop or start sites were identified for sequence M05836:9:000000000-BRTMF:1:2108:24662:11666, skipping.
01-03 17:14 root         DEBUG    No ITS stop or start sites were identified for sequence M05836:9:000000000-BRTMF:1:2108:28585:12436, skipping.
01-03 17:14 root         DEBUG    No ITS stop or start sites were identified for sequence M05836:9:000000000-BRTMF:1:2108:3431:19623, skipping.
01-03 17:14 root         DEBUG    No ITS stop or start sites were identified for sequence M05836:9:000000000-BRTMF:1:2108:20655:24403, skipping.
01-03 17:14 root         DEBUG    No ITS stop or start sites were identified for sequence M05836:9:000000000-BRTMF:1:2109:11130:1908, skipping.
01-03 17:14 root         DEBUG    No ITS stop or start sites were identified for sequence M05836:9:000000000-BRTMF:1:2109:19301:3847, skipping.
01-03 17:14 root         DEBUG    No ITS stop or start sites were identified for sequence M05836:9:000000000-BRTMF:1:2109:11102:4257, skipping.
01-03 17:14 root         DEBUG    No ITS stop or start sites were identified for sequence M05836:9:000000000-BRTMF:1:2109:19286:12395, skipping.
01-03 17:14 root         DEBUG    No ITS stop or start sites were identified for sequence M05836:9:000000000-BRTMF:1:2109:17988:24155, skipping.
01-03 17:14 root         DEBUG    No ITS stop or start sites were identified for sequence M05836:9:000000000-BRTMF:1:2110:20825:4337, skipping.
01-03 17:14 root         DEBUG    No ITS stop or start sites were identified for sequence M05836:9:000000000-BRTMF:1:2110:26637:5047, skipping.
01-03 17:14 root         DEBUG    No ITS stop or start sites were identified for sequence M05836:9:000000000-BRTMF:1:2110:28437:11559, skipping.
01-03 17:14 root         DEBUG    No ITS stop or start sites were identified for sequence M05836:9:000000000-BRTMF:1:2110:19466:11947, skipping.
01-03 17:14 root         DEBUG    No ITS stop or start sites were identified for sequence M05836:9:000000000-BRTMF:1:2110:9810:12231, skipping.
01-03 17:14 root         DEBUG    No ITS stop or start sites were identified for sequence M05836:9:000000000-BRTMF:1:2110:4970:13970, skipping.
01-03 17:14 root         DEBUG    No ITS stop or start sites were identified for sequence M05836:9:000000000-BRTMF:1:2110:3234:15911, skipping.
01-03 17:14 root         DEBUG    No ITS stop or start sites were identified for sequence M05836:9:000000000-BRTMF:1:2110:10162:16540, skipping.
01-03 17:14 root         DEBUG    No ITS stop or start sites were identified for sequence M05836:9:000000000-BRTMF:1:2110:18317:17042, skipping.
01-03 17:14 root         DEBUG    No ITS stop or start sites were identified for sequence M05836:9:000000000-BRTMF:1:2111:6858:4062, skipping.
01-03 17:14 root         DEBUG    No ITS stop or start sites were identified for sequence M05836:9:000000000-BRTMF:1:2111:17934:5032, skipping.
01-03 17:14 root         DEBUG    No ITS stop or start sites were identified for sequence M05836:9:000000000-BRTMF:1:2111:15068:5957, skipping.
01-03 17:14 root         DEBUG    No ITS stop or start sites were identified for sequence M05836:9:000000000-BRTMF:1:2111:21803:7580, skipping.
01-03 17:14 root         DEBUG    No ITS stop or start sites were identified for sequence M05836:9:000000000-BRTMF:1:2111:21894:9605, skipping.
01-03 17:14 root         DEBUG    No ITS stop or start sites were identified for sequence M05836:9:000000000-BRTMF:1:2111:8316:14521, skipping.
01-03 17:14 root         DEBUG    No ITS stop or start sites were identified for sequence M05836:9:000000000-BRTMF:1:2111:19078:15340, skipping.
01-03 17:14 root         DEBUG    No ITS stop or start sites were identified for sequence M05836:9:000000000-BRTMF:1:2111:16243:20521, skipping.
01-03 17:14 root         DEBUG    No ITS stop or start sites were identified for sequence M05836:9:000000000-BRTMF:1:2112:17104:5971, skipping.
01-03 17:14 root         DEBUG    No ITS stop or start sites were identified for sequence M05836:9:000000000-BRTMF:1:2112:16001:6545, skipping.
01-03 17:14 root         DEBUG    No ITS stop or start sites were identified for sequence M05836:9:000000000-BRTMF:1:2112:15997:6566, skipping.
01-03 17:14 root         DEBUG    No ITS stop or start sites were identified for sequence M05836:9:000000000-BRTMF:1:2112:26964:10028, skipping.
01-03 17:14 root         DEBUG    No ITS stop or start sites were identified for sequence M05836:9:000000000-BRTMF:1:2112:26960:10045, skipping.
01-03 17:14 root         DEBUG    No ITS stop or start sites were identified for sequence M05836:9:000000000-BRTMF:1:2112:19240:10719, skipping.
01-03 17:14 root         DEBUG    No ITS stop or start sites were identified for sequence M05836:9:000000000-BRTMF:1:2112:22723:14809, skipping.
01-03 17:14 root         DEBUG    No ITS stop or start sites were identified for sequence M05836:9:000000000-BRTMF:1:2112:10356:17901, skipping.
01-03 17:14 root         DEBUG    No ITS stop or start sites were identified for sequence M05836:9:000000000-BRTMF:1:2112:16923:20007, skipping.
01-03 17:14 root         DEBUG    No ITS stop or start sites were identified for sequence M05836:9:000000000-BRTMF:1:2113:11892:1931, skipping.
01-03 17:14 root         DEBUG    No ITS stop or start sites were identified for sequence M05836:9:000000000-BRTMF:1:2113:19172:2714, skipping.
01-03 17:14 root         DEBUG    No ITS stop or start sites were identified for sequence M05836:9:000000000-BRTMF:1:2113:12638:4618, skipping.
01-03 17:14 root         DEBUG    No ITS stop or start sites were identified for sequence M05836:9:000000000-BRTMF:1:2113:25653:7866, skipping.
01-03 17:14 root         DEBUG    No ITS stop or start sites were identified for sequence M05836:9:000000000-BRTMF:1:2113:5884:9030, skipping.
01-03 17:14 root         DEBUG    No ITS stop or start sites were identified for sequence M05836:9:000000000-BRTMF:1:2113:20535:11517, skipping.
01-03 17:14 root         DEBUG    No ITS stop or start sites were identified for sequence M05836:9:000000000-BRTMF:1:2113:6176:16002, skipping.
01-03 17:14 root         DEBUG    No ITS stop or start sites were identified for sequence M05836:9:000000000-BRTMF:1:2113:22903:18245, skipping.
01-03 17:14 root         DEBUG    No ITS stop or start sites were identified for sequence M05836:9:000000000-BRTMF:1:2113:8713:18827, skipping.
01-03 17:14 root         DEBUG    No ITS stop or start sites were identified for sequence M05836:9:000000000-BRTMF:1:2113:11196:21196, skipping.
01-03 17:14 root         DEBUG    No ITS stop or start sites were identified for sequence M05836:9:000000000-BRTMF:1:2113:18084:24023, skipping.
01-03 17:14 root         DEBUG    No ITS stop or start sites were identified for sequence M05836:9:000000000-BRTMF:1:2114:12358:4400, skipping.
01-03 17:14 root         DEBUG    No ITS stop or start sites were identified for sequence M05836:9:000000000-BRTMF:1:2114:6056:15901, skipping.
01-03 17:14 root         DEBUG    No ITS stop or start sites were identified for sequence M05836:9:000000000-BRTMF:1:2114:23146:22708, skipping.
01-03 17:14 root         DEBUG    No ITS stop or start sites were identified for sequence M05836:9:000000000-BRTMF:1:2107:17054:15322, skipping.
01-03 17:14 root         DEBUG    No ITS stop or start sites were identified for sequence M05836:9:000000000-BRTMF:1:2107:17054:15322, skipping.
01-03 17:14 root         DEBUG    No ITS stop or start sites were identified for sequence M05836:9:000000000-BRTMF:1:2115:20994:16433, skipping.
01-03 17:14 root         DEBUG    No ITS stop or start sites were identified for sequence M05836:9:000000000-BRTMF:1:2115:18741:16700, skipping.
01-03 17:14 root         DEBUG    No ITS stop or start sites were identified for sequence M05836:9:000000000-BRTMF:1:2115:15050:21399, skipping.
01-03 17:14 root         DEBUG    No ITS stop or start sites were identified for sequence M05836:9:000000000-BRTMF:1:2116:19804:2347, skipping.
01-03 17:14 root         DEBUG    No ITS stop or start sites were identified for sequence M05836:9:000000000-BRTMF:1:2116:9747:3552, skipping.
01-03 17:14 root         DEBUG    No ITS stop or start sites were identified for sequence M05836:9:000000000-BRTMF:1:2116:9725:3558, skipping.
01-03 17:14 root         DEBUG    No ITS stop or start sites were identified for sequence M05836:9:000000000-BRTMF:1:2116:15596:4901, skipping.
01-03 17:14 root         DEBUG    No ITS stop or start sites were identified for sequence M05836:9:000000000-BRTMF:1:2116:11626:12210, skipping.
01-03 17:14 root         DEBUG    No ITS stop or start sites were identified for sequence M05836:9:000000000-BRTMF:1:2116:28722:15406, skipping.
01-03 17:14 root         DEBUG    No ITS stop or start sites were identified for sequence M05836:9:000000000-BRTMF:1:2116:27874:18292, skipping.
01-03 17:14 root         DEBUG    No ITS stop or start sites were identified for sequence M05836:9:000000000-BRTMF:1:2116:24182:22505, skipping.
01-03 17:14 root         DEBUG    No ITS stop or start sites were identified for sequence M05836:9:000000000-BRTMF:1:2116:24169:22517, skipping.
01-03 17:14 root         DEBUG    No ITS stop or start sites were identified for sequence M05836:9:000000000-BRTMF:1:2117:17676:3843, skipping.
01-03 17:14 root         DEBUG    No ITS stop or start sites were identified for sequence M05836:9:000000000-BRTMF:1:2117:13660:7914, skipping.
01-03 17:14 root         DEBUG    No ITS stop or start sites were identified for sequence M05836:9:000000000-BRTMF:1:2117:14961:12851, skipping.
01-03 17:14 root         DEBUG    No ITS stop or start sites were identified for sequence M05836:9:000000000-BRTMF:1:2117:5804:16650, skipping.
01-03 17:14 root         DEBUG    No ITS stop or start sites were identified for sequence M05836:9:000000000-BRTMF:1:2117:5505:21604, skipping.
01-03 17:14 root         DEBUG    No ITS stop or start sites were identified for sequence M05836:9:000000000-BRTMF:1:2117:5495:21625, skipping.
01-03 17:14 root         DEBUG    No ITS stop or start sites were identified for sequence M05836:9:000000000-BRTMF:1:2118:25055:5453, skipping.
01-03 17:14 root         DEBUG    No ITS stop or start sites were identified for sequence M05836:9:000000000-BRTMF:1:2118:5532:7936, skipping.
01-03 17:14 root         DEBUG    No ITS stop or start sites were identified for sequence M05836:9:000000000-BRTMF:1:2118:13841:13048, skipping.
01-03 17:14 root         DEBUG    No ITS stop or start sites were identified for sequence M05836:9:000000000-BRTMF:1:2118:22519:18275, skipping.
01-03 17:14 root         DEBUG    No ITS stop or start sites were identified for sequence M05836:9:000000000-BRTMF:1:2118:3712:18381, skipping.
01-03 17:14 root         DEBUG    No ITS stop or start sites were identified for sequence M05836:9:000000000-BRTMF:1:2118:17853:21400, skipping.
01-03 17:14 root         DEBUG    No ITS stop or start sites were identified for sequence M05836:9:000000000-BRTMF:1:2119:25392:4861, skipping.
01-03 17:14 root         DEBUG    No ITS stop or start sites were identified for sequence M05836:9:000000000-BRTMF:1:2119:25378:4876, skipping.
01-03 17:14 root         DEBUG    No ITS stop or start sites were identified for sequence M05836:9:000000000-BRTMF:1:2112:16923:20007, skipping.
01-03 17:14 root         DEBUG    No ITS stop or start sites were identified for sequence M05836:9:000000000-BRTMF:1:2119:15971:6317, skipping.
01-03 17:14 root         DEBUG    No ITS stop or start sites were identified for sequence M05836:9:000000000-BRTMF:1:2119:9387:8095, skipping.
01-03 17:14 root         DEBUG    No ITS stop or start sites were identified for sequence M05836:9:000000000-BRTMF:1:2119:27610:20308, skipping.
01-03 17:14 root         DEBUG    No ITS stop or start sites were identified for sequence M05836:9:000000000-BRTMF:1:2119:23131:24923, skipping.
01-03 17:14 root         INFO     ITSxpress ran in 00:00:43
